---------------------------------------------------------------
[ 2023-05-06T17:29:58+08:00 ] 192.168.31.37 POST 192.168.31.37:8001/MjkBryoaOv.php/user/user/edit/ids/4?dialog=1
[ error ] [8]未定义数组索引: activation_time
---------------------------------------------------------------
[ 2023-05-06T17:30:00+08:00 ] 192.168.31.37 POST 192.168.31.37:8001/MjkBryoaOv.php/user/user/edit/ids/4?dialog=1
[ error ] [8]未定义数组索引: activation_time
---------------------------------------------------------------
[ 2023-05-06T17:30:05+08:00 ] 192.168.31.37 POST 192.168.31.37:8001/MjkBryoaOv.php/user/user/edit/ids/4?dialog=1
[ error ] [8]未定义数组索引: activation_time
---------------------------------------------------------------
[ 2023-05-06T17:31:38+08:00 ] 192.168.31.37 GET 192.168.31.37:8001/MjkBryoaOv.php/user/user?lang=zh-cn&ref=addtabs
[运行时间：0.122892s] [吞吐率：8.14req/s] [内存消耗：654.03kb] [文件加载：77]
[ info ] [ BEHAVIOR ] Run Closure @app_init [ RunTime:0.000421s ]
[ info ] [ CACHE ] INIT File
[ info ] [ BEHAVIOR ] Run Closure @app_init [ RunTime:0.003772s ]
[ info ] [ BEHAVIOR ] Run app\common\behavior\Common @app_init [ RunTime:0.001652s ]
[ info ] [ LANG ] D:\work\WAR_investment\code\thinkphp\lang\zh-cn.php
[ info ] [ BEHAVIOR ] Run app\common\behavior\Common @app_dispatch [ RunTime:0.000824s ]
[ info ] [ ROUTE ] array (
  'type' => 'module',
  'module' => 
  array (
    0 => 'admin',
    1 => 'user.user',
    2 => NULL,
  ),
)
[ info ] [ HEADER ] array (
  'host' => '192.168.31.37:8001',
  'connection' => 'keep-alive',
  'cache-control' => 'max-age=0',
  'upgrade-insecure-requests' => '1',
  'user-agent' => 'Mozilla/5.0 (Windows NT 10.0; Win64; x64) AppleWebKit/537.36 (KHTML, like Gecko) Chrome/112.0.0.0 Safari/537.36',
  'accept' => 'text/html,application/xhtml+xml,application/xml;q=0.9,image/avif,image/webp,image/apng,*/*;q=0.8,application/signed-exchange;v=b3;q=0.7',
  'accept-encoding' => 'gzip, deflate',
  'accept-language' => 'zh-CN,zh;q=0.9',
  'cookie' => 'PHPSESSID=56jh7li9v018nac45ps2o89917; think_var=zh-cn',
)
[ info ] [ PARAM ] array (
  'lang' => 'zh-cn',
  'ref' => 'addtabs',
)
[ info ] [ LANG ] D:\work\WAR_investment\code\public/../application/admin\lang\zh-cn.php
[ info ] [ BEHAVIOR ] Run app\common\behavior\Common @module_init [ RunTime:0.005113s ]
[ info ] [ SESSION ] INIT array (
  'id' => '',
  'var_session_id' => '',
  'prefix' => 'think',
  'type' => '',
  'auto_start' => true,
)
[ info ] [ DB ] INIT mysql
[ info ] [ BEHAVIOR ] Run app\admin\behavior\AdminLog @app_end [ RunTime:0.001315s ]
[ info ] [ LOG ] INIT File
---------------------------------------------------------------
[ 2023-05-06T17:31:38+08:00 ] 192.168.31.37 GET 192.168.31.37:8001/MjkBryoaOv.php/index/index
[运行时间：0.317292s] [吞吐率：3.15req/s] [内存消耗：822.66kb] [文件加载：84]
[ info ] [ BEHAVIOR ] Run Closure @app_init [ RunTime:0.000436s ]
[ info ] [ CACHE ] INIT File
[ info ] [ BEHAVIOR ] Run Closure @app_init [ RunTime:0.003791s ]
[ info ] [ BEHAVIOR ] Run app\common\behavior\Common @app_init [ RunTime:0.001343s ]
[ info ] [ LANG ] D:\work\WAR_investment\code\thinkphp\lang\zh-cn.php
[ info ] [ BEHAVIOR ] Run app\common\behavior\Common @app_dispatch [ RunTime:0.000861s ]
[ info ] [ ROUTE ] array (
  'type' => 'module',
  'module' => 
  array (
    0 => 'admin',
    1 => 'index',
    2 => 'index',
  ),
)
[ info ] [ HEADER ] array (
  'host' => '192.168.31.37:8001',
  'connection' => 'keep-alive',
  'cache-control' => 'max-age=0',
  'upgrade-insecure-requests' => '1',
  'user-agent' => 'Mozilla/5.0 (Windows NT 10.0; Win64; x64) AppleWebKit/537.36 (KHTML, like Gecko) Chrome/112.0.0.0 Safari/537.36',
  'accept' => 'text/html,application/xhtml+xml,application/xml;q=0.9,image/avif,image/webp,image/apng,*/*;q=0.8,application/signed-exchange;v=b3;q=0.7',
  'accept-encoding' => 'gzip, deflate',
  'accept-language' => 'zh-CN,zh;q=0.9',
  'cookie' => 'PHPSESSID=56jh7li9v018nac45ps2o89917; think_var=zh-cn',
)
[ info ] [ PARAM ] array (
)
[ info ] [ LANG ] D:\work\WAR_investment\code\public/../application/admin\lang\zh-cn.php
[ info ] [ BEHAVIOR ] Run app\common\behavior\Common @module_init [ RunTime:0.003789s ]
[ info ] [ SESSION ] INIT array (
  'id' => '',
  'var_session_id' => '',
  'prefix' => 'think',
  'type' => '',
  'auto_start' => true,
)
[ info ] [ LANG ] D:\work\WAR_investment\code\public/../application/admin/lang/zh-cn/index.php
[ info ] [ RUN ] app\admin\controller\Index->index[ D:\work\WAR_investment\code\application\admin\controller\Index.php ]
[ info ] [ DB ] INIT mysql
[ info ] [ VIEW ] D:\work\WAR_investment\code\public/../application/admin\view\index\index.html [ array (
  0 => 'breadcrumb',
  1 => 'site',
  2 => 'config',
  3 => 'auth',
  4 => 'admin',
  5 => 'menulist',
  6 => 'navlist',
  7 => 'fixedmenu',
  8 => 'referermenu',
  9 => 'title',
) ]
[ info ] [ BEHAVIOR ] Run app\admin\behavior\AdminLog @app_end [ RunTime:0.001247s ]
[ info ] [ LOG ] INIT File
---------------------------------------------------------------
[ 2023-05-06T17:31:39+08:00 ] 192.168.31.37 GET 192.168.31.37:8001/MjkBryoaOv.php/dashboard?addtabs=1
[运行时间：0.359268s] [吞吐率：2.78req/s] [内存消耗：832.22kb] [文件加载：83]
[ info ] [ BEHAVIOR ] Run Closure @app_init [ RunTime:0.000455s ]
[ info ] [ CACHE ] INIT File
[ info ] [ BEHAVIOR ] Run Closure @app_init [ RunTime:0.004021s ]
[ info ] [ BEHAVIOR ] Run app\common\behavior\Common @app_init [ RunTime:0.001701s ]
[ info ] [ LANG ] D:\work\WAR_investment\code\thinkphp\lang\zh-cn.php
[ info ] [ BEHAVIOR ] Run app\common\behavior\Common @app_dispatch [ RunTime:0.000811s ]
[ info ] [ ROUTE ] array (
  'type' => 'module',
  'module' => 
  array (
    0 => 'admin',
    1 => 'dashboard',
    2 => NULL,
  ),
)
[ info ] [ HEADER ] array (
  'host' => '192.168.31.37:8001',
  'connection' => 'keep-alive',
  'upgrade-insecure-requests' => '1',
  'user-agent' => 'Mozilla/5.0 (Windows NT 10.0; Win64; x64) AppleWebKit/537.36 (KHTML, like Gecko) Chrome/112.0.0.0 Safari/537.36',
  'accept' => 'text/html,application/xhtml+xml,application/xml;q=0.9,image/avif,image/webp,image/apng,*/*;q=0.8,application/signed-exchange;v=b3;q=0.7',
  'accept-encoding' => 'gzip, deflate',
  'accept-language' => 'zh-CN,zh;q=0.9',
  'cookie' => 'PHPSESSID=56jh7li9v018nac45ps2o89917; think_var=zh-cn',
)
[ info ] [ PARAM ] array (
  'addtabs' => '1',
)
[ info ] [ LANG ] D:\work\WAR_investment\code\public/../application/admin\lang\zh-cn.php
[ info ] [ BEHAVIOR ] Run app\common\behavior\Common @module_init [ RunTime:0.003677s ]
[ info ] [ SESSION ] INIT array (
  'id' => '',
  'var_session_id' => '',
  'prefix' => 'think',
  'type' => '',
  'auto_start' => true,
)
[ info ] [ DB ] INIT mysql
[ info ] [ LANG ] D:\work\WAR_investment\code\public/../application/admin/lang/zh-cn/dashboard.php
[ info ] [ RUN ] app\admin\controller\Dashboard->index[ D:\work\WAR_investment\code\application\admin\controller\Dashboard.php ]
[ info ] [ VIEW ] D:\work\WAR_investment\code\public/../application/admin\view\dashboard\index.html [ array (
  0 => 'breadcrumb',
  1 => 'site',
  2 => 'config',
  3 => 'auth',
  4 => 'admin',
  5 => 'totaluser',
  6 => 'totaladdon',
  7 => 'totaladmin',
  8 => 'totalcategory',
  9 => 'todayusersignup',
  10 => 'todayuserlogin',
  11 => 'sevendau',
  12 => 'thirtydau',
  13 => 'threednu',
  14 => 'sevendnu',
  15 => 'dbtablenums',
  16 => 'dbsize',
  17 => 'totalworkingaddon',
  18 => 'attachmentnums',
  19 => 'attachmentsize',
  20 => 'picturenums',
  21 => 'picturesize',
) ]
[ info ] [ BEHAVIOR ] Run app\admin\behavior\AdminLog @app_end [ RunTime:0.001270s ]
[ info ] [ LOG ] INIT File
---------------------------------------------------------------
[ 2023-05-06T17:31:39+08:00 ] 192.168.31.37 GET 192.168.31.37:8001/MjkBryoaOv.php/ajax/lang?callback=define&controllername=index&lang=zh-cn&v=1683365498&v=1683365498
[运行时间：0.319525s] [吞吐率：3.13req/s] [内存消耗：418.35kb] [文件加载：73]
[ info ] [ BEHAVIOR ] Run Closure @app_init [ RunTime:0.000451s ]
[ info ] [ CACHE ] INIT File
[ info ] [ BEHAVIOR ] Run Closure @app_init [ RunTime:0.003926s ]
[ info ] [ BEHAVIOR ] Run app\common\behavior\Common @app_init [ RunTime:0.001801s ]
[ info ] [ LANG ] D:\work\WAR_investment\code\thinkphp\lang\zh-cn.php
[ info ] [ BEHAVIOR ] Run app\common\behavior\Common @app_dispatch [ RunTime:0.000810s ]
[ info ] [ ROUTE ] array (
  'type' => 'module',
  'module' => 
  array (
    0 => 'admin',
    1 => 'ajax',
    2 => 'lang',
  ),
)
[ info ] [ HEADER ] array (
  'host' => '192.168.31.37:8001',
  'connection' => 'keep-alive',
  'user-agent' => 'Mozilla/5.0 (Windows NT 10.0; Win64; x64) AppleWebKit/537.36 (KHTML, like Gecko) Chrome/112.0.0.0 Safari/537.36',
  'accept' => '*/*',
  'accept-encoding' => 'gzip, deflate',
  'accept-language' => 'zh-CN,zh;q=0.9',
  'cookie' => 'PHPSESSID=56jh7li9v018nac45ps2o89917; think_var=zh-cn',
)
[ info ] [ PARAM ] array (
  'callback' => 'define',
  'controllername' => 'index',
  'lang' => 'zh-cn',
  'v' => '1683365498',
)
[ info ] [ LANG ] D:\work\WAR_investment\code\public/../application/admin\lang\zh-cn.php
[ info ] [ BEHAVIOR ] Run app\common\behavior\Common @module_init [ RunTime:0.004933s ]
[ info ] [ SESSION ] INIT array (
  'id' => '',
  'var_session_id' => '',
  'prefix' => 'think',
  'type' => '',
  'auto_start' => true,
)
[ info ] [ LANG ] D:\work\WAR_investment\code\public/../application/admin/lang/zh-cn/ajax.php
[ info ] [ RUN ] app\admin\controller\Ajax->lang[ D:\work\WAR_investment\code\application\admin\controller\Ajax.php ]
[ info ] [ LANG ] D:\work\WAR_investment\code\public/../application/admin/lang/zh-cn/index.php
[ info ] [ BEHAVIOR ] Run app\admin\behavior\AdminLog @app_end [ RunTime:0.001216s ]
[ info ] [ LOG ] INIT File
---------------------------------------------------------------
[ 2023-05-06T17:31:39+08:00 ] 192.168.31.37 GET 192.168.31.37:8001/MjkBryoaOv.php/ajax/lang?callback=define&controllername=dashboard&lang=zh-cn&v=1683365499&v=1683365499
[运行时间：0.093693s] [吞吐率：10.67req/s] [内存消耗：401.27kb] [文件加载：73]
[ info ] [ BEHAVIOR ] Run Closure @app_init [ RunTime:0.000727s ]
[ info ] [ CACHE ] INIT File
[ info ] [ BEHAVIOR ] Run Closure @app_init [ RunTime:0.003717s ]
[ info ] [ BEHAVIOR ] Run app\common\behavior\Common @app_init [ RunTime:0.001374s ]
[ info ] [ LANG ] D:\work\WAR_investment\code\thinkphp\lang\zh-cn.php
[ info ] [ BEHAVIOR ] Run app\common\behavior\Common @app_dispatch [ RunTime:0.000849s ]
[ info ] [ ROUTE ] array (
  'type' => 'module',
  'module' => 
  array (
    0 => 'admin',
    1 => 'ajax',
    2 => 'lang',
  ),
)
[ info ] [ HEADER ] array (
  'host' => '192.168.31.37:8001',
  'connection' => 'keep-alive',
  'user-agent' => 'Mozilla/5.0 (Windows NT 10.0; Win64; x64) AppleWebKit/537.36 (KHTML, like Gecko) Chrome/112.0.0.0 Safari/537.36',
  'accept' => '*/*',
  'accept-encoding' => 'gzip, deflate',
  'accept-language' => 'zh-CN,zh;q=0.9',
  'cookie' => 'PHPSESSID=56jh7li9v018nac45ps2o89917; think_var=zh-cn',
)
[ info ] [ PARAM ] array (
  'callback' => 'define',
  'controllername' => 'dashboard',
  'lang' => 'zh-cn',
  'v' => '1683365499',
)
[ info ] [ LANG ] D:\work\WAR_investment\code\public/../application/admin\lang\zh-cn.php
[ info ] [ BEHAVIOR ] Run app\common\behavior\Common @module_init [ RunTime:0.005652s ]
[ info ] [ SESSION ] INIT array (
  'id' => '',
  'var_session_id' => '',
  'prefix' => 'think',
  'type' => '',
  'auto_start' => true,
)
[ info ] [ LANG ] D:\work\WAR_investment\code\public/../application/admin/lang/zh-cn/ajax.php
[ info ] [ RUN ] app\admin\controller\Ajax->lang[ D:\work\WAR_investment\code\application\admin\controller\Ajax.php ]
[ info ] [ LANG ] D:\work\WAR_investment\code\public/../application/admin/lang/zh-cn/dashboard.php
[ info ] [ BEHAVIOR ] Run app\admin\behavior\AdminLog @app_end [ RunTime:0.001181s ]
[ info ] [ LOG ] INIT File
---------------------------------------------------------------
[ 2023-05-06T17:31:39+08:00 ] 192.168.31.37 GET 192.168.31.37:8001/MjkBryoaOv.php/user/user?lang=zh-cn&addtabs=1
[运行时间：0.150357s] [吞吐率：6.65req/s] [内存消耗：679.84kb] [文件加载：80]
[ info ] [ BEHAVIOR ] Run Closure @app_init [ RunTime:0.000440s ]
[ info ] [ CACHE ] INIT File
[ info ] [ BEHAVIOR ] Run Closure @app_init [ RunTime:0.003637s ]
[ info ] [ BEHAVIOR ] Run app\common\behavior\Common @app_init [ RunTime:0.001410s ]
[ info ] [ LANG ] D:\work\WAR_investment\code\thinkphp\lang\zh-cn.php
[ info ] [ BEHAVIOR ] Run app\common\behavior\Common @app_dispatch [ RunTime:0.000810s ]
[ info ] [ ROUTE ] array (
  'type' => 'module',
  'module' => 
  array (
    0 => 'admin',
    1 => 'user.user',
    2 => NULL,
  ),
)
[ info ] [ HEADER ] array (
  'host' => '192.168.31.37:8001',
  'connection' => 'keep-alive',
  'upgrade-insecure-requests' => '1',
  'user-agent' => 'Mozilla/5.0 (Windows NT 10.0; Win64; x64) AppleWebKit/537.36 (KHTML, like Gecko) Chrome/112.0.0.0 Safari/537.36',
  'accept' => 'text/html,application/xhtml+xml,application/xml;q=0.9,image/avif,image/webp,image/apng,*/*;q=0.8,application/signed-exchange;v=b3;q=0.7',
  'accept-encoding' => 'gzip, deflate',
  'accept-language' => 'zh-CN,zh;q=0.9',
  'cookie' => 'PHPSESSID=56jh7li9v018nac45ps2o89917; think_var=zh-cn',
)
[ info ] [ PARAM ] array (
  'lang' => 'zh-cn',
  'addtabs' => '1',
)
[ info ] [ LANG ] D:\work\WAR_investment\code\public/../application/admin\lang\zh-cn.php
[ info ] [ BEHAVIOR ] Run app\common\behavior\Common @module_init [ RunTime:0.004823s ]
[ info ] [ SESSION ] INIT array (
  'id' => '',
  'var_session_id' => '',
  'prefix' => 'think',
  'type' => '',
  'auto_start' => true,
)
[ info ] [ DB ] INIT mysql
[ info ] [ LANG ] D:\work\WAR_investment\code\public/../application/admin/lang/zh-cn/user/user.php
[ info ] [ RUN ] app\admin\controller\user\User->index[ D:\work\WAR_investment\code\application\admin\controller\user\User.php ]
[ info ] [ VIEW ] D:\work\WAR_investment\code\public/../application/admin\view\user\user\index.html [ array (
  0 => 'breadcrumb',
  1 => 'site',
  2 => 'config',
  3 => 'auth',
  4 => 'admin',
) ]
[ info ] [ BEHAVIOR ] Run app\admin\behavior\AdminLog @app_end [ RunTime:0.001112s ]
[ info ] [ LOG ] INIT File
---------------------------------------------------------------
[ 2023-05-06T17:31:40+08:00 ] 192.168.31.37 GET 192.168.31.37:8001/MjkBryoaOv.php/ajax/lang?callback=define&controllername=user.user&lang=zh-cn&v=1683365499&v=1683365499
[运行时间：0.079711s] [吞吐率：12.55req/s] [内存消耗：400.26kb] [文件加载：73]
[ info ] [ BEHAVIOR ] Run Closure @app_init [ RunTime:0.000444s ]
[ info ] [ CACHE ] INIT File
[ info ] [ BEHAVIOR ] Run Closure @app_init [ RunTime:0.003562s ]
[ info ] [ BEHAVIOR ] Run app\common\behavior\Common @app_init [ RunTime:0.001292s ]
[ info ] [ LANG ] D:\work\WAR_investment\code\thinkphp\lang\zh-cn.php
[ info ] [ BEHAVIOR ] Run app\common\behavior\Common @app_dispatch [ RunTime:0.000804s ]
[ info ] [ ROUTE ] array (
  'type' => 'module',
  'module' => 
  array (
    0 => 'admin',
    1 => 'ajax',
    2 => 'lang',
  ),
)
[ info ] [ HEADER ] array (
  'host' => '192.168.31.37:8001',
  'connection' => 'keep-alive',
  'user-agent' => 'Mozilla/5.0 (Windows NT 10.0; Win64; x64) AppleWebKit/537.36 (KHTML, like Gecko) Chrome/112.0.0.0 Safari/537.36',
  'accept' => '*/*',
  'accept-encoding' => 'gzip, deflate',
  'accept-language' => 'zh-CN,zh;q=0.9',
  'cookie' => 'PHPSESSID=56jh7li9v018nac45ps2o89917; think_var=zh-cn',
)
[ info ] [ PARAM ] array (
  'callback' => 'define',
  'controllername' => 'user.user',
  'lang' => 'zh-cn',
  'v' => '1683365499',
)
[ info ] [ LANG ] D:\work\WAR_investment\code\public/../application/admin\lang\zh-cn.php
[ info ] [ BEHAVIOR ] Run app\common\behavior\Common @module_init [ RunTime:0.004581s ]
[ info ] [ SESSION ] INIT array (
  'id' => '',
  'var_session_id' => '',
  'prefix' => 'think',
  'type' => '',
  'auto_start' => true,
)
[ info ] [ LANG ] D:\work\WAR_investment\code\public/../application/admin/lang/zh-cn/ajax.php
[ info ] [ RUN ] app\admin\controller\Ajax->lang[ D:\work\WAR_investment\code\application\admin\controller\Ajax.php ]
[ info ] [ LANG ] D:\work\WAR_investment\code\public/../application/admin/lang/zh-cn/user/user.php
[ info ] [ BEHAVIOR ] Run app\admin\behavior\AdminLog @app_end [ RunTime:0.001103s ]
[ info ] [ LOG ] INIT File
---------------------------------------------------------------
[ 2023-05-06T17:31:40+08:00 ] 192.168.31.37 GET 192.168.31.37:8001/MjkBryoaOv.php/user/user/index?sort=user.id&order=desc&offset=0&limit=10&filter=%7B%7D&op=%7B%7D&_=1683365500124
[运行时间：0.291099s] [吞吐率：3.44req/s] [内存消耗：824.27kb] [文件加载：86]
[ info ] [ BEHAVIOR ] Run Closure @app_init [ RunTime:0.000468s ]
[ info ] [ CACHE ] INIT File
[ info ] [ BEHAVIOR ] Run Closure @app_init [ RunTime:0.003705s ]
[ info ] [ BEHAVIOR ] Run app\common\behavior\Common @app_init [ RunTime:0.002084s ]
[ info ] [ LANG ] D:\work\WAR_investment\code\thinkphp\lang\zh-cn.php
[ info ] [ BEHAVIOR ] Run app\common\behavior\Common @app_dispatch [ RunTime:0.000818s ]
[ info ] [ ROUTE ] array (
  'type' => 'module',
  'module' => 
  array (
    0 => 'admin',
    1 => 'user.user',
    2 => 'index',
  ),
)
[ info ] [ HEADER ] array (
  'host' => '192.168.31.37:8001',
  'connection' => 'keep-alive',
  'accept' => 'application/json, text/javascript, */*; q=0.01',
  'x-requested-with' => 'XMLHttpRequest',
  'user-agent' => 'Mozilla/5.0 (Windows NT 10.0; Win64; x64) AppleWebKit/537.36 (KHTML, like Gecko) Chrome/112.0.0.0 Safari/537.36',
  'content-type' => 'application/json',
  'accept-encoding' => 'gzip, deflate',
  'accept-language' => 'zh-CN,zh;q=0.9',
  'cookie' => 'PHPSESSID=56jh7li9v018nac45ps2o89917; think_var=zh-cn',
)
[ info ] [ PARAM ] array (
  'sort' => 'user.id',
  'order' => 'desc',
  'offset' => '0',
  'limit' => '10',
  'filter' => '{}',
  'op' => '{}',
  '_' => '1683365500124',
)
[ info ] [ LANG ] D:\work\WAR_investment\code\public/../application/admin\lang\zh-cn.php
[ info ] [ BEHAVIOR ] Run app\common\behavior\Common @module_init [ RunTime:0.003340s ]
[ info ] [ SESSION ] INIT array (
  'id' => '',
  'var_session_id' => '',
  'prefix' => 'think',
  'type' => '',
  'auto_start' => true,
)
[ info ] [ DB ] INIT mysql
[ info ] [ LANG ] D:\work\WAR_investment\code\public/../application/admin/lang/zh-cn/user/user.php
[ info ] [ RUN ] app\admin\controller\user\User->index[ D:\work\WAR_investment\code\application\admin\controller\user\User.php ]
[ info ] [ BEHAVIOR ] Run app\admin\behavior\AdminLog @app_end [ RunTime:0.001138s ]
[ info ] [ LOG ] INIT File
---------------------------------------------------------------
[ 2023-05-06T17:55:40+08:00 ] 192.168.31.37 POST 192.168.31.37:8001/api/bank_card/bindBankCard
[运行时间：0.176077s] [吞吐率：5.68req/s] [内存消耗：616.66kb] [文件加载：75]
[ info ] [ BEHAVIOR ] Run Closure @app_init [ RunTime:0.000412s ]
[ info ] [ CACHE ] INIT File
[ info ] [ BEHAVIOR ] Run Closure @app_init [ RunTime:0.004443s ]
[ info ] [ BEHAVIOR ] Run app\common\behavior\Common @app_init [ RunTime:0.001657s ]
[ info ] [ LANG ] D:\work\WAR_investment\code\thinkphp\lang\zh-cn.php
[ info ] [ BEHAVIOR ] Run app\common\behavior\Common @app_dispatch [ RunTime:0.000835s ]
[ info ] [ ROUTE ] array (
  'type' => 'module',
  'module' => 
  array (
    0 => 'api',
    1 => 'bank_card',
    2 => 'bindBankCard',
  ),
)
[ info ] [ HEADER ] array (
  'host' => '192.168.31.37:8001',
  'connection' => 'keep-alive',
  'content-length' => '383',
  'accept' => 'application/json',
  'accept-encoding' => 'gzip, deflate',
  'accept-language' => 'zh-CN',
  'content-type' => 'multipart/form-data; boundary=----WebKitFormBoundary5RoAjRcwuvwIBhMB',
  'user-agent' => 'Mozilla/5.0 (Windows NT 10.0; Win64; x64) AppleWebKit/537.36 (KHTML, like Gecko) runapi/2.0.5 Chrome/80.0.3987.163 Electron/8.5.5 Safari/537.36',
  'token' => 'b0a2b15a-4928-4a9c-9c53-9452daebb773',
)
[ info ] [ PARAM ] array (
  'bank_name' => '中国工商银行',
  'card_number' => '423456897165456496',
  'card_holder_name' => '你猜',
)
[ info ] [ LANG ] D:\work\WAR_investment\code\public/../application/api\lang\zh-cn.php
[ info ] [ BEHAVIOR ] Run app\common\behavior\Common @module_init [ RunTime:0.004070s ]
[ info ] [ TOKEN ] INIT Mysql
[ info ] [ DB ] INIT mysql
[ info ] [ RUN ] app\api\controller\BankCard->bindBankCard[ D:\work\WAR_investment\code\application\api\controller\BankCard.php ]
[ info ] [ LOG ] INIT File
---------------------------------------------------------------
[ 2023-05-06T17:56:31+08:00 ] 192.168.31.37 POST 192.168.31.37:8001/api/bank_card/bindBankCard
[运行时间：0.149032s] [吞吐率：6.71req/s] [内存消耗：647.98kb] [文件加载：76]
[ info ] [ BEHAVIOR ] Run Closure @app_init [ RunTime:0.000415s ]
[ info ] [ CACHE ] INIT File
[ info ] [ BEHAVIOR ] Run Closure @app_init [ RunTime:0.003695s ]
[ info ] [ BEHAVIOR ] Run app\common\behavior\Common @app_init [ RunTime:0.001486s ]
[ info ] [ LANG ] D:\work\WAR_investment\code\thinkphp\lang\zh-cn.php
[ info ] [ BEHAVIOR ] Run app\common\behavior\Common @app_dispatch [ RunTime:0.000845s ]
[ info ] [ ROUTE ] array (
  'type' => 'module',
  'module' => 
  array (
    0 => 'api',
    1 => 'bank_card',
    2 => 'bindBankCard',
  ),
)
[ info ] [ HEADER ] array (
  'host' => '192.168.31.37:8001',
  'connection' => 'keep-alive',
  'content-length' => '383',
  'accept' => 'application/json',
  'accept-encoding' => 'gzip, deflate',
  'accept-language' => 'zh-CN',
  'content-type' => 'multipart/form-data; boundary=----WebKitFormBoundaryaaveN5R6AdSSfWy5',
  'user-agent' => 'Mozilla/5.0 (Windows NT 10.0; Win64; x64) AppleWebKit/537.36 (KHTML, like Gecko) runapi/2.0.5 Chrome/80.0.3987.163 Electron/8.5.5 Safari/537.36',
  'token' => 'b0a2b15a-4928-4a9c-9c53-9452daebb773',
)
[ info ] [ PARAM ] array (
  'bank_name' => '中国工商银行',
  'card_number' => '423456897165456496',
  'card_holder_name' => '你猜',
)
[ info ] [ LANG ] D:\work\WAR_investment\code\public/../application/api\lang\zh-cn.php
[ info ] [ BEHAVIOR ] Run app\common\behavior\Common @module_init [ RunTime:0.003670s ]
[ info ] [ TOKEN ] INIT Mysql
[ info ] [ DB ] INIT mysql
[ info ] [ RUN ] app\api\controller\BankCard->bindBankCard[ D:\work\WAR_investment\code\application\api\controller\BankCard.php ]
[ info ] [ LOG ] INIT File
---------------------------------------------------------------
[ 2023-05-06T17:56:40+08:00 ] 192.168.31.37 POST 192.168.31.37:8001/api/bank_card/bindBankCard
[运行时间：0.158114s] [吞吐率：6.32req/s] [内存消耗：615.31kb] [文件加载：75]
[ info ] [ BEHAVIOR ] Run Closure @app_init [ RunTime:0.000410s ]
[ info ] [ CACHE ] INIT File
[ info ] [ BEHAVIOR ] Run Closure @app_init [ RunTime:0.003550s ]
[ info ] [ BEHAVIOR ] Run app\common\behavior\Common @app_init [ RunTime:0.001361s ]
[ info ] [ LANG ] D:\work\WAR_investment\code\thinkphp\lang\zh-cn.php
[ info ] [ BEHAVIOR ] Run app\common\behavior\Common @app_dispatch [ RunTime:0.000840s ]
[ info ] [ ROUTE ] array (
  'type' => 'module',
  'module' => 
  array (
    0 => 'api',
    1 => 'bank_card',
    2 => 'bindBankCard',
  ),
)
[ info ] [ HEADER ] array (
  'host' => '192.168.31.37:8001',
  'connection' => 'keep-alive',
  'content-length' => '386',
  'accept' => 'application/json',
  'accept-encoding' => 'gzip, deflate',
  'accept-language' => 'zh-CN',
  'content-type' => 'multipart/form-data; boundary=----WebKitFormBoundaryImgwhALeix7vvnBf',
  'user-agent' => 'Mozilla/5.0 (Windows NT 10.0; Win64; x64) AppleWebKit/537.36 (KHTML, like Gecko) runapi/2.0.5 Chrome/80.0.3987.163 Electron/8.5.5 Safari/537.36',
  'token' => 'b0a2b15a-4928-4a9c-9c53-9452daebb773',
)
[ info ] [ PARAM ] array (
  'bank_name' => '中国工商银行',
  'card_number' => '423456897165456496123',
  'card_holder_name' => '你猜',
)
[ info ] [ LANG ] D:\work\WAR_investment\code\public/../application/api\lang\zh-cn.php
[ info ] [ BEHAVIOR ] Run app\common\behavior\Common @module_init [ RunTime:0.003589s ]
[ info ] [ TOKEN ] INIT Mysql
[ info ] [ DB ] INIT mysql
[ info ] [ RUN ] app\api\controller\BankCard->bindBankCard[ D:\work\WAR_investment\code\application\api\controller\BankCard.php ]
[ info ] [ LOG ] INIT File
---------------------------------------------------------------
[ 2023-05-06T18:04:41+08:00 ] 192.168.31.37 POST 192.168.31.37:8001/api/bank_card/userDelBankCard
[运行时间：0.158846s] [吞吐率：6.30req/s] [内存消耗：611.38kb] [文件加载：75]
[ info ] [ BEHAVIOR ] Run Closure @app_init [ RunTime:0.000408s ]
[ info ] [ CACHE ] INIT File
[ info ] [ BEHAVIOR ] Run Closure @app_init [ RunTime:0.004236s ]
[ info ] [ BEHAVIOR ] Run app\common\behavior\Common @app_init [ RunTime:0.001880s ]
[ info ] [ LANG ] D:\work\WAR_investment\code\thinkphp\lang\zh-cn.php
[ info ] [ BEHAVIOR ] Run app\common\behavior\Common @app_dispatch [ RunTime:0.000848s ]
[ info ] [ ROUTE ] array (
  'type' => 'module',
  'module' => 
  array (
    0 => 'api',
    1 => 'bank_card',
    2 => 'userDelBankCard',
  ),
)
[ info ] [ HEADER ] array (
  'host' => '192.168.31.37:8001',
  'connection' => 'keep-alive',
  'content-length' => '134',
  'accept' => 'application/json',
  'accept-encoding' => 'gzip, deflate',
  'accept-language' => 'zh-CN',
  'content-type' => 'multipart/form-data; boundary=----WebKitFormBoundaryaVBZzrYYxcGOdoAk',
  'user-agent' => 'Mozilla/5.0 (Windows NT 10.0; Win64; x64) AppleWebKit/537.36 (KHTML, like Gecko) runapi/2.0.5 Chrome/80.0.3987.163 Electron/8.5.5 Safari/537.36',
  'token' => 'b0a2b15a-4928-4a9c-9c53-9452daebb773',
)
[ info ] [ PARAM ] array (
  'id' => '1',
)
[ info ] [ LANG ] D:\work\WAR_investment\code\public/../application/api\lang\zh-cn.php
[ info ] [ BEHAVIOR ] Run app\common\behavior\Common @module_init [ RunTime:0.003831s ]
[ info ] [ TOKEN ] INIT Mysql
[ info ] [ DB ] INIT mysql
[ info ] [ RUN ] app\api\controller\BankCard->userDelBankCard[ D:\work\WAR_investment\code\application\api\controller\BankCard.php ]
[ info ] [ LOG ] INIT File
