---------------------------------------------------------------
[ 2023-05-10T10:19:52+08:00 ] 192.168.31.37 GET 192.168.31.37:8001/MjkBryoaOv.php/index/login
[运行时间：0.157045s] [吞吐率：6.37req/s] [内存消耗：670.09kb] [文件加载：72]
[ info ] [ BEHAVIOR ] Run Closure @app_init [ RunTime:0.002248s ]
[ info ] [ CACHE ] INIT File
[ info ] [ BEHAVIOR ] Run Closure @app_init [ RunTime:0.007682s ]
[ info ] [ BEHAVIOR ] Run app\common\behavior\Common @app_init [ RunTime:0.002937s ]
[ info ] [ LANG ] D:\work\WAR_investment\code\thinkphp\lang\zh-cn.php
[ info ] [ BEHAVIOR ] Run app\common\behavior\Common @app_dispatch [ RunTime:0.000844s ]
[ info ] [ ROUTE ] array (
  'type' => 'module',
  'module' => 
  array (
    0 => 'admin',
    1 => 'index',
    2 => 'login',
  ),
)
[ info ] [ HEADER ] array (
  'host' => '192.168.31.37:8001',
  'connection' => 'keep-alive',
  'upgrade-insecure-requests' => '1',
  'user-agent' => 'Mozilla/5.0 (Windows NT 10.0; Win64; x64) AppleWebKit/537.36 (KHTML, like Gecko) Chrome/112.0.0.0 Safari/537.36',
  'accept' => 'text/html,application/xhtml+xml,application/xml;q=0.9,image/avif,image/webp,image/apng,*/*;q=0.8,application/signed-exchange;v=b3;q=0.7',
  'accept-encoding' => 'gzip, deflate',
  'accept-language' => 'zh-CN,zh;q=0.9',
)
[ info ] [ PARAM ] array (
)
[ info ] [ LANG ] D:\work\WAR_investment\code\public/../application/admin\lang\zh-cn.php
[ info ] [ BEHAVIOR ] Run app\common\behavior\Common @module_init [ RunTime:0.005505s ]
[ info ] [ SESSION ] INIT array (
  'id' => '',
  'var_session_id' => '',
  'prefix' => 'think',
  'type' => '',
  'auto_start' => true,
)
[ info ] [ LANG ] D:\work\WAR_investment\code\public/../application/admin/lang/zh-cn/index.php
[ info ] [ RUN ] app\admin\controller\Index->login[ D:\work\WAR_investment\code\application\admin\controller\Index.php ]
[ info ] [ VIEW ] D:\work\WAR_investment\code\public/../application/admin\view\index\login.html [ array (
  0 => 'breadcrumb',
  1 => 'site',
  2 => 'config',
  3 => 'auth',
  4 => 'admin',
  5 => 'background',
  6 => 'title',
) ]
[ info ] [ BEHAVIOR ] Run app\admin\behavior\AdminLog @app_end [ RunTime:0.001720s ]
[ info ] [ LOG ] INIT File
---------------------------------------------------------------
[ 2023-05-10T10:19:52+08:00 ] 192.168.31.37 GET 192.168.31.37:8001/index.php?s=/captcha
[运行时间：0.069640s] [吞吐率：14.36req/s] [内存消耗：254.74kb] [文件加载：53]
[ info ] [ BEHAVIOR ] Run Closure @app_init [ RunTime:0.000436s ]
[ info ] [ CACHE ] INIT File
[ info ] [ BEHAVIOR ] Run Closure @app_init [ RunTime:0.003433s ]
[ info ] [ BEHAVIOR ] Run app\common\behavior\Common @app_init [ RunTime:0.001442s ]
[ info ] [ LANG ] D:\work\WAR_investment\code\thinkphp\lang\zh-cn.php
[ info ] [ BEHAVIOR ] Run app\common\behavior\Common @app_dispatch [ RunTime:0.000996s ]
[ info ] [ ROUTE ] array (
  'type' => 'method',
  'method' => 
  array (
    0 => '\\think\\captcha\\CaptchaController',
    1 => 'index',
  ),
  'var' => 
  array (
  ),
)
[ info ] [ HEADER ] array (
  'host' => '192.168.31.37:8001',
  'connection' => 'keep-alive',
  'user-agent' => 'Mozilla/5.0 (Windows NT 10.0; Win64; x64) AppleWebKit/537.36 (KHTML, like Gecko) Chrome/112.0.0.0 Safari/537.36',
  'accept' => 'image/avif,image/webp,image/apng,image/svg+xml,image/*,*/*;q=0.8',
  'accept-encoding' => 'gzip, deflate',
  'accept-language' => 'zh-CN,zh;q=0.9',
  'cookie' => 'PHPSESSID=c9l9cnej4tq4n9vqn6tqt0vv4u',
)
[ info ] [ PARAM ] array (
  'id' => NULL,
)
[ info ] [ RUN ] think\captcha\CaptchaController->index[ D:\work\WAR_investment\code\vendor\topthink\think-captcha\src\CaptchaController.php ]
[ info ] [ SESSION ] INIT array (
  'id' => '',
  'var_session_id' => '',
  'prefix' => 'think',
  'type' => '',
  'auto_start' => true,
)
[ info ] [ LOG ] INIT File
---------------------------------------------------------------
[ 2023-05-10T10:19:56+08:00 ] 192.168.31.37 GET 192.168.31.37:8001/MjkBryoaOv.php/ajax/lang?callback=define&controllername=index&lang=zh-cn&v=1683685192&v=1683685192
[运行时间：0.091188s] [吞吐率：10.97req/s] [内存消耗：418.65kb] [文件加载：73]
[ info ] [ BEHAVIOR ] Run Closure @app_init [ RunTime:0.000448s ]
[ info ] [ CACHE ] INIT File
[ info ] [ BEHAVIOR ] Run Closure @app_init [ RunTime:0.003762s ]
[ info ] [ BEHAVIOR ] Run app\common\behavior\Common @app_init [ RunTime:0.001577s ]
[ info ] [ LANG ] D:\work\WAR_investment\code\thinkphp\lang\zh-cn.php
[ info ] [ BEHAVIOR ] Run app\common\behavior\Common @app_dispatch [ RunTime:0.000806s ]
[ info ] [ ROUTE ] array (
  'type' => 'module',
  'module' => 
  array (
    0 => 'admin',
    1 => 'ajax',
    2 => 'lang',
  ),
)
[ info ] [ HEADER ] array (
  'host' => '192.168.31.37:8001',
  'connection' => 'keep-alive',
  'user-agent' => 'Mozilla/5.0 (Windows NT 10.0; Win64; x64) AppleWebKit/537.36 (KHTML, like Gecko) Chrome/112.0.0.0 Safari/537.36',
  'accept' => '*/*',
  'accept-encoding' => 'gzip, deflate',
  'accept-language' => 'zh-CN,zh;q=0.9',
  'cookie' => 'PHPSESSID=c9l9cnej4tq4n9vqn6tqt0vv4u',
)
[ info ] [ PARAM ] array (
  'callback' => 'define',
  'controllername' => 'index',
  'lang' => 'zh-cn',
  'v' => '1683685192',
)
[ info ] [ LANG ] D:\work\WAR_investment\code\public/../application/admin\lang\zh-cn.php
[ info ] [ BEHAVIOR ] Run app\common\behavior\Common @module_init [ RunTime:0.005154s ]
[ info ] [ SESSION ] INIT array (
  'id' => '',
  'var_session_id' => '',
  'prefix' => 'think',
  'type' => '',
  'auto_start' => true,
)
[ info ] [ LANG ] D:\work\WAR_investment\code\public/../application/admin/lang/zh-cn/ajax.php
[ info ] [ RUN ] app\admin\controller\Ajax->lang[ D:\work\WAR_investment\code\application\admin\controller\Ajax.php ]
[ info ] [ LANG ] D:\work\WAR_investment\code\public/../application/admin/lang/zh-cn/index.php
[ info ] [ BEHAVIOR ] Run app\admin\behavior\AdminLog @app_end [ RunTime:0.001424s ]
[ info ] [ LOG ] INIT File
---------------------------------------------------------------
[ 2023-05-10T15:39:33+08:00 ] 192.168.31.37 POST 192.168.31.37:8001/api/notice/getIndexNoticeList
[运行时间：0.119513s] [吞吐率：8.37req/s] [内存消耗：768.90kb] [文件加载：71]
[ info ] [ BEHAVIOR ] Run Closure @app_init [ RunTime:0.000518s ]
[ info ] [ CACHE ] INIT File
[ info ] [ BEHAVIOR ] Run Closure @app_init [ RunTime:0.004902s ]
[ info ] [ BEHAVIOR ] Run app\common\behavior\Common @app_init [ RunTime:0.002291s ]
[ info ] [ LANG ] D:\work\WAR_investment\code\thinkphp\lang\zh-cn.php
[ info ] [ BEHAVIOR ] Run app\common\behavior\Common @app_dispatch [ RunTime:0.000847s ]
[ info ] [ ROUTE ] array (
  'type' => 'module',
  'module' => 
  array (
    0 => 'api',
    1 => 'notice',
    2 => 'getIndexNoticeList',
  ),
)
[ info ] [ HEADER ] array (
  'host' => '192.168.31.37:8001',
  'connection' => 'keep-alive',
  'content-length' => '44',
  'accept' => 'application/json',
  'accept-encoding' => 'gzip, deflate',
  'accept-language' => 'zh-CN',
  'content-type' => 'multipart/form-data; boundary=----WebKitFormBoundaryyQJwTXXonSINcy4y',
  'user-agent' => 'Mozilla/5.0 (Windows NT 10.0; Win64; x64) AppleWebKit/537.36 (KHTML, like Gecko) runapi/2.0.5 Chrome/80.0.3987.163 Electron/8.5.5 Safari/537.36',
)
[ info ] [ PARAM ] array (
)
[ info ] [ LANG ] D:\work\WAR_investment\code\public/../application/api\lang\zh-cn.php
[ info ] [ BEHAVIOR ] Run app\common\behavior\Common @module_init [ RunTime:0.005114s ]
[ info ] [ DB ] INIT mysql
[ info ] [ RUN ] app\api\controller\Notice->getIndexNoticeList[ D:\work\WAR_investment\code\application\api\controller\Notice.php ]
[ info ] [ LOG ] INIT File
---------------------------------------------------------------
[ 2023-05-10T15:39:39+08:00 ] 192.168.31.37 GET 192.168.31.37:8001/api/notice/getIndexNoticeList
[运行时间：0.096257s] [吞吐率：10.39req/s] [内存消耗：622.88kb] [文件加载：69]
[ info ] [ BEHAVIOR ] Run Closure @app_init [ RunTime:0.000426s ]
[ info ] [ CACHE ] INIT File
[ info ] [ BEHAVIOR ] Run Closure @app_init [ RunTime:0.003644s ]
[ info ] [ BEHAVIOR ] Run app\common\behavior\Common @app_init [ RunTime:0.001418s ]
[ info ] [ LANG ] D:\work\WAR_investment\code\thinkphp\lang\zh-cn.php
[ info ] [ BEHAVIOR ] Run app\common\behavior\Common @app_dispatch [ RunTime:0.000879s ]
[ info ] [ ROUTE ] array (
  'type' => 'module',
  'module' => 
  array (
    0 => 'api',
    1 => 'notice',
    2 => 'getIndexNoticeList',
  ),
)
[ info ] [ HEADER ] array (
  'host' => '192.168.31.37:8001',
  'connection' => 'keep-alive',
  'accept' => '*/*',
  'accept-encoding' => 'gzip, deflate',
  'accept-language' => 'zh-CN',
  'user-agent' => 'Mozilla/5.0 (Windows NT 10.0; Win64; x64) AppleWebKit/537.36 (KHTML, like Gecko) runapi/2.0.5 Chrome/80.0.3987.163 Electron/8.5.5 Safari/537.36',
)
[ info ] [ PARAM ] array (
)
[ info ] [ LANG ] D:\work\WAR_investment\code\public/../application/api\lang\zh-cn.php
[ info ] [ BEHAVIOR ] Run app\common\behavior\Common @module_init [ RunTime:0.003651s ]
[ info ] [ DB ] INIT mysql
[ info ] [ RUN ] app\api\controller\Notice->getIndexNoticeList[ D:\work\WAR_investment\code\application\api\controller\Notice.php ]
[ info ] [ LOG ] INIT File
---------------------------------------------------------------
[ 2023-05-10T15:39:50+08:00 ] 192.168.31.37 GET 192.168.31.37:8001/api/notice/getIndexNoticeList
[运行时间：0.090662s] [吞吐率：11.03req/s] [内存消耗：620.73kb] [文件加载：69]
[ info ] [ BEHAVIOR ] Run Closure @app_init [ RunTime:0.000424s ]
[ info ] [ CACHE ] INIT File
[ info ] [ BEHAVIOR ] Run Closure @app_init [ RunTime:0.003565s ]
[ info ] [ BEHAVIOR ] Run app\common\behavior\Common @app_init [ RunTime:0.001430s ]
[ info ] [ LANG ] D:\work\WAR_investment\code\thinkphp\lang\zh-cn.php
[ info ] [ BEHAVIOR ] Run app\common\behavior\Common @app_dispatch [ RunTime:0.000918s ]
[ info ] [ ROUTE ] array (
  'type' => 'module',
  'module' => 
  array (
    0 => 'api',
    1 => 'notice',
    2 => 'getIndexNoticeList',
  ),
)
[ info ] [ HEADER ] array (
  'host' => '192.168.31.37:8001',
  'connection' => 'keep-alive',
  'accept' => '*/*',
  'accept-encoding' => 'gzip, deflate',
  'accept-language' => 'zh-CN',
  'user-agent' => 'Mozilla/5.0 (Windows NT 10.0; Win64; x64) AppleWebKit/537.36 (KHTML, like Gecko) runapi/2.0.5 Chrome/80.0.3987.163 Electron/8.5.5 Safari/537.36',
)
[ info ] [ PARAM ] array (
)
[ info ] [ LANG ] D:\work\WAR_investment\code\public/../application/api\lang\zh-cn.php
[ info ] [ BEHAVIOR ] Run app\common\behavior\Common @module_init [ RunTime:0.003625s ]
[ info ] [ DB ] INIT mysql
[ info ] [ RUN ] app\api\controller\Notice->getIndexNoticeList[ D:\work\WAR_investment\code\application\api\controller\Notice.php ]
[ info ] [ LOG ] INIT File
---------------------------------------------------------------
[ 2023-05-10T15:40:07+08:00 ] 192.168.31.37 GET 192.168.31.37:8001/api/notice/getIndexNoticeList
[运行时间：0.094346s] [吞吐率：10.60req/s] [内存消耗：621.69kb] [文件加载：69]
[ info ] [ BEHAVIOR ] Run Closure @app_init [ RunTime:0.000424s ]
[ info ] [ CACHE ] INIT File
[ info ] [ BEHAVIOR ] Run Closure @app_init [ RunTime:0.003572s ]
[ info ] [ BEHAVIOR ] Run app\common\behavior\Common @app_init [ RunTime:0.001389s ]
[ info ] [ LANG ] D:\work\WAR_investment\code\thinkphp\lang\zh-cn.php
[ info ] [ BEHAVIOR ] Run app\common\behavior\Common @app_dispatch [ RunTime:0.000892s ]
[ info ] [ ROUTE ] array (
  'type' => 'module',
  'module' => 
  array (
    0 => 'api',
    1 => 'notice',
    2 => 'getIndexNoticeList',
  ),
)
[ info ] [ HEADER ] array (
  'host' => '192.168.31.37:8001',
  'connection' => 'keep-alive',
  'accept' => '*/*',
  'accept-encoding' => 'gzip, deflate',
  'accept-language' => 'zh-CN',
  'user-agent' => 'Mozilla/5.0 (Windows NT 10.0; Win64; x64) AppleWebKit/537.36 (KHTML, like Gecko) runapi/2.0.5 Chrome/80.0.3987.163 Electron/8.5.5 Safari/537.36',
)
[ info ] [ PARAM ] array (
)
[ info ] [ LANG ] D:\work\WAR_investment\code\public/../application/api\lang\zh-cn.php
[ info ] [ BEHAVIOR ] Run app\common\behavior\Common @module_init [ RunTime:0.003614s ]
[ info ] [ DB ] INIT mysql
[ info ] [ RUN ] app\api\controller\Notice->getIndexNoticeList[ D:\work\WAR_investment\code\application\api\controller\Notice.php ]
[ info ] [ LOG ] INIT File
---------------------------------------------------------------
[ 2023-05-10T15:44:03+08:00 ] 192.168.31.37 GET 192.168.31.37:8001/api/notice/getIndexNoticeList
[运行时间：0.106540s] [吞吐率：9.39req/s] [内存消耗：604.07kb] [文件加载：73]
[ info ] [ BEHAVIOR ] Run Closure @app_init [ RunTime:0.000450s ]
[ info ] [ CACHE ] INIT File
[ info ] [ BEHAVIOR ] Run Closure @app_init [ RunTime:0.003923s ]
[ info ] [ BEHAVIOR ] Run app\common\behavior\Common @app_init [ RunTime:0.001658s ]
[ info ] [ LANG ] D:\work\WAR_investment\code\thinkphp\lang\zh-cn.php
[ info ] [ BEHAVIOR ] Run app\common\behavior\Common @app_dispatch [ RunTime:0.000900s ]
[ info ] [ ROUTE ] array (
  'type' => 'module',
  'module' => 
  array (
    0 => 'api',
    1 => 'notice',
    2 => 'getIndexNoticeList',
  ),
)
[ info ] [ HEADER ] array (
  'host' => '192.168.31.37:8001',
  'connection' => 'keep-alive',
  'accept' => '*/*',
  'accept-encoding' => 'gzip, deflate',
  'accept-language' => 'zh-CN',
  'user-agent' => 'Mozilla/5.0 (Windows NT 10.0; Win64; x64) AppleWebKit/537.36 (KHTML, like Gecko) runapi/2.0.5 Chrome/80.0.3987.163 Electron/8.5.5 Safari/537.36',
)
[ info ] [ PARAM ] array (
)
[ info ] [ LANG ] D:\work\WAR_investment\code\public/../application/api\lang\zh-cn.php
[ info ] [ BEHAVIOR ] Run app\common\behavior\Common @module_init [ RunTime:0.003798s ]
[ info ] [ DB ] INIT mysql
[ info ] [ RUN ] app\api\controller\Notice->getIndexNoticeList[ D:\work\WAR_investment\code\application\api\controller\Notice.php ]
[ info ] [ LOG ] INIT File
---------------------------------------------------------------
[ 2023-05-10T15:53:29+08:00 ] 192.168.31.37 GET 192.168.31.37:8001/api/notice/getIndexNoticeList
[运行时间：0.102507s] [吞吐率：9.76req/s] [内存消耗：604.16kb] [文件加载：73]
[ info ] [ BEHAVIOR ] Run Closure @app_init [ RunTime:0.000402s ]
[ info ] [ CACHE ] INIT File
[ info ] [ BEHAVIOR ] Run Closure @app_init [ RunTime:0.003704s ]
[ info ] [ BEHAVIOR ] Run app\common\behavior\Common @app_init [ RunTime:0.001538s ]
[ info ] [ LANG ] D:\work\WAR_investment\code\thinkphp\lang\zh-cn.php
[ info ] [ BEHAVIOR ] Run app\common\behavior\Common @app_dispatch [ RunTime:0.000836s ]
[ info ] [ ROUTE ] array (
  'type' => 'module',
  'module' => 
  array (
    0 => 'api',
    1 => 'notice',
    2 => 'getIndexNoticeList',
  ),
)
[ info ] [ HEADER ] array (
  'host' => '192.168.31.37:8001',
  'connection' => 'keep-alive',
  'accept' => '*/*',
  'accept-encoding' => 'gzip, deflate',
  'accept-language' => 'zh-CN',
  'user-agent' => 'Mozilla/5.0 (Windows NT 10.0; Win64; x64) AppleWebKit/537.36 (KHTML, like Gecko) runapi/2.0.5 Chrome/80.0.3987.163 Electron/8.5.5 Safari/537.36',
)
[ info ] [ PARAM ] array (
)
[ info ] [ LANG ] D:\work\WAR_investment\code\public/../application/api\lang\zh-cn.php
[ info ] [ BEHAVIOR ] Run app\common\behavior\Common @module_init [ RunTime:0.003479s ]
[ info ] [ DB ] INIT mysql
[ info ] [ RUN ] app\api\controller\Notice->getIndexNoticeList[ D:\work\WAR_investment\code\application\api\controller\Notice.php ]
[ info ] [ LOG ] INIT File
---------------------------------------------------------------
[ 2023-05-10T15:55:17+08:00 ] 192.168.31.37 POST 192.168.31.37:8001/api/notice/getNoticeList
[运行时间：0.105560s] [吞吐率：9.47req/s] [内存消耗：603.17kb] [文件加载：74]
[ info ] [ BEHAVIOR ] Run Closure @app_init [ RunTime:0.000403s ]
[ info ] [ CACHE ] INIT File
[ info ] [ BEHAVIOR ] Run Closure @app_init [ RunTime:0.003506s ]
[ info ] [ BEHAVIOR ] Run app\common\behavior\Common @app_init [ RunTime:0.001318s ]
[ info ] [ LANG ] D:\work\WAR_investment\code\thinkphp\lang\zh-cn.php
[ info ] [ BEHAVIOR ] Run app\common\behavior\Common @app_dispatch [ RunTime:0.000835s ]
[ info ] [ ROUTE ] array (
  'type' => 'module',
  'module' => 
  array (
    0 => 'api',
    1 => 'notice',
    2 => 'getNoticeList',
  ),
)
[ info ] [ HEADER ] array (
  'host' => '192.168.31.37:8001',
  'connection' => 'keep-alive',
  'content-length' => '234',
  'accept' => 'application/json',
  'accept-encoding' => 'gzip, deflate',
  'accept-language' => 'zh-CN',
  'content-type' => 'multipart/form-data; boundary=----WebKitFormBoundaryMIoDumiwRG7LzGNx',
  'user-agent' => 'Mozilla/5.0 (Windows NT 10.0; Win64; x64) AppleWebKit/537.36 (KHTML, like Gecko) runapi/2.0.5 Chrome/80.0.3987.163 Electron/8.5.5 Safari/537.36',
)
[ info ] [ PARAM ] array (
  'page' => '1',
  'page_size' => '10',
)
[ info ] [ LANG ] D:\work\WAR_investment\code\public/../application/api\lang\zh-cn.php
[ info ] [ BEHAVIOR ] Run app\common\behavior\Common @module_init [ RunTime:0.003405s ]
[ info ] [ DB ] INIT mysql
[ info ] [ RUN ] app\api\controller\Notice->getNoticeList[ D:\work\WAR_investment\code\application\api\controller\Notice.php ]
[ info ] [ LOG ] INIT File
---------------------------------------------------------------
[ 2023-05-10T17:10:21+08:00 ] 192.168.31.37 POST 192.168.31.37:8001/api/project/getProjectList
[运行时间：0.147119s] [吞吐率：6.80req/s] [内存消耗：646.45kb] [文件加载：75]
[ info ] [ BEHAVIOR ] Run Closure @app_init [ RunTime:0.000394s ]
[ info ] [ CACHE ] INIT File
[ info ] [ BEHAVIOR ] Run Closure @app_init [ RunTime:0.003870s ]
[ info ] [ BEHAVIOR ] Run app\common\behavior\Common @app_init [ RunTime:0.001648s ]
[ info ] [ LANG ] D:\work\WAR_investment\code\thinkphp\lang\zh-cn.php
[ info ] [ BEHAVIOR ] Run app\common\behavior\Common @app_dispatch [ RunTime:0.000830s ]
[ info ] [ ROUTE ] array (
  'type' => 'module',
  'module' => 
  array (
    0 => 'api',
    1 => 'project',
    2 => 'getProjectList',
  ),
)
[ info ] [ HEADER ] array (
  'host' => '192.168.31.37:8001',
  'connection' => 'keep-alive',
  'content-length' => '44',
  'accept' => 'application/json',
  'accept-encoding' => 'gzip, deflate',
  'accept-language' => 'zh-CN',
  'content-type' => 'multipart/form-data; boundary=----WebKitFormBoundaryLqBtJBauBZJdV6wL',
  'user-agent' => 'Mozilla/5.0 (Windows NT 10.0; Win64; x64) AppleWebKit/537.36 (KHTML, like Gecko) runapi/2.0.5 Chrome/80.0.3987.163 Electron/8.5.5 Safari/537.36',
  'token' => 'b0a2b15a-4928-4a9c-9c53-9452daebb773',
)
[ info ] [ PARAM ] array (
)
[ info ] [ LANG ] D:\work\WAR_investment\code\public/../application/api\lang\zh-cn.php
[ info ] [ BEHAVIOR ] Run app\common\behavior\Common @module_init [ RunTime:0.003555s ]
[ info ] [ TOKEN ] INIT Mysql
[ info ] [ DB ] INIT mysql
[ info ] [ RUN ] app\api\controller\Project->getProjectList[ D:\work\WAR_investment\code\application\api\controller\Project.php ]
[ info ] [ LOG ] INIT File
---------------------------------------------------------------
[ 2023-05-10T17:10:53+08:00 ] 192.168.31.37 POST 192.168.31.37:8001/api/project/getProjectList
[运行时间：0.141555s] [吞吐率：7.06req/s] [内存消耗：644.89kb] [文件加载：75]
[ info ] [ BEHAVIOR ] Run Closure @app_init [ RunTime:0.000403s ]
[ info ] [ CACHE ] INIT File
[ info ] [ BEHAVIOR ] Run Closure @app_init [ RunTime:0.003711s ]
[ info ] [ BEHAVIOR ] Run app\common\behavior\Common @app_init [ RunTime:0.001501s ]
[ info ] [ LANG ] D:\work\WAR_investment\code\thinkphp\lang\zh-cn.php
[ info ] [ BEHAVIOR ] Run app\common\behavior\Common @app_dispatch [ RunTime:0.000826s ]
[ info ] [ ROUTE ] array (
  'type' => 'module',
  'module' => 
  array (
    0 => 'api',
    1 => 'project',
    2 => 'getProjectList',
  ),
)
[ info ] [ HEADER ] array (
  'host' => '192.168.31.37:8001',
  'connection' => 'keep-alive',
  'content-length' => '337',
  'accept' => 'application/json',
  'accept-encoding' => 'gzip, deflate',
  'accept-language' => 'zh-CN',
  'content-type' => 'multipart/form-data; boundary=----WebKitFormBoundaryx3kYtb1zcBAQSW17',
  'user-agent' => 'Mozilla/5.0 (Windows NT 10.0; Win64; x64) AppleWebKit/537.36 (KHTML, like Gecko) runapi/2.0.5 Chrome/80.0.3987.163 Electron/8.5.5 Safari/537.36',
  'token' => 'b0a2b15a-4928-4a9c-9c53-9452daebb773',
)
[ info ] [ PARAM ] array (
  'project_type_id' => '1',
  'page' => '1',
  'page_size' => '10',
)
[ info ] [ LANG ] D:\work\WAR_investment\code\public/../application/api\lang\zh-cn.php
[ info ] [ BEHAVIOR ] Run app\common\behavior\Common @module_init [ RunTime:0.003500s ]
[ info ] [ TOKEN ] INIT Mysql
[ info ] [ DB ] INIT mysql
[ info ] [ RUN ] app\api\controller\Project->getProjectList[ D:\work\WAR_investment\code\application\api\controller\Project.php ]
[ info ] [ LOG ] INIT File
---------------------------------------------------------------
[ 2023-05-10T17:49:05+08:00 ] 192.168.31.37 POST 192.168.31.37:8001/api/project/getProjectList
[运行时间：0.081187s] [吞吐率：12.32req/s] [内存消耗：477.93kb] [文件加载：69]
[ info ] [ BEHAVIOR ] Run Closure @app_init [ RunTime:0.000398s ]
[ info ] [ CACHE ] INIT File
[ info ] [ BEHAVIOR ] Run Closure @app_init [ RunTime:0.003730s ]
[ info ] [ BEHAVIOR ] Run app\common\behavior\Common @app_init [ RunTime:0.001579s ]
[ info ] [ LANG ] D:\work\WAR_investment\code\thinkphp\lang\zh-cn.php
[ info ] [ BEHAVIOR ] Run app\common\behavior\Common @app_dispatch [ RunTime:0.000859s ]
[ info ] [ ROUTE ] array (
  'type' => 'module',
  'module' => 
  array (
    0 => 'api',
    1 => 'project',
    2 => 'getProjectList',
  ),
)
[ info ] [ HEADER ] array (
  'host' => '192.168.31.37:8001',
  'connection' => 'keep-alive',
  'content-length' => '44',
  'accept' => 'application/json',
  'accept-encoding' => 'gzip, deflate',
  'accept-language' => 'zh-CN',
  'content-type' => 'multipart/form-data; boundary=----WebKitFormBoundarywPMhsBSjV7dWMyYv',
  'user-agent' => 'Mozilla/5.0 (Windows NT 10.0; Win64; x64) AppleWebKit/537.36 (KHTML, like Gecko) runapi/2.0.5 Chrome/80.0.3987.163 Electron/8.5.5 Safari/537.36',
)
[ info ] [ PARAM ] array (
)
[ info ] [ LANG ] D:\work\WAR_investment\code\public/../application/api\lang\zh-cn.php
[ info ] [ BEHAVIOR ] Run app\common\behavior\Common @module_init [ RunTime:0.003545s ]
[ info ] [ TOKEN ] INIT Mysql
[ info ] [ DB ] INIT mysql
[ info ] [ LOG ] INIT File
---------------------------------------------------------------
[ 2023-05-10T17:49:49+08:00 ] 192.168.31.37 POST 192.168.31.37:8001/api/project/getProjectDetail
[运行时间：0.122912s] [吞吐率：8.14req/s] [内存消耗：644.86kb] [文件加载：75]
[ info ] [ BEHAVIOR ] Run Closure @app_init [ RunTime:0.000403s ]
[ info ] [ CACHE ] INIT File
[ info ] [ BEHAVIOR ] Run Closure @app_init [ RunTime:0.003436s ]
[ info ] [ BEHAVIOR ] Run app\common\behavior\Common @app_init [ RunTime:0.001318s ]
[ info ] [ LANG ] D:\work\WAR_investment\code\thinkphp\lang\zh-cn.php
[ info ] [ BEHAVIOR ] Run app\common\behavior\Common @app_dispatch [ RunTime:0.000830s ]
[ info ] [ ROUTE ] array (
  'type' => 'module',
  'module' => 
  array (
    0 => 'api',
    1 => 'project',
    2 => 'getProjectDetail',
  ),
)
[ info ] [ HEADER ] array (
  'host' => '192.168.31.37:8001',
  'connection' => 'keep-alive',
  'content-length' => '142',
  'accept' => 'application/json',
  'accept-encoding' => 'gzip, deflate',
  'accept-language' => 'zh-CN',
  'content-type' => 'multipart/form-data; boundary=----WebKitFormBoundaryx83JrqtkgfB1qZfr',
  'user-agent' => 'Mozilla/5.0 (Windows NT 10.0; Win64; x64) AppleWebKit/537.36 (KHTML, like Gecko) runapi/2.0.5 Chrome/80.0.3987.163 Electron/8.5.5 Safari/537.36',
  'token' => 'b0a2b15a-4928-4a9c-9c53-9452daebb773',
)
[ info ] [ PARAM ] array (
  'project_id' => '1',
)
[ info ] [ LANG ] D:\work\WAR_investment\code\public/../application/api\lang\zh-cn.php
[ info ] [ BEHAVIOR ] Run app\common\behavior\Common @module_init [ RunTime:0.003415s ]
[ info ] [ TOKEN ] INIT Mysql
[ info ] [ DB ] INIT mysql
[ info ] [ RUN ] app\api\controller\Project->getProjectDetail[ D:\work\WAR_investment\code\application\api\controller\Project.php ]
[ info ] [ LOG ] INIT File
---------------------------------------------------------------
[ 2023-05-10T18:02:59+08:00 ] 192.168.31.37 POST 192.168.31.37:8001/api/order/createOrder
[运行时间：0.080033s] [吞吐率：12.49req/s] [内存消耗：477.92kb] [文件加载：69]
[ info ] [ BEHAVIOR ] Run Closure @app_init [ RunTime:0.000404s ]
[ info ] [ CACHE ] INIT File
[ info ] [ BEHAVIOR ] Run Closure @app_init [ RunTime:0.003768s ]
[ info ] [ BEHAVIOR ] Run app\common\behavior\Common @app_init [ RunTime:0.001597s ]
[ info ] [ LANG ] D:\work\WAR_investment\code\thinkphp\lang\zh-cn.php
[ info ] [ BEHAVIOR ] Run app\common\behavior\Common @app_dispatch [ RunTime:0.000818s ]
[ info ] [ ROUTE ] array (
  'type' => 'module',
  'module' => 
  array (
    0 => 'api',
    1 => 'order',
    2 => 'createOrder',
  ),
)
[ info ] [ HEADER ] array (
  'host' => '192.168.31.37:8001',
  'connection' => 'keep-alive',
  'content-length' => '44',
  'accept' => 'application/json',
  'accept-encoding' => 'gzip, deflate',
  'accept-language' => 'zh-CN',
  'content-type' => 'multipart/form-data; boundary=----WebKitFormBoundaryBuCQ5qA2h5UBAeGk',
  'user-agent' => 'Mozilla/5.0 (Windows NT 10.0; Win64; x64) AppleWebKit/537.36 (KHTML, like Gecko) runapi/2.0.5 Chrome/80.0.3987.163 Electron/8.5.5 Safari/537.36',
)
[ info ] [ PARAM ] array (
)
[ info ] [ LANG ] D:\work\WAR_investment\code\public/../application/api\lang\zh-cn.php
[ info ] [ BEHAVIOR ] Run app\common\behavior\Common @module_init [ RunTime:0.003576s ]
[ info ] [ TOKEN ] INIT Mysql
[ info ] [ DB ] INIT mysql
[ info ] [ LOG ] INIT File
---------------------------------------------------------------
[ 2023-05-10T18:03:14+08:00 ] 192.168.31.37 POST 192.168.31.37:8001/api/order/createOrder
[运行时间：0.131572s] [吞吐率：7.60req/s] [内存消耗：599.55kb] [文件加载：76]
[ info ] [ BEHAVIOR ] Run Closure @app_init [ RunTime:0.000403s ]
[ info ] [ CACHE ] INIT File
[ info ] [ BEHAVIOR ] Run Closure @app_init [ RunTime:0.003420s ]
[ info ] [ BEHAVIOR ] Run app\common\behavior\Common @app_init [ RunTime:0.001341s ]
[ info ] [ LANG ] D:\work\WAR_investment\code\thinkphp\lang\zh-cn.php
[ info ] [ BEHAVIOR ] Run app\common\behavior\Common @app_dispatch [ RunTime:0.000827s ]
[ info ] [ ROUTE ] array (
  'type' => 'module',
  'module' => 
  array (
    0 => 'api',
    1 => 'order',
    2 => 'createOrder',
  ),
)
[ info ] [ HEADER ] array (
  'host' => '192.168.31.37:8001',
  'connection' => 'keep-alive',
  'content-length' => '44',
  'accept' => 'application/json',
  'accept-encoding' => 'gzip, deflate',
  'accept-language' => 'zh-CN',
  'content-type' => 'multipart/form-data; boundary=----WebKitFormBoundaryrl6vlMGlnKQiA6Gy',
  'user-agent' => 'Mozilla/5.0 (Windows NT 10.0; Win64; x64) AppleWebKit/537.36 (KHTML, like Gecko) runapi/2.0.5 Chrome/80.0.3987.163 Electron/8.5.5 Safari/537.36',
  'token' => 'b0a2b15a-4928-4a9c-9c53-9452daebb773',
)
[ info ] [ PARAM ] array (
)
[ info ] [ LANG ] D:\work\WAR_investment\code\public/../application/api\lang\zh-cn.php
[ info ] [ BEHAVIOR ] Run app\common\behavior\Common @module_init [ RunTime:0.003429s ]
[ info ] [ TOKEN ] INIT Mysql
[ info ] [ DB ] INIT mysql
[ info ] [ LOG ] INIT File
---------------------------------------------------------------
[ 2023-05-10T18:04:11+08:00 ] 192.168.31.37 POST 192.168.31.37:8001/api/order/createOrder
[运行时间：0.134519s] [吞吐率：7.43req/s] [内存消耗：629.02kb] [文件加载：74]
[ info ] [ BEHAVIOR ] Run Closure @app_init [ RunTime:0.000433s ]
[ info ] [ CACHE ] INIT File
[ info ] [ BEHAVIOR ] Run Closure @app_init [ RunTime:0.003608s ]
[ info ] [ BEHAVIOR ] Run app\common\behavior\Common @app_init [ RunTime:0.001423s ]
[ info ] [ LANG ] D:\work\WAR_investment\code\thinkphp\lang\zh-cn.php
[ info ] [ BEHAVIOR ] Run app\common\behavior\Common @app_dispatch [ RunTime:0.000888s ]
[ info ] [ ROUTE ] array (
  'type' => 'module',
  'module' => 
  array (
    0 => 'api',
    1 => 'order',
    2 => 'createOrder',
  ),
)
[ info ] [ HEADER ] array (
  'host' => '192.168.31.37:8001',
  'connection' => 'keep-alive',
  'content-length' => '44',
  'accept' => 'application/json',
  'accept-encoding' => 'gzip, deflate',
  'accept-language' => 'zh-CN',
  'content-type' => 'multipart/form-data; boundary=----WebKitFormBoundaryuBdb6dWDgK6VtI90',
  'user-agent' => 'Mozilla/5.0 (Windows NT 10.0; Win64; x64) AppleWebKit/537.36 (KHTML, like Gecko) runapi/2.0.5 Chrome/80.0.3987.163 Electron/8.5.5 Safari/537.36',
  'token' => 'b0a2b15a-4928-4a9c-9c53-9452daebb773',
)
[ info ] [ PARAM ] array (
)
[ info ] [ LANG ] D:\work\WAR_investment\code\public/../application/api\lang\zh-cn.php
[ info ] [ BEHAVIOR ] Run app\common\behavior\Common @module_init [ RunTime:0.003673s ]
[ info ] [ TOKEN ] INIT Mysql
[ info ] [ DB ] INIT mysql
[ info ] [ RUN ] app\api\controller\Order->createOrder[ D:\work\WAR_investment\code\application\api\controller\Order.php ]
[ info ] [ LOG ] INIT File
---------------------------------------------------------------
[ 2023-05-10T18:05:10+08:00 ] 192.168.31.37 POST 192.168.31.37:8001/api/order/createOrder
[运行时间：0.131472s] [吞吐率：7.61req/s] [内存消耗：628.57kb] [文件加载：74]
[ info ] [ BEHAVIOR ] Run Closure @app_init [ RunTime:0.000402s ]
[ info ] [ CACHE ] INIT File
[ info ] [ BEHAVIOR ] Run Closure @app_init [ RunTime:0.003960s ]
[ info ] [ BEHAVIOR ] Run app\common\behavior\Common @app_init [ RunTime:0.001742s ]
[ info ] [ LANG ] D:\work\WAR_investment\code\thinkphp\lang\zh-cn.php
[ info ] [ BEHAVIOR ] Run app\common\behavior\Common @app_dispatch [ RunTime:0.000828s ]
[ info ] [ ROUTE ] array (
  'type' => 'module',
  'module' => 
  array (
    0 => 'api',
    1 => 'order',
    2 => 'createOrder',
  ),
)
[ info ] [ HEADER ] array (
  'host' => '192.168.31.37:8001',
  'connection' => 'keep-alive',
  'content-length' => '339',
  'accept' => 'application/json',
  'accept-encoding' => 'gzip, deflate',
  'accept-language' => 'zh-CN',
  'content-type' => 'multipart/form-data; boundary=----WebKitFormBoundarysY9XSJC8KKYl8VnY',
  'user-agent' => 'Mozilla/5.0 (Windows NT 10.0; Win64; x64) AppleWebKit/537.36 (KHTML, like Gecko) runapi/2.0.5 Chrome/80.0.3987.163 Electron/8.5.5 Safari/537.36',
  'token' => 'b0a2b15a-4928-4a9c-9c53-9452daebb773',
)
[ info ] [ PARAM ] array (
  'id' => '',
  'investment_amount' => '',
  'user_coupons_id' => '',
)
[ info ] [ LANG ] D:\work\WAR_investment\code\public/../application/api\lang\zh-cn.php
[ info ] [ BEHAVIOR ] Run app\common\behavior\Common @module_init [ RunTime:0.003773s ]
[ info ] [ TOKEN ] INIT Mysql
[ info ] [ DB ] INIT mysql
[ info ] [ RUN ] app\api\controller\Order->createOrder[ D:\work\WAR_investment\code\application\api\controller\Order.php ]
[ info ] [ LOG ] INIT File
---------------------------------------------------------------
[ 2023-05-10T18:05:14+08:00 ] 192.168.31.37 POST 192.168.31.37:8001/api/order/createOrder
[运行时间：0.128213s] [吞吐率：7.80req/s] [内存消耗：628.57kb] [文件加载：74]
[ info ] [ BEHAVIOR ] Run Closure @app_init [ RunTime:0.000424s ]
[ info ] [ CACHE ] INIT File
[ info ] [ BEHAVIOR ] Run Closure @app_init [ RunTime:0.003634s ]
[ info ] [ BEHAVIOR ] Run app\common\behavior\Common @app_init [ RunTime:0.001437s ]
[ info ] [ LANG ] D:\work\WAR_investment\code\thinkphp\lang\zh-cn.php
[ info ] [ BEHAVIOR ] Run app\common\behavior\Common @app_dispatch [ RunTime:0.000867s ]
[ info ] [ ROUTE ] array (
  'type' => 'module',
  'module' => 
  array (
    0 => 'api',
    1 => 'order',
    2 => 'createOrder',
  ),
)
[ info ] [ HEADER ] array (
  'host' => '192.168.31.37:8001',
  'connection' => 'keep-alive',
  'content-length' => '342',
  'accept' => 'application/json',
  'accept-encoding' => 'gzip, deflate',
  'accept-language' => 'zh-CN',
  'content-type' => 'multipart/form-data; boundary=----WebKitFormBoundaryNfOQFbm93M5AlxYS',
  'user-agent' => 'Mozilla/5.0 (Windows NT 10.0; Win64; x64) AppleWebKit/537.36 (KHTML, like Gecko) runapi/2.0.5 Chrome/80.0.3987.163 Electron/8.5.5 Safari/537.36',
  'token' => 'b0a2b15a-4928-4a9c-9c53-9452daebb773',
)
[ info ] [ PARAM ] array (
  'id' => '1',
  'investment_amount' => '1',
  'user_coupons_id' => '1',
)
[ info ] [ LANG ] D:\work\WAR_investment\code\public/../application/api\lang\zh-cn.php
[ info ] [ BEHAVIOR ] Run app\common\behavior\Common @module_init [ RunTime:0.003843s ]
[ info ] [ TOKEN ] INIT Mysql
[ info ] [ DB ] INIT mysql
[ info ] [ RUN ] app\api\controller\Order->createOrder[ D:\work\WAR_investment\code\application\api\controller\Order.php ]
[ info ] [ LOG ] INIT File
---------------------------------------------------------------
[ 2023-05-10T18:29:33+08:00 ] 192.168.31.37 POST 192.168.31.37:8001/api/order/getOrderList
[运行时间：0.080740s] [吞吐率：12.39req/s] [内存消耗：477.92kb] [文件加载：69]
[ info ] [ BEHAVIOR ] Run Closure @app_init [ RunTime:0.000402s ]
[ info ] [ CACHE ] INIT File
[ info ] [ BEHAVIOR ] Run Closure @app_init [ RunTime:0.003841s ]
[ info ] [ BEHAVIOR ] Run app\common\behavior\Common @app_init [ RunTime:0.001689s ]
[ info ] [ LANG ] D:\work\WAR_investment\code\thinkphp\lang\zh-cn.php
[ info ] [ BEHAVIOR ] Run app\common\behavior\Common @app_dispatch [ RunTime:0.000836s ]
[ info ] [ ROUTE ] array (
  'type' => 'module',
  'module' => 
  array (
    0 => 'api',
    1 => 'order',
    2 => 'getOrderList',
  ),
)
[ info ] [ HEADER ] array (
  'host' => '192.168.31.37:8001',
  'connection' => 'keep-alive',
  'content-length' => '44',
  'accept' => 'application/json',
  'accept-encoding' => 'gzip, deflate',
  'accept-language' => 'zh-CN',
  'content-type' => 'multipart/form-data; boundary=----WebKitFormBoundaryV9fzhhUmVAeglyrO',
  'user-agent' => 'Mozilla/5.0 (Windows NT 10.0; Win64; x64) AppleWebKit/537.36 (KHTML, like Gecko) runapi/2.0.5 Chrome/80.0.3987.163 Electron/8.5.5 Safari/537.36',
)
[ info ] [ PARAM ] array (
)
[ info ] [ LANG ] D:\work\WAR_investment\code\public/../application/api\lang\zh-cn.php
[ info ] [ BEHAVIOR ] Run app\common\behavior\Common @module_init [ RunTime:0.003545s ]
[ info ] [ TOKEN ] INIT Mysql
[ info ] [ DB ] INIT mysql
[ info ] [ LOG ] INIT File
---------------------------------------------------------------
[ 2023-05-10T18:29:35+08:00 ] 192.168.31.37 POST 192.168.31.37:8001/api/order/getOrderList
[运行时间：0.072186s] [吞吐率：13.85req/s] [内存消耗：476.83kb] [文件加载：69]
[ info ] [ BEHAVIOR ] Run Closure @app_init [ RunTime:0.000401s ]
[ info ] [ CACHE ] INIT File
[ info ] [ BEHAVIOR ] Run Closure @app_init [ RunTime:0.003293s ]
[ info ] [ BEHAVIOR ] Run app\common\behavior\Common @app_init [ RunTime:0.001299s ]
[ info ] [ LANG ] D:\work\WAR_investment\code\thinkphp\lang\zh-cn.php
[ info ] [ BEHAVIOR ] Run app\common\behavior\Common @app_dispatch [ RunTime:0.000853s ]
[ info ] [ ROUTE ] array (
  'type' => 'module',
  'module' => 
  array (
    0 => 'api',
    1 => 'order',
    2 => 'getOrderList',
  ),
)
[ info ] [ HEADER ] array (
  'host' => '192.168.31.37:8001',
  'connection' => 'keep-alive',
  'content-length' => '44',
  'accept' => 'application/json',
  'accept-encoding' => 'gzip, deflate',
  'accept-language' => 'zh-CN',
  'content-type' => 'multipart/form-data; boundary=----WebKitFormBoundaryNZARCNkepyWI87fo',
  'user-agent' => 'Mozilla/5.0 (Windows NT 10.0; Win64; x64) AppleWebKit/537.36 (KHTML, like Gecko) runapi/2.0.5 Chrome/80.0.3987.163 Electron/8.5.5 Safari/537.36',
)
[ info ] [ PARAM ] array (
)
[ info ] [ LANG ] D:\work\WAR_investment\code\public/../application/api\lang\zh-cn.php
[ info ] [ BEHAVIOR ] Run app\common\behavior\Common @module_init [ RunTime:0.003364s ]
[ info ] [ TOKEN ] INIT Mysql
[ info ] [ DB ] INIT mysql
[ info ] [ LOG ] INIT File
---------------------------------------------------------------
[ 2023-05-10T18:29:45+08:00 ] 192.168.31.37 POST 192.168.31.37:8001/api/order/getOrderList
[运行时间：0.123171s] [吞吐率：8.12req/s] [内存消耗：628.42kb] [文件加载：74]
[ info ] [ BEHAVIOR ] Run Closure @app_init [ RunTime:0.000397s ]
[ info ] [ CACHE ] INIT File
[ info ] [ BEHAVIOR ] Run Closure @app_init [ RunTime:0.003369s ]
[ info ] [ BEHAVIOR ] Run app\common\behavior\Common @app_init [ RunTime:0.001315s ]
[ info ] [ LANG ] D:\work\WAR_investment\code\thinkphp\lang\zh-cn.php
[ info ] [ BEHAVIOR ] Run app\common\behavior\Common @app_dispatch [ RunTime:0.000843s ]
[ info ] [ ROUTE ] array (
  'type' => 'module',
  'module' => 
  array (
    0 => 'api',
    1 => 'order',
    2 => 'getOrderList',
  ),
)
[ info ] [ HEADER ] array (
  'host' => '192.168.31.37:8001',
  'connection' => 'keep-alive',
  'content-length' => '44',
  'accept' => 'application/json',
  'accept-encoding' => 'gzip, deflate',
  'accept-language' => 'zh-CN',
  'content-type' => 'multipart/form-data; boundary=----WebKitFormBoundaryvonKHMM4vN8iCFyv',
  'user-agent' => 'Mozilla/5.0 (Windows NT 10.0; Win64; x64) AppleWebKit/537.36 (KHTML, like Gecko) runapi/2.0.5 Chrome/80.0.3987.163 Electron/8.5.5 Safari/537.36',
  'token' => 'b0a2b15a-4928-4a9c-9c53-9452daebb773',
)
[ info ] [ PARAM ] array (
)
[ info ] [ LANG ] D:\work\WAR_investment\code\public/../application/api\lang\zh-cn.php
[ info ] [ BEHAVIOR ] Run app\common\behavior\Common @module_init [ RunTime:0.003412s ]
[ info ] [ TOKEN ] INIT Mysql
[ info ] [ DB ] INIT mysql
[ info ] [ RUN ] app\api\controller\Order->getOrderList[ D:\work\WAR_investment\code\application\api\controller\Order.php ]
[ info ] [ LOG ] INIT File
---------------------------------------------------------------
[ 2023-05-10T18:30:08+08:00 ] 192.168.31.37 POST 192.168.31.37:8001/api/order/getOrderList
[运行时间：0.122423s] [吞吐率：8.17req/s] [内存消耗：628.54kb] [文件加载：74]
[ info ] [ BEHAVIOR ] Run Closure @app_init [ RunTime:0.000422s ]
[ info ] [ CACHE ] INIT File
[ info ] [ BEHAVIOR ] Run Closure @app_init [ RunTime:0.003515s ]
[ info ] [ BEHAVIOR ] Run app\common\behavior\Common @app_init [ RunTime:0.001306s ]
[ info ] [ LANG ] D:\work\WAR_investment\code\thinkphp\lang\zh-cn.php
[ info ] [ BEHAVIOR ] Run app\common\behavior\Common @app_dispatch [ RunTime:0.000816s ]
[ info ] [ ROUTE ] array (
  'type' => 'module',
  'module' => 
  array (
    0 => 'api',
    1 => 'order',
    2 => 'getOrderList',
  ),
)
[ info ] [ HEADER ] array (
  'host' => '192.168.31.37:8001',
  'connection' => 'keep-alive',
  'content-length' => '328',
  'accept' => 'application/json',
  'accept-encoding' => 'gzip, deflate',
  'accept-language' => 'zh-CN',
  'content-type' => 'multipart/form-data; boundary=----WebKitFormBoundarye3QnI4h6SBOYUkTg',
  'user-agent' => 'Mozilla/5.0 (Windows NT 10.0; Win64; x64) AppleWebKit/537.36 (KHTML, like Gecko) runapi/2.0.5 Chrome/80.0.3987.163 Electron/8.5.5 Safari/537.36',
  'token' => 'b0a2b15a-4928-4a9c-9c53-9452daebb773',
)
[ info ] [ PARAM ] array (
  'status' => '1',
  'page' => '1',
  'page_size' => '10',
)
[ info ] [ LANG ] D:\work\WAR_investment\code\public/../application/api\lang\zh-cn.php
[ info ] [ BEHAVIOR ] Run app\common\behavior\Common @module_init [ RunTime:0.003404s ]
[ info ] [ TOKEN ] INIT Mysql
[ info ] [ DB ] INIT mysql
[ info ] [ RUN ] app\api\controller\Order->getOrderList[ D:\work\WAR_investment\code\application\api\controller\Order.php ]
[ info ] [ LOG ] INIT File
---------------------------------------------------------------
[ 2023-05-10T18:42:27+08:00 ] 192.168.31.37 POST 192.168.31.37:8001/api/user_coupons/getCanUseCouponsList
[运行时间：0.128869s] [吞吐率：7.76req/s] [内存消耗：646.20kb] [文件加载：75]
[ info ] [ BEHAVIOR ] Run Closure @app_init [ RunTime:0.000404s ]
[ info ] [ CACHE ] INIT File
[ info ] [ BEHAVIOR ] Run Closure @app_init [ RunTime:0.003712s ]
[ info ] [ BEHAVIOR ] Run app\common\behavior\Common @app_init [ RunTime:0.001571s ]
[ info ] [ LANG ] D:\work\WAR_investment\code\thinkphp\lang\zh-cn.php
[ info ] [ BEHAVIOR ] Run app\common\behavior\Common @app_dispatch [ RunTime:0.000832s ]
[ info ] [ ROUTE ] array (
  'type' => 'module',
  'module' => 
  array (
    0 => 'api',
    1 => 'user_coupons',
    2 => 'getCanUseCouponsList',
  ),
)
[ info ] [ HEADER ] array (
  'host' => '192.168.31.37:8001',
  'connection' => 'keep-alive',
  'content-length' => '134',
  'accept' => 'application/json',
  'accept-encoding' => 'gzip, deflate',
  'accept-language' => 'zh-CN',
  'content-type' => 'multipart/form-data; boundary=----WebKitFormBoundaryUpAQmsvJczAB96zd',
  'user-agent' => 'Mozilla/5.0 (Windows NT 10.0; Win64; x64) AppleWebKit/537.36 (KHTML, like Gecko) runapi/2.0.5 Chrome/80.0.3987.163 Electron/8.5.5 Safari/537.36',
  'token' => 'b0a2b15a-4928-4a9c-9c53-9452daebb773',
)
[ info ] [ PARAM ] array (
  'id' => '1',
)
[ info ] [ LANG ] D:\work\WAR_investment\code\public/../application/api\lang\zh-cn.php
[ info ] [ BEHAVIOR ] Run app\common\behavior\Common @module_init [ RunTime:0.003490s ]
[ info ] [ TOKEN ] INIT Mysql
[ info ] [ DB ] INIT mysql
[ info ] [ RUN ] app\api\controller\UserCoupons->getCanUseCouponsList[ D:\work\WAR_investment\code\application\api\controller\UserCoupons.php ]
[ info ] [ LOG ] INIT File
---------------------------------------------------------------
[ 2023-05-10T18:53:20+08:00 ] 192.168.31.37 POST 192.168.31.37:8001/api/asset/getUserAssetList
[运行时间：0.078766s] [吞吐率：12.70req/s] [内存消耗：478.03kb] [文件加载：69]
[ info ] [ BEHAVIOR ] Run Closure @app_init [ RunTime:0.000402s ]
[ info ] [ CACHE ] INIT File
[ info ] [ BEHAVIOR ] Run Closure @app_init [ RunTime:0.003873s ]
[ info ] [ BEHAVIOR ] Run app\common\behavior\Common @app_init [ RunTime:0.001609s ]
[ info ] [ LANG ] D:\work\WAR_investment\code\thinkphp\lang\zh-cn.php
[ info ] [ BEHAVIOR ] Run app\common\behavior\Common @app_dispatch [ RunTime:0.000829s ]
[ info ] [ ROUTE ] array (
  'type' => 'module',
  'module' => 
  array (
    0 => 'api',
    1 => 'asset',
    2 => 'getUserAssetList',
  ),
)
[ info ] [ HEADER ] array (
  'host' => '192.168.31.37:8001',
  'connection' => 'keep-alive',
  'content-length' => '234',
  'accept' => 'application/json',
  'accept-encoding' => 'gzip, deflate',
  'accept-language' => 'zh-CN',
  'content-type' => 'multipart/form-data; boundary=----WebKitFormBoundarynWbErd5yzZS6kERE',
  'user-agent' => 'Mozilla/5.0 (Windows NT 10.0; Win64; x64) AppleWebKit/537.36 (KHTML, like Gecko) runapi/2.0.5 Chrome/80.0.3987.163 Electron/8.5.5 Safari/537.36',
)
[ info ] [ PARAM ] array (
  'page' => '1',
  'page_size' => '10',
)
[ info ] [ LANG ] D:\work\WAR_investment\code\public/../application/api\lang\zh-cn.php
[ info ] [ BEHAVIOR ] Run app\common\behavior\Common @module_init [ RunTime:0.003596s ]
[ info ] [ TOKEN ] INIT Mysql
[ info ] [ DB ] INIT mysql
[ info ] [ LOG ] INIT File
---------------------------------------------------------------
[ 2023-05-10T18:53:28+08:00 ] 192.168.31.37 POST 192.168.31.37:8001/api/asset/getUserAssetList
[运行时间：0.120039s] [吞吐率：8.33req/s] [内存消耗：629.12kb] [文件加载：74]
[ info ] [ BEHAVIOR ] Run Closure @app_init [ RunTime:0.000405s ]
[ info ] [ CACHE ] INIT File
[ info ] [ BEHAVIOR ] Run Closure @app_init [ RunTime:0.003522s ]
[ info ] [ BEHAVIOR ] Run app\common\behavior\Common @app_init [ RunTime:0.001381s ]
[ info ] [ LANG ] D:\work\WAR_investment\code\thinkphp\lang\zh-cn.php
[ info ] [ BEHAVIOR ] Run app\common\behavior\Common @app_dispatch [ RunTime:0.000845s ]
[ info ] [ ROUTE ] array (
  'type' => 'module',
  'module' => 
  array (
    0 => 'api',
    1 => 'asset',
    2 => 'getUserAssetList',
  ),
)
[ info ] [ HEADER ] array (
  'host' => '192.168.31.37:8001',
  'connection' => 'keep-alive',
  'content-length' => '234',
  'accept' => 'application/json',
  'accept-encoding' => 'gzip, deflate',
  'accept-language' => 'zh-CN',
  'content-type' => 'multipart/form-data; boundary=----WebKitFormBoundarymafCYqZq9M2FIl1I',
  'user-agent' => 'Mozilla/5.0 (Windows NT 10.0; Win64; x64) AppleWebKit/537.36 (KHTML, like Gecko) runapi/2.0.5 Chrome/80.0.3987.163 Electron/8.5.5 Safari/537.36',
  'token' => 'b0a2b15a-4928-4a9c-9c53-9452daebb773',
)
[ info ] [ PARAM ] array (
  'page' => '1',
  'page_size' => '10',
)
[ info ] [ LANG ] D:\work\WAR_investment\code\public/../application/api\lang\zh-cn.php
[ info ] [ BEHAVIOR ] Run app\common\behavior\Common @module_init [ RunTime:0.003665s ]
[ info ] [ TOKEN ] INIT Mysql
[ info ] [ DB ] INIT mysql
[ info ] [ RUN ] app\api\controller\Asset->getUserAssetList[ D:\work\WAR_investment\code\application\api\controller\Asset.php ]
[ info ] [ LOG ] INIT File
---------------------------------------------------------------
[ 2023-05-10T18:53:36+08:00 ] 192.168.31.37 POST 192.168.31.37:8001/api/asset/getUserAssetList
[运行时间：0.119631s] [吞吐率：8.36req/s] [内存消耗：641.95kb] [文件加载：74]
[ info ] [ BEHAVIOR ] Run Closure @app_init [ RunTime:0.000402s ]
[ info ] [ CACHE ] INIT File
[ info ] [ BEHAVIOR ] Run Closure @app_init [ RunTime:0.003473s ]
[ info ] [ BEHAVIOR ] Run app\common\behavior\Common @app_init [ RunTime:0.001326s ]
[ info ] [ LANG ] D:\work\WAR_investment\code\thinkphp\lang\zh-cn.php
[ info ] [ BEHAVIOR ] Run app\common\behavior\Common @app_dispatch [ RunTime:0.000830s ]
[ info ] [ ROUTE ] array (
  'type' => 'module',
  'module' => 
  array (
    0 => 'api',
    1 => 'asset',
    2 => 'getUserAssetList',
  ),
)
[ info ] [ HEADER ] array (
  'host' => '192.168.31.37:8001',
  'connection' => 'keep-alive',
  'content-length' => '234',
  'accept' => 'application/json',
  'accept-encoding' => 'gzip, deflate',
  'accept-language' => 'zh-CN',
  'content-type' => 'multipart/form-data; boundary=----WebKitFormBoundaryeAE9GRlO3baTn5Qz',
  'user-agent' => 'Mozilla/5.0 (Windows NT 10.0; Win64; x64) AppleWebKit/537.36 (KHTML, like Gecko) runapi/2.0.5 Chrome/80.0.3987.163 Electron/8.5.5 Safari/537.36',
  'token' => 'b0a2b15a-4928-4a9c-9c53-9452daebb773',
)
[ info ] [ PARAM ] array (
  'page' => '1',
  'page_size' => '10',
)
[ info ] [ LANG ] D:\work\WAR_investment\code\public/../application/api\lang\zh-cn.php
[ info ] [ BEHAVIOR ] Run app\common\behavior\Common @module_init [ RunTime:0.003528s ]
[ info ] [ TOKEN ] INIT Mysql
[ info ] [ DB ] INIT mysql
[ info ] [ RUN ] app\api\controller\Asset->getUserAssetList[ D:\work\WAR_investment\code\application\api\controller\Asset.php ]
[ info ] [ LOG ] INIT File
---------------------------------------------------------------
[ 2023-05-10T18:55:46+08:00 ] 192.168.31.37 POST 192.168.31.37:8001/api/asset/getUserAssetList
[运行时间：0.129813s] [吞吐率：7.70req/s] [内存消耗：629.62kb] [文件加载：74]
[ info ] [ BEHAVIOR ] Run Closure @app_init [ RunTime:0.000402s ]
[ info ] [ CACHE ] INIT File
[ info ] [ BEHAVIOR ] Run Closure @app_init [ RunTime:0.003734s ]
[ info ] [ BEHAVIOR ] Run app\common\behavior\Common @app_init [ RunTime:0.001576s ]
[ info ] [ LANG ] D:\work\WAR_investment\code\thinkphp\lang\zh-cn.php
[ info ] [ BEHAVIOR ] Run app\common\behavior\Common @app_dispatch [ RunTime:0.000914s ]
[ info ] [ ROUTE ] array (
  'type' => 'module',
  'module' => 
  array (
    0 => 'api',
    1 => 'asset',
    2 => 'getUserAssetList',
  ),
)
[ info ] [ HEADER ] array (
  'host' => '192.168.31.37:8001',
  'connection' => 'keep-alive',
  'content-length' => '234',
  'accept' => 'application/json',
  'accept-encoding' => 'gzip, deflate',
  'accept-language' => 'zh-CN',
  'content-type' => 'multipart/form-data; boundary=----WebKitFormBoundaryQsagxFvKUWUjABF4',
  'user-agent' => 'Mozilla/5.0 (Windows NT 10.0; Win64; x64) AppleWebKit/537.36 (KHTML, like Gecko) runapi/2.0.5 Chrome/80.0.3987.163 Electron/8.5.5 Safari/537.36',
  'token' => 'b0a2b15a-4928-4a9c-9c53-9452daebb773',
)
[ info ] [ PARAM ] array (
  'page' => '1',
  'page_size' => '10',
)
[ info ] [ LANG ] D:\work\WAR_investment\code\public/../application/api\lang\zh-cn.php
[ info ] [ BEHAVIOR ] Run app\common\behavior\Common @module_init [ RunTime:0.003518s ]
[ info ] [ TOKEN ] INIT Mysql
[ info ] [ DB ] INIT mysql
[ info ] [ RUN ] app\api\controller\Asset->getUserAssetList[ D:\work\WAR_investment\code\application\api\controller\Asset.php ]
[ info ] [ LOG ] INIT File
---------------------------------------------------------------
[ 2023-05-10T18:59:41+08:00 ] 192.168.31.37 POST 192.168.31.37:8001/api/recharge/getRechargeList
[运行时间：0.130584s] [吞吐率：7.66req/s] [内存消耗：646.17kb] [文件加载：75]
[ info ] [ BEHAVIOR ] Run Closure @app_init [ RunTime:0.000406s ]
[ info ] [ CACHE ] INIT File
[ info ] [ BEHAVIOR ] Run Closure @app_init [ RunTime:0.003862s ]
[ info ] [ BEHAVIOR ] Run app\common\behavior\Common @app_init [ RunTime:0.001572s ]
[ info ] [ LANG ] D:\work\WAR_investment\code\thinkphp\lang\zh-cn.php
[ info ] [ BEHAVIOR ] Run app\common\behavior\Common @app_dispatch [ RunTime:0.000825s ]
[ info ] [ ROUTE ] array (
  'type' => 'module',
  'module' => 
  array (
    0 => 'api',
    1 => 'recharge',
    2 => 'getRechargeList',
  ),
)
[ info ] [ HEADER ] array (
  'host' => '192.168.31.37:8001',
  'connection' => 'keep-alive',
  'content-length' => '231',
  'accept' => 'application/json',
  'accept-encoding' => 'gzip, deflate',
  'accept-language' => 'zh-CN',
  'content-type' => 'multipart/form-data; boundary=----WebKitFormBoundaryj4BI2cmvVboRjiEB',
  'user-agent' => 'Mozilla/5.0 (Windows NT 10.0; Win64; x64) AppleWebKit/537.36 (KHTML, like Gecko) runapi/2.0.5 Chrome/80.0.3987.163 Electron/8.5.5 Safari/537.36',
  'token' => 'b0a2b15a-4928-4a9c-9c53-9452daebb773',
)
[ info ] [ PARAM ] array (
  'page' => '',
  'page_size' => '',
)
[ info ] [ LANG ] D:\work\WAR_investment\code\public/../application/api\lang\zh-cn.php
[ info ] [ BEHAVIOR ] Run app\common\behavior\Common @module_init [ RunTime:0.003585s ]
[ info ] [ TOKEN ] INIT Mysql
[ info ] [ DB ] INIT mysql
[ info ] [ RUN ] app\api\controller\Recharge->getRechargeList[ D:\work\WAR_investment\code\application\api\controller\Recharge.php ]
[ info ] [ LOG ] INIT File
---------------------------------------------------------------
[ 2023-05-10T18:59:46+08:00 ] 192.168.31.37 POST 192.168.31.37:8001/api/recharge/getRechargeList
[运行时间：0.129342s] [吞吐率：7.73req/s] [内存消耗：644.88kb] [文件加载：75]
[ info ] [ BEHAVIOR ] Run Closure @app_init [ RunTime:0.000426s ]
[ info ] [ CACHE ] INIT File
[ info ] [ BEHAVIOR ] Run Closure @app_init [ RunTime:0.003665s ]
[ info ] [ BEHAVIOR ] Run app\common\behavior\Common @app_init [ RunTime:0.001468s ]
[ info ] [ LANG ] D:\work\WAR_investment\code\thinkphp\lang\zh-cn.php
[ info ] [ BEHAVIOR ] Run app\common\behavior\Common @app_dispatch [ RunTime:0.000885s ]
[ info ] [ ROUTE ] array (
  'type' => 'module',
  'module' => 
  array (
    0 => 'api',
    1 => 'recharge',
    2 => 'getRechargeList',
  ),
)
[ info ] [ HEADER ] array (
  'host' => '192.168.31.37:8001',
  'connection' => 'keep-alive',
  'content-length' => '234',
  'accept' => 'application/json',
  'accept-encoding' => 'gzip, deflate',
  'accept-language' => 'zh-CN',
  'content-type' => 'multipart/form-data; boundary=----WebKitFormBoundary77hTAmqyA4sKg1M3',
  'user-agent' => 'Mozilla/5.0 (Windows NT 10.0; Win64; x64) AppleWebKit/537.36 (KHTML, like Gecko) runapi/2.0.5 Chrome/80.0.3987.163 Electron/8.5.5 Safari/537.36',
  'token' => 'b0a2b15a-4928-4a9c-9c53-9452daebb773',
)
[ info ] [ PARAM ] array (
  'page' => '1',
  'page_size' => '10',
)
[ info ] [ LANG ] D:\work\WAR_investment\code\public/../application/api\lang\zh-cn.php
[ info ] [ BEHAVIOR ] Run app\common\behavior\Common @module_init [ RunTime:0.003872s ]
[ info ] [ TOKEN ] INIT Mysql
[ info ] [ DB ] INIT mysql
[ info ] [ RUN ] app\api\controller\Recharge->getRechargeList[ D:\work\WAR_investment\code\application\api\controller\Recharge.php ]
[ info ] [ LOG ] INIT File
---------------------------------------------------------------
[ 2023-05-10T19:05:38+08:00 ] 192.168.31.37 POST 192.168.31.37:8001/api/asset/extractApply
[运行时间：0.128762s] [吞吐率：7.77req/s] [内存消耗：629.66kb] [文件加载：74]
[ info ] [ BEHAVIOR ] Run Closure @app_init [ RunTime:0.000404s ]
[ info ] [ CACHE ] INIT File
[ info ] [ BEHAVIOR ] Run Closure @app_init [ RunTime:0.003874s ]
[ info ] [ BEHAVIOR ] Run app\common\behavior\Common @app_init [ RunTime:0.001599s ]
[ info ] [ LANG ] D:\work\WAR_investment\code\thinkphp\lang\zh-cn.php
[ info ] [ BEHAVIOR ] Run app\common\behavior\Common @app_dispatch [ RunTime:0.000816s ]
[ info ] [ ROUTE ] array (
  'type' => 'module',
  'module' => 
  array (
    0 => 'api',
    1 => 'asset',
    2 => 'extractApply',
  ),
)
[ info ] [ HEADER ] array (
  'host' => '192.168.31.37:8001',
  'connection' => 'keep-alive',
  'content-length' => '347',
  'accept' => 'application/json',
  'accept-encoding' => 'gzip, deflate',
  'accept-language' => 'zh-CN',
  'content-type' => 'multipart/form-data; boundary=----WebKitFormBoundaryWPZfSFnx3zW4flVn',
  'user-agent' => 'Mozilla/5.0 (Windows NT 10.0; Win64; x64) AppleWebKit/537.36 (KHTML, like Gecko) runapi/2.0.5 Chrome/80.0.3987.163 Electron/8.5.5 Safari/537.36',
  'token' => 'b0a2b15a-4928-4a9c-9c53-9452daebb773',
)
[ info ] [ PARAM ] array (
  'bank_card_id' => '1',
  'apply_amount' => '100',
  'safe_pwd' => '123456',
)
[ info ] [ LANG ] D:\work\WAR_investment\code\public/../application/api\lang\zh-cn.php
[ info ] [ BEHAVIOR ] Run app\common\behavior\Common @module_init [ RunTime:0.003582s ]
[ info ] [ TOKEN ] INIT Mysql
[ info ] [ DB ] INIT mysql
[ info ] [ RUN ] app\api\controller\Asset->extractApply[ D:\work\WAR_investment\code\application\api\controller\Asset.php ]
[ info ] [ LOG ] INIT File
---------------------------------------------------------------
[ 2023-05-10T19:10:02+08:00 ] 192.168.31.37 POST 192.168.31.37:8001/api/asset/getExtractApplyList
[运行时间：0.129848s] [吞吐率：7.70req/s] [内存消耗：629.53kb] [文件加载：74]
[ info ] [ BEHAVIOR ] Run Closure @app_init [ RunTime:0.000411s ]
[ info ] [ CACHE ] INIT File
[ info ] [ BEHAVIOR ] Run Closure @app_init [ RunTime:0.003750s ]
[ info ] [ BEHAVIOR ] Run app\common\behavior\Common @app_init [ RunTime:0.001584s ]
[ info ] [ LANG ] D:\work\WAR_investment\code\thinkphp\lang\zh-cn.php
[ info ] [ BEHAVIOR ] Run app\common\behavior\Common @app_dispatch [ RunTime:0.000840s ]
[ info ] [ ROUTE ] array (
  'type' => 'module',
  'module' => 
  array (
    0 => 'api',
    1 => 'asset',
    2 => 'getExtractApplyList',
  ),
)
[ info ] [ HEADER ] array (
  'host' => '192.168.31.37:8001',
  'connection' => 'keep-alive',
  'content-length' => '44',
  'accept' => 'application/json',
  'accept-encoding' => 'gzip, deflate',
  'accept-language' => 'zh-CN',
  'content-type' => 'multipart/form-data; boundary=----WebKitFormBoundaryQ4i8yBlGNK18TeUX',
  'user-agent' => 'Mozilla/5.0 (Windows NT 10.0; Win64; x64) AppleWebKit/537.36 (KHTML, like Gecko) runapi/2.0.5 Chrome/80.0.3987.163 Electron/8.5.5 Safari/537.36',
  'token' => 'b0a2b15a-4928-4a9c-9c53-9452daebb773',
)
[ info ] [ PARAM ] array (
)
[ info ] [ LANG ] D:\work\WAR_investment\code\public/../application/api\lang\zh-cn.php
[ info ] [ BEHAVIOR ] Run app\common\behavior\Common @module_init [ RunTime:0.003548s ]
[ info ] [ TOKEN ] INIT Mysql
[ info ] [ DB ] INIT mysql
[ info ] [ RUN ] app\api\controller\Asset->getExtractApplyList[ D:\work\WAR_investment\code\application\api\controller\Asset.php ]
[ info ] [ LOG ] INIT File
---------------------------------------------------------------
[ 2023-05-10T19:10:14+08:00 ] 192.168.31.37 POST 192.168.31.37:8001/api/asset/getExtractApplyList
[运行时间：0.120236s] [吞吐率：8.32req/s] [内存消耗：628.52kb] [文件加载：74]
[ info ] [ BEHAVIOR ] Run Closure @app_init [ RunTime:0.000399s ]
[ info ] [ CACHE ] INIT File
[ info ] [ BEHAVIOR ] Run Closure @app_init [ RunTime:0.003373s ]
[ info ] [ BEHAVIOR ] Run app\common\behavior\Common @app_init [ RunTime:0.001317s ]
[ info ] [ LANG ] D:\work\WAR_investment\code\thinkphp\lang\zh-cn.php
[ info ] [ BEHAVIOR ] Run app\common\behavior\Common @app_dispatch [ RunTime:0.000830s ]
[ info ] [ ROUTE ] array (
  'type' => 'module',
  'module' => 
  array (
    0 => 'api',
    1 => 'asset',
    2 => 'getExtractApplyList',
  ),
)
[ info ] [ HEADER ] array (
  'host' => '192.168.31.37:8001',
  'connection' => 'keep-alive',
  'content-length' => '234',
  'accept' => 'application/json',
  'accept-encoding' => 'gzip, deflate',
  'accept-language' => 'zh-CN',
  'content-type' => 'multipart/form-data; boundary=----WebKitFormBoundary9GYMGBlQkBLEJu9V',
  'user-agent' => 'Mozilla/5.0 (Windows NT 10.0; Win64; x64) AppleWebKit/537.36 (KHTML, like Gecko) runapi/2.0.5 Chrome/80.0.3987.163 Electron/8.5.5 Safari/537.36',
  'token' => 'b0a2b15a-4928-4a9c-9c53-9452daebb773',
)
[ info ] [ PARAM ] array (
  'page' => '1',
  'page_size' => '10',
)
[ info ] [ LANG ] D:\work\WAR_investment\code\public/../application/api\lang\zh-cn.php
[ info ] [ BEHAVIOR ] Run app\common\behavior\Common @module_init [ RunTime:0.003373s ]
[ info ] [ TOKEN ] INIT Mysql
[ info ] [ DB ] INIT mysql
[ info ] [ RUN ] app\api\controller\Asset->getExtractApplyList[ D:\work\WAR_investment\code\application\api\controller\Asset.php ]
[ info ] [ LOG ] INIT File
