---------------------------------------------------------------
[ 2023-05-12T18:23:18+08:00 ] 192.168.31.37 GET 192.168.31.37:8001/MjkBryoaOv.php/commands/order/orderDailyRelease
[ info ] [ BEHAVIOR ] Run Closure @app_init [ RunTime:0.000422s ]
[ info ] [ CACHE ] INIT File
[ info ] [ BEHAVIOR ] Run Closure @app_init [ RunTime:0.003545s ]
[ info ] [ BEHAVIOR ] Run app\common\behavior\Common @app_init [ RunTime:0.001366s ]
[ info ] [ LANG ] D:\work\WAR_investment\code\thinkphp\lang\zh-cn.php
[ info ] [ BEHAVIOR ] Run app\common\behavior\Common @app_dispatch [ RunTime:0.000821s ]
[ info ] [ ROUTE ] array (
  'type' => 'module',
  'module' => 
  array (
    0 => 'admin',
    1 => 'commands.order',
    2 => 'orderDailyRelease',
  ),
)
[ info ] [ HEADER ] array (
  'host' => '192.168.31.37:8001',
  'connection' => 'keep-alive',
  'cache-control' => 'max-age=0',
  'upgrade-insecure-requests' => '1',
  'user-agent' => 'Mozilla/5.0 (Windows NT 10.0; Win64; x64) AppleWebKit/537.36 (KHTML, like Gecko) Chrome/113.0.0.0 Safari/537.36',
  'accept' => 'text/html,application/xhtml+xml,application/xml;q=0.9,image/avif,image/webp,image/apng,*/*;q=0.8,application/signed-exchange;v=b3;q=0.7',
  'accept-encoding' => 'gzip, deflate',
  'accept-language' => 'zh-CN,zh;q=0.9',
  'cookie' => 'PHPSESSID=f6qv6a5eo0083631t4sn68beqm; think_var=zh-cn',
)
[ info ] [ PARAM ] array (
)
[ info ] [ LANG ] D:\work\WAR_investment\code\public/../application/admin\lang\zh-cn.php
[ info ] [ BEHAVIOR ] Run app\common\behavior\Common @module_init [ RunTime:0.003500s ]
[ info ] [ SESSION ] INIT array (
  'id' => '',
  'var_session_id' => '',
  'prefix' => 'think',
  'type' => '',
  'auto_start' => true,
)
[ info ] [ RUN ] app\admin\controller\commands\Order->orderDailyRelease[ D:\work\WAR_investment\code\application\admin\controller\commands\Order.php ]
[ info ] [ DB ] INIT mysql
[ log ] orderDailyReleaseï¼šUndefined index: already_return_principal
---------------------------------------------------------------
[ 2023-05-12T18:23:18+08:00 ] 192.168.31.37 GET 192.168.31.37:8001/MjkBryoaOv.php/commands/order/orderDailyRelease
[è¿è¡Œæ—¶é—´ï¼š0.354339s] [åžåçŽ‡ï¼š2.82req/s] [å†…å­˜æ¶ˆè€—ï¼š745.64kb] [æ–‡ä»¶åŠ è½½ï¼š88]
[ info ] [ BEHAVIOR ] Run app\admin\behavior\AdminLog @app_end [ RunTime:0.001098s ]
---------------------------------------------------------------
[ 2023-05-12T18:23:37+08:00 ] 192.168.31.37 GET 192.168.31.37:8001/MjkBryoaOv.php/commands/order/orderDailyRelease
[è¿è¡Œæ—¶é—´ï¼š0.121074s] [åžåçŽ‡ï¼š8.26req/s] [å†…å­˜æ¶ˆè€—ï¼š691.81kb] [æ–‡ä»¶åŠ è½½ï¼š74]
[ info ] [ BEHAVIOR ] Run Closure @app_init [ RunTime:0.000417s ]
[ info ] [ CACHE ] INIT File
[ info ] [ BEHAVIOR ] Run Closure @app_init [ RunTime:0.003470s ]
[ info ] [ BEHAVIOR ] Run app\common\behavior\Common @app_init [ RunTime:0.001332s ]
[ info ] [ LANG ] D:\work\WAR_investment\code\thinkphp\lang\zh-cn.php
[ info ] [ BEHAVIOR ] Run app\common\behavior\Common @app_dispatch [ RunTime:0.000817s ]
[ info ] [ ROUTE ] array (
  'type' => 'module',
  'module' => 
  array (
    0 => 'admin',
    1 => 'commands.order',
    2 => 'orderDailyRelease',
  ),
)
[ info ] [ HEADER ] array (
  'host' => '192.168.31.37:8001',
  'connection' => 'keep-alive',
  'cache-control' => 'max-age=0',
  'upgrade-insecure-requests' => '1',
  'user-agent' => 'Mozilla/5.0 (Windows NT 10.0; Win64; x64) AppleWebKit/537.36 (KHTML, like Gecko) Chrome/113.0.0.0 Safari/537.36',
  'accept' => 'text/html,application/xhtml+xml,application/xml;q=0.9,image/avif,image/webp,image/apng,*/*;q=0.8,application/signed-exchange;v=b3;q=0.7',
  'accept-encoding' => 'gzip, deflate',
  'accept-language' => 'zh-CN,zh;q=0.9',
  'cookie' => 'PHPSESSID=f6qv6a5eo0083631t4sn68beqm; think_var=zh-cn',
)
[ info ] [ PARAM ] array (
)
[ info ] [ LANG ] D:\work\WAR_investment\code\public/../application/admin\lang\zh-cn.php
[ info ] [ BEHAVIOR ] Run app\common\behavior\Common @module_init [ RunTime:0.003537s ]
[ info ] [ SESSION ] INIT array (
  'id' => '',
  'var_session_id' => '',
  'prefix' => 'think',
  'type' => '',
  'auto_start' => true,
)
[ info ] [ RUN ] app\admin\controller\commands\Order->orderDailyRelease[ D:\work\WAR_investment\code\application\admin\controller\commands\Order.php ]
[ info ] [ DB ] INIT mysql
[ info ] [ LOG ] INIT File
---------------------------------------------------------------
[ 2023-05-12T18:23:54+08:00 ] 192.168.31.37 GET 192.168.31.37:8001/MjkBryoaOv.php/commands/order/orderDailyRelease
[è¿è¡Œæ—¶é—´ï¼š0.294689s] [åžåçŽ‡ï¼š3.39req/s] [å†…å­˜æ¶ˆè€—ï¼š772.11kb] [æ–‡ä»¶åŠ è½½ï¼š79]
[ info ] [ BEHAVIOR ] Run Closure @app_init [ RunTime:0.000468s ]
[ info ] [ CACHE ] INIT File
[ info ] [ BEHAVIOR ] Run Closure @app_init [ RunTime:0.004080s ]
[ info ] [ BEHAVIOR ] Run app\common\behavior\Common @app_init [ RunTime:0.001652s ]
[ info ] [ LANG ] D:\work\WAR_investment\code\thinkphp\lang\zh-cn.php
[ info ] [ BEHAVIOR ] Run app\common\behavior\Common @app_dispatch [ RunTime:0.000811s ]
[ info ] [ ROUTE ] array (
  'type' => 'module',
  'module' => 
  array (
    0 => 'admin',
    1 => 'commands.order',
    2 => 'orderDailyRelease',
  ),
)
[ info ] [ HEADER ] array (
  'host' => '192.168.31.37:8001',
  'connection' => 'keep-alive',
  'cache-control' => 'max-age=0',
  'upgrade-insecure-requests' => '1',
  'user-agent' => 'Mozilla/5.0 (Windows NT 10.0; Win64; x64) AppleWebKit/537.36 (KHTML, like Gecko) Chrome/113.0.0.0 Safari/537.36',
  'accept' => 'text/html,application/xhtml+xml,application/xml;q=0.9,image/avif,image/webp,image/apng,*/*;q=0.8,application/signed-exchange;v=b3;q=0.7',
  'accept-encoding' => 'gzip, deflate',
  'accept-language' => 'zh-CN,zh;q=0.9',
  'cookie' => 'PHPSESSID=f6qv6a5eo0083631t4sn68beqm; think_var=zh-cn',
)
[ info ] [ PARAM ] array (
)
[ info ] [ LANG ] D:\work\WAR_investment\code\public/../application/admin\lang\zh-cn.php
[ info ] [ BEHAVIOR ] Run app\common\behavior\Common @module_init [ RunTime:0.003504s ]
[ info ] [ SESSION ] INIT array (
  'id' => '',
  'var_session_id' => '',
  'prefix' => 'think',
  'type' => '',
  'auto_start' => true,
)
[ info ] [ RUN ] app\admin\controller\commands\Order->orderDailyRelease[ D:\work\WAR_investment\code\application\admin\controller\commands\Order.php ]
[ info ] [ DB ] INIT mysql
[ info ] [ LOG ] INIT File
---------------------------------------------------------------
[ 2023-05-12T18:24:12+08:00 ] 192.168.31.37 GET 192.168.31.37:8001/MjkBryoaOv.php/commands/order/orderDailyRelease
[ info ] [ BEHAVIOR ] Run Closure @app_init [ RunTime:0.000417s ]
[ info ] [ CACHE ] INIT File
[ info ] [ BEHAVIOR ] Run Closure @app_init [ RunTime:0.003473s ]
[ info ] [ BEHAVIOR ] Run app\common\behavior\Common @app_init [ RunTime:0.001326s ]
[ info ] [ LANG ] D:\work\WAR_investment\code\thinkphp\lang\zh-cn.php
[ info ] [ BEHAVIOR ] Run app\common\behavior\Common @app_dispatch [ RunTime:0.000807s ]
[ info ] [ ROUTE ] array (
  'type' => 'module',
  'module' => 
  array (
    0 => 'admin',
    1 => 'commands.order',
    2 => 'orderDailyRelease',
  ),
)
[ info ] [ HEADER ] array (
  'host' => '192.168.31.37:8001',
  'connection' => 'keep-alive',
  'cache-control' => 'max-age=0',
  'upgrade-insecure-requests' => '1',
  'user-agent' => 'Mozilla/5.0 (Windows NT 10.0; Win64; x64) AppleWebKit/537.36 (KHTML, like Gecko) Chrome/113.0.0.0 Safari/537.36',
  'accept' => 'text/html,application/xhtml+xml,application/xml;q=0.9,image/avif,image/webp,image/apng,*/*;q=0.8,application/signed-exchange;v=b3;q=0.7',
  'accept-encoding' => 'gzip, deflate',
  'accept-language' => 'zh-CN,zh;q=0.9',
  'cookie' => 'PHPSESSID=f6qv6a5eo0083631t4sn68beqm; think_var=zh-cn',
)
[ info ] [ PARAM ] array (
)
[ info ] [ LANG ] D:\work\WAR_investment\code\public/../application/admin\lang\zh-cn.php
[ info ] [ BEHAVIOR ] Run app\common\behavior\Common @module_init [ RunTime:0.003496s ]
[ info ] [ SESSION ] INIT array (
  'id' => '',
  'var_session_id' => '',
  'prefix' => 'think',
  'type' => '',
  'auto_start' => true,
)
[ info ] [ RUN ] app\admin\controller\commands\Order->orderDailyRelease[ D:\work\WAR_investment\code\application\admin\controller\commands\Order.php ]
[ info ] [ DB ] INIT mysql
[ log ] orderDailyReleaseï¼šUndefined index: already_return_principal
---------------------------------------------------------------
[ 2023-05-12T18:24:12+08:00 ] 192.168.31.37 GET 192.168.31.37:8001/MjkBryoaOv.php/commands/order/orderDailyRelease
[è¿è¡Œæ—¶é—´ï¼š0.355388s] [åžåçŽ‡ï¼š2.81req/s] [å†…å­˜æ¶ˆè€—ï¼š745.64kb] [æ–‡ä»¶åŠ è½½ï¼š88]
[ info ] [ BEHAVIOR ] Run app\admin\behavior\AdminLog @app_end [ RunTime:0.001266s ]
---------------------------------------------------------------
[ 2023-05-12T18:25:42+08:00 ] 192.168.31.37 GET 192.168.31.37:8001/MjkBryoaOv.php/commands/order/orderDailyRelease
[è¿è¡Œæ—¶é—´ï¼š0.383560s] [åžåçŽ‡ï¼š2.61req/s] [å†…å­˜æ¶ˆè€—ï¼š745.27kb] [æ–‡ä»¶åŠ è½½ï¼š82]
[ info ] [ BEHAVIOR ] Run Closure @app_init [ RunTime:0.000421s ]
[ info ] [ CACHE ] INIT File
[ info ] [ BEHAVIOR ] Run Closure @app_init [ RunTime:0.003630s ]
[ info ] [ BEHAVIOR ] Run app\common\behavior\Common @app_init [ RunTime:0.001426s ]
[ info ] [ LANG ] D:\work\WAR_investment\code\thinkphp\lang\zh-cn.php
[ info ] [ BEHAVIOR ] Run app\common\behavior\Common @app_dispatch [ RunTime:0.000826s ]
[ info ] [ ROUTE ] array (
  'type' => 'module',
  'module' => 
  array (
    0 => 'admin',
    1 => 'commands.order',
    2 => 'orderDailyRelease',
  ),
)
[ info ] [ HEADER ] array (
  'host' => '192.168.31.37:8001',
  'connection' => 'keep-alive',
  'cache-control' => 'max-age=0',
  'upgrade-insecure-requests' => '1',
  'user-agent' => 'Mozilla/5.0 (Windows NT 10.0; Win64; x64) AppleWebKit/537.36 (KHTML, like Gecko) Chrome/113.0.0.0 Safari/537.36',
  'accept' => 'text/html,application/xhtml+xml,application/xml;q=0.9,image/avif,image/webp,image/apng,*/*;q=0.8,application/signed-exchange;v=b3;q=0.7',
  'accept-encoding' => 'gzip, deflate',
  'accept-language' => 'zh-CN,zh;q=0.9',
  'cookie' => 'PHPSESSID=f6qv6a5eo0083631t4sn68beqm; think_var=zh-cn',
)
[ info ] [ PARAM ] array (
)
[ info ] [ LANG ] D:\work\WAR_investment\code\public/../application/admin\lang\zh-cn.php
[ info ] [ BEHAVIOR ] Run app\common\behavior\Common @module_init [ RunTime:0.003361s ]
[ info ] [ SESSION ] INIT array (
  'id' => '',
  'var_session_id' => '',
  'prefix' => 'think',
  'type' => '',
  'auto_start' => true,
)
[ info ] [ RUN ] app\admin\controller\commands\Order->orderDailyRelease[ D:\work\WAR_investment\code\application\admin\controller\commands\Order.php ]
[ info ] [ DB ] INIT mysql
[ info ] [ BEHAVIOR ] Run app\admin\behavior\AdminLog @app_end [ RunTime:0.001336s ]
[ info ] [ LOG ] INIT File
---------------------------------------------------------------
[ 2023-05-12T18:39:00+08:00 ] 192.168.31.37 POST 192.168.31.37:8001/api/asset/getUserAssetList
[è¿è¡Œæ—¶é—´ï¼š0.181658s] [åžåçŽ‡ï¼š5.50req/s] [å†…å­˜æ¶ˆè€—ï¼š718.18kb] [æ–‡ä»¶åŠ è½½ï¼š78]
[ info ] [ BEHAVIOR ] Run Closure @app_init [ RunTime:0.000411s ]
[ info ] [ CACHE ] INIT File
[ info ] [ BEHAVIOR ] Run Closure @app_init [ RunTime:0.003828s ]
[ info ] [ BEHAVIOR ] Run app\common\behavior\Common @app_init [ RunTime:0.001624s ]
[ info ] [ LANG ] D:\work\WAR_investment\code\thinkphp\lang\zh-cn.php
[ info ] [ BEHAVIOR ] Run app\common\behavior\Common @app_dispatch [ RunTime:0.000853s ]
[ info ] [ ROUTE ] array (
  'type' => 'module',
  'module' => 
  array (
    0 => 'api',
    1 => 'asset',
    2 => 'getUserAssetList',
  ),
)
[ info ] [ HEADER ] array (
  'host' => '192.168.31.37:8001',
  'connection' => 'keep-alive',
  'content-length' => '234',
  'accept' => 'application/json',
  'accept-encoding' => 'gzip, deflate',
  'accept-language' => 'zh-CN',
  'content-type' => 'multipart/form-data; boundary=----WebKitFormBoundary07JqAmdrHRAHrWlh',
  'user-agent' => 'Mozilla/5.0 (Windows NT 10.0; Win64; x64) AppleWebKit/537.36 (KHTML, like Gecko) runapi/2.0.5 Chrome/80.0.3987.163 Electron/8.5.5 Safari/537.36',
  'token' => 'b0a2b15a-4928-4a9c-9c53-9452daebb773',
)
[ info ] [ PARAM ] array (
  'page' => '1',
  'page_size' => '10',
)
[ info ] [ LANG ] D:\work\WAR_investment\code\public/../application/api\lang\zh-cn.php
[ info ] [ BEHAVIOR ] Run app\common\behavior\Common @module_init [ RunTime:0.003664s ]
[ info ] [ TOKEN ] INIT Mysql
[ info ] [ DB ] INIT mysql
[ info ] [ RUN ] app\api\controller\Asset->getUserAssetList[ D:\work\WAR_investment\code\application\api\controller\Asset.php ]
[ info ] [ LOG ] INIT File
---------------------------------------------------------------
[ 2023-05-12T19:08:00+08:00 ] 192.168.31.37 GET 192.168.31.37:8001/MjkBryoaOv.php/commands/order/orderDailyRelease
[è¿è¡Œæ—¶é—´ï¼š2.251084s] [åžåçŽ‡ï¼š0.44req/s] [å†…å­˜æ¶ˆè€—ï¼š664.01kb] [æ–‡ä»¶åŠ è½½ï¼š73]
[ info ] [ BEHAVIOR ] Run Closure @app_init [ RunTime:0.002696s ]
[ info ] [ CACHE ] INIT File
[ info ] [ BEHAVIOR ] Run Closure @app_init [ RunTime:0.009363s ]
[ info ] [ BEHAVIOR ] Run app\common\behavior\Common @app_init [ RunTime:0.004356s ]
[ info ] [ LANG ] D:\work\WAR_investment\code\thinkphp\lang\zh-cn.php
[ info ] [ BEHAVIOR ] Run app\common\behavior\Common @app_dispatch [ RunTime:0.000946s ]
[ info ] [ ROUTE ] array (
  'type' => 'module',
  'module' => 
  array (
    0 => 'admin',
    1 => 'commands.order',
    2 => 'orderDailyRelease',
  ),
)
[ info ] [ HEADER ] array (
  'host' => '192.168.31.37:8001',
  'connection' => 'keep-alive',
  'upgrade-insecure-requests' => '1',
  'user-agent' => 'Mozilla/5.0 (Windows NT 10.0; Win64; x64) AppleWebKit/537.36 (KHTML, like Gecko) Chrome/113.0.0.0 Safari/537.36',
  'accept' => 'text/html,application/xhtml+xml,application/xml;q=0.9,image/avif,image/webp,image/apng,*/*;q=0.8,application/signed-exchange;v=b3;q=0.7',
  'accept-encoding' => 'gzip, deflate',
  'accept-language' => 'zh-CN,zh;q=0.9',
)
[ info ] [ PARAM ] array (
)
[ info ] [ LANG ] D:\work\WAR_investment\code\public/../application/admin\lang\zh-cn.php
[ info ] [ BEHAVIOR ] Run app\common\behavior\Common @module_init [ RunTime:0.006995s ]
[ info ] [ SESSION ] INIT array (
  'id' => '',
  'var_session_id' => '',
  'prefix' => 'think',
  'type' => '',
  'auto_start' => true,
)
[ info ] [ RUN ] app\admin\controller\commands\Order->orderDailyRelease[ D:\work\WAR_investment\code\application\admin\controller\commands\Order.php ]
[ info ] [ DB ] INIT mysql
[ info ] [ LOG ] INIT File
[ error ] [2002]SQLSTATE[HY000] [2002] ÓÉÓÚÄ¿±ê¼ÆËã»ú»ý¼«¾Ü¾ø£¬ÎÞ·¨Á¬½Ó¡£
[D:\work\WAR_investment\code\thinkphp\library\think\db\Connection.php:295]
---------------------------------------------------------------
[ 2023-05-12T19:08:00+08:00 ] 192.168.31.37 GET 192.168.31.37:8001/favicon.ico
[è¿è¡Œæ—¶é—´ï¼š0.051712s] [åžåçŽ‡ï¼š19.34req/s] [å†…å­˜æ¶ˆè€—ï¼š233.80kb] [æ–‡ä»¶åŠ è½½ï¼š54]
[ info ] [ BEHAVIOR ] Run Closure @app_init [ RunTime:0.000480s ]
[ info ] [ CACHE ] INIT File
[ info ] [ BEHAVIOR ] Run Closure @app_init [ RunTime:0.003912s ]
[ info ] [ BEHAVIOR ] Run app\common\behavior\Common @app_init [ RunTime:0.001674s ]
[ info ] [ LANG ] D:\work\WAR_investment\code\thinkphp\lang\zh-cn.php
[ info ] [ BEHAVIOR ] Run app\common\behavior\Common @app_dispatch [ RunTime:0.000846s ]
[ info ] [ ROUTE ] array (
  'type' => 'module',
  'module' => 
  array (
    0 => 'favicon.ico',
    1 => NULL,
    2 => NULL,
  ),
)
[ info ] [ HEADER ] array (
  'host' => '192.168.31.37:8001',
  'connection' => 'keep-alive',
  'user-agent' => 'Mozilla/5.0 (Windows NT 10.0; Win64; x64) AppleWebKit/537.36 (KHTML, like Gecko) Chrome/113.0.0.0 Safari/537.36',
  'accept' => 'image/avif,image/webp,image/apng,image/svg+xml,image/*,*/*;q=0.8',
  'referer' => 'http://192.168.31.37:8001/MjkBryoaOv.php/commands/order/orderDailyRelease',
  'accept-encoding' => 'gzip, deflate',
  'accept-language' => 'zh-CN,zh;q=0.9',
  'cookie' => 'PHPSESSID=1ud7d1ttevulv55kam8lvo35mf',
)
[ info ] [ PARAM ] array (
)
[ info ] [ LOG ] INIT File
---------------------------------------------------------------
[ 2023-05-12T19:08:00+08:00 ] 192.168.31.37 GET 192.168.31.37:8001/MjkBryoaOv.php/index/login?url=%2FMjkBryoaOv.php%2Fdashboard%3Fref%3Daddtabs
[è¿è¡Œæ—¶é—´ï¼š0.091164s] [åžåçŽ‡ï¼š10.97req/s] [å†…å­˜æ¶ˆè€—ï¼š402.84kb] [æ–‡ä»¶åŠ è½½ï¼š72]
[ info ] [ BEHAVIOR ] Run Closure @app_init [ RunTime:0.000418s ]
[ info ] [ CACHE ] INIT File
[ info ] [ BEHAVIOR ] Run Closure @app_init [ RunTime:0.003478s ]
[ info ] [ BEHAVIOR ] Run app\common\behavior\Common @app_init [ RunTime:0.001349s ]
[ info ] [ LANG ] D:\work\WAR_investment\code\thinkphp\lang\zh-cn.php
[ info ] [ BEHAVIOR ] Run app\common\behavior\Common @app_dispatch [ RunTime:0.000846s ]
[ info ] [ ROUTE ] array (
  'type' => 'module',
  'module' => 
  array (
    0 => 'admin',
    1 => 'index',
    2 => 'login',
  ),
)
[ info ] [ HEADER ] array (
  'host' => '192.168.31.37:8001',
  'connection' => 'keep-alive',
  'upgrade-insecure-requests' => '1',
  'user-agent' => 'Mozilla/5.0 (Windows NT 10.0; Win64; x64) AppleWebKit/537.36 (KHTML, like Gecko) Chrome/113.0.0.0 Safari/537.36',
  'accept' => 'text/html,application/xhtml+xml,application/xml;q=0.9,image/avif,image/webp,image/apng,*/*;q=0.8,application/signed-exchange;v=b3;q=0.7',
  'referer' => 'http://192.168.31.37:8001/MjkBryoaOv.php/dashboard?ref=addtabs',
  'accept-encoding' => 'gzip, deflate',
  'accept-language' => 'zh-CN,zh;q=0.9',
  'cookie' => 'PHPSESSID=1ud7d1ttevulv55kam8lvo35mf',
)
[ info ] [ PARAM ] array (
  'url' => '/MjkBryoaOv.php/dashboard?ref=addtabs',
)
[ info ] [ LANG ] D:\work\WAR_investment\code\public/../application/admin\lang\zh-cn.php
[ info ] [ BEHAVIOR ] Run app\common\behavior\Common @module_init [ RunTime:0.004114s ]
[ info ] [ SESSION ] INIT array (
  'id' => '',
  'var_session_id' => '',
  'prefix' => 'think',
  'type' => '',
  'auto_start' => true,
)
[ info ] [ LANG ] D:\work\WAR_investment\code\public/../application/admin/lang/zh-cn/index.php
[ info ] [ RUN ] app\admin\controller\Index->login[ D:\work\WAR_investment\code\application\admin\controller\Index.php ]
[ info ] [ VIEW ] D:\work\WAR_investment\code\public/../application/admin\view\index\login.html [ array (
  0 => 'breadcrumb',
  1 => 'site',
  2 => 'config',
  3 => 'auth',
  4 => 'admin',
  5 => 'background',
  6 => 'title',
) ]
[ info ] [ BEHAVIOR ] Run app\admin\behavior\AdminLog @app_end [ RunTime:0.001675s ]
[ info ] [ LOG ] INIT File
---------------------------------------------------------------
[ 2023-05-12T19:08:01+08:00 ] 192.168.31.37 GET 192.168.31.37:8001/index.php?s=/captcha
[è¿è¡Œæ—¶é—´ï¼š0.080590s] [åžåçŽ‡ï¼š12.41req/s] [å†…å­˜æ¶ˆè€—ï¼š255.29kb] [æ–‡ä»¶åŠ è½½ï¼š53]
[ info ] [ BEHAVIOR ] Run Closure @app_init [ RunTime:0.000456s ]
[ info ] [ CACHE ] INIT File
[ info ] [ BEHAVIOR ] Run Closure @app_init [ RunTime:0.003793s ]
[ info ] [ BEHAVIOR ] Run app\common\behavior\Common @app_init [ RunTime:0.001596s ]
[ info ] [ LANG ] D:\work\WAR_investment\code\thinkphp\lang\zh-cn.php
[ info ] [ BEHAVIOR ] Run app\common\behavior\Common @app_dispatch [ RunTime:0.001557s ]
[ info ] [ ROUTE ] array (
  'type' => 'method',
  'method' => 
  array (
    0 => '\\think\\captcha\\CaptchaController',
    1 => 'index',
  ),
  'var' => 
  array (
  ),
)
[ info ] [ HEADER ] array (
  'host' => '192.168.31.37:8001',
  'connection' => 'keep-alive',
  'user-agent' => 'Mozilla/5.0 (Windows NT 10.0; Win64; x64) AppleWebKit/537.36 (KHTML, like Gecko) Chrome/113.0.0.0 Safari/537.36',
  'accept' => 'image/avif,image/webp,image/apng,image/svg+xml,image/*,*/*;q=0.8',
  'accept-encoding' => 'gzip, deflate',
  'accept-language' => 'zh-CN,zh;q=0.9',
  'cookie' => 'PHPSESSID=1ud7d1ttevulv55kam8lvo35mf',
)
[ info ] [ PARAM ] array (
  'id' => NULL,
)
[ info ] [ RUN ] think\captcha\CaptchaController->index[ D:\work\WAR_investment\code\vendor\topthink\think-captcha\src\CaptchaController.php ]
[ info ] [ SESSION ] INIT array (
  'id' => '',
  'var_session_id' => '',
  'prefix' => 'think',
  'type' => '',
  'auto_start' => true,
)
[ info ] [ LOG ] INIT File
---------------------------------------------------------------
[ 2023-05-12T19:08:05+08:00 ] 192.168.31.37 GET 192.168.31.37:8001/MjkBryoaOv.php/ajax/lang?callback=define&controllername=index&lang=zh-cn&v=1683889680&v=1683889680
[è¿è¡Œæ—¶é—´ï¼š0.100077s] [åžåçŽ‡ï¼š9.99req/s] [å†…å­˜æ¶ˆè€—ï¼š418.62kb] [æ–‡ä»¶åŠ è½½ï¼š73]
[ info ] [ BEHAVIOR ] Run Closure @app_init [ RunTime:0.000486s ]
[ info ] [ CACHE ] INIT File
[ info ] [ BEHAVIOR ] Run Closure @app_init [ RunTime:0.003992s ]
[ info ] [ BEHAVIOR ] Run app\common\behavior\Common @app_init [ RunTime:0.002522s ]
[ info ] [ LANG ] D:\work\WAR_investment\code\thinkphp\lang\zh-cn.php
[ info ] [ BEHAVIOR ] Run app\common\behavior\Common @app_dispatch [ RunTime:0.000861s ]
[ info ] [ ROUTE ] array (
  'type' => 'module',
  'module' => 
  array (
    0 => 'admin',
    1 => 'ajax',
    2 => 'lang',
  ),
)
[ info ] [ HEADER ] array (
  'host' => '192.168.31.37:8001',
  'connection' => 'keep-alive',
  'user-agent' => 'Mozilla/5.0 (Windows NT 10.0; Win64; x64) AppleWebKit/537.36 (KHTML, like Gecko) Chrome/113.0.0.0 Safari/537.36',
  'accept' => '*/*',
  'accept-encoding' => 'gzip, deflate',
  'accept-language' => 'zh-CN,zh;q=0.9',
  'cookie' => 'PHPSESSID=1ud7d1ttevulv55kam8lvo35mf',
)
[ info ] [ PARAM ] array (
  'callback' => 'define',
  'controllername' => 'index',
  'lang' => 'zh-cn',
  'v' => '1683889680',
)
[ info ] [ LANG ] D:\work\WAR_investment\code\public/../application/admin\lang\zh-cn.php
[ info ] [ BEHAVIOR ] Run app\common\behavior\Common @module_init [ RunTime:0.006063s ]
[ info ] [ SESSION ] INIT array (
  'id' => '',
  'var_session_id' => '',
  'prefix' => 'think',
  'type' => '',
  'auto_start' => true,
)
[ info ] [ LANG ] D:\work\WAR_investment\code\public/../application/admin/lang/zh-cn/ajax.php
[ info ] [ RUN ] app\admin\controller\Ajax->lang[ D:\work\WAR_investment\code\application\admin\controller\Ajax.php ]
[ info ] [ LANG ] D:\work\WAR_investment\code\public/../application/admin/lang/zh-cn/index.php
[ info ] [ BEHAVIOR ] Run app\admin\behavior\AdminLog @app_end [ RunTime:0.001258s ]
[ info ] [ LOG ] INIT File
