[ 2023-05-16T18:26:24+08:00 ][ info ] [ BEHAVIOR ] Run Closure @app_init [ RunTime:0.000116s ]
[ info ] [ LOG ] INIT File
info
[ 2023-05-16T18:26:24+08:00 ][ info ] [ CACHE ] INIT File
info
[ 2023-05-16T18:26:24+08:00 ][ info ] [ BEHAVIOR ] Run Closure @app_init [ RunTime:0.001832s ]
info
[ 2023-05-16T18:26:24+08:00 ][ info ] [ BEHAVIOR ] Run app\common\behavior\Common @app_init [ RunTime:0.000785s ]
info
[ 2023-05-16T18:26:24+08:00 ][ info ] [ BEHAVIOR ] Run Closure @app_init [ RunTime:0.000156s ]
[ info ] [ LOG ] INIT File
info
[ 2023-05-16T18:26:24+08:00 ][ info ] [ CACHE ] INIT File
info
[ 2023-05-16T18:26:24+08:00 ][ info ] [ BEHAVIOR ] Run Closure @app_init [ RunTime:0.002303s ]
info
[ 2023-05-16T18:26:24+08:00 ][ info ] [ BEHAVIOR ] Run app\common\behavior\Common @app_init [ RunTime:0.000830s ]
info
[ 2023-05-16T18:26:24+08:00 ][ info ] [ DB ] INIT mysql
info
[ 2023-05-16T18:26:24+08:00 ][ info ] [ BEHAVIOR ] Run Closure @app_init [ RunTime:0.000121s ]
[ info ] [ LOG ] INIT File
info
[ 2023-05-16T18:26:24+08:00 ][ info ] [ CACHE ] INIT File
info
[ 2023-05-16T18:26:24+08:00 ][ info ] [ BEHAVIOR ] Run Closure @app_init [ RunTime:0.001777s ]
info
[ 2023-05-16T18:26:24+08:00 ][ info ] [ BEHAVIOR ] Run app\common\behavior\Common @app_init [ RunTime:0.001227s ]
info
[ 2023-05-16T18:26:24+08:00 ][ info ] [ DB ] INIT mysql
info
[ 2023-05-16T18:26:24+08:00 ][ info ] [ BEHAVIOR ] Run Closure @app_init [ RunTime:0.000120s ]
[ info ] [ LOG ] INIT File
info
[ 2023-05-16T18:26:24+08:00 ][ info ] [ CACHE ] INIT File
info
[ 2023-05-16T18:26:24+08:00 ][ info ] [ BEHAVIOR ] Run Closure @app_init [ RunTime:0.001875s ]
info
[ 2023-05-16T18:26:24+08:00 ][ info ] [ BEHAVIOR ] Run app\common\behavior\Common @app_init [ RunTime:0.000813s ]
info
[ 2023-05-16T18:26:27+08:00 ][ info ] [ BEHAVIOR ] Run Closure @app_init [ RunTime:0.000119s ]
[ info ] [ LOG ] INIT File
info
[ 2023-05-16T18:26:27+08:00 ][ info ] [ CACHE ] INIT File
info
[ 2023-05-16T18:26:27+08:00 ][ info ] [ BEHAVIOR ] Run Closure @app_init [ RunTime:0.001736s ]
info
[ 2023-05-16T18:26:27+08:00 ][ info ] [ BEHAVIOR ] Run app\common\behavior\Common @app_init [ RunTime:0.000769s ]
info
[ 2023-05-16T18:26:31+08:00 ][ info ] [ BEHAVIOR ] Run Closure @app_init [ RunTime:0.000122s ]
[ info ] [ LOG ] INIT File
info
[ 2023-05-16T18:26:31+08:00 ][ info ] [ CACHE ] INIT File
info
[ 2023-05-16T18:26:31+08:00 ][ info ] [ BEHAVIOR ] Run Closure @app_init [ RunTime:0.001768s ]
info
[ 2023-05-16T18:26:31+08:00 ][ info ] [ BEHAVIOR ] Run app\common\behavior\Common @app_init [ RunTime:0.000786s ]
info
[ 2023-05-16T18:26:34+08:00 ][ info ] [ BEHAVIOR ] Run Closure @app_init [ RunTime:0.000134s ]
[ info ] [ LOG ] INIT File
info
[ 2023-05-16T18:26:34+08:00 ][ info ] [ CACHE ] INIT File
info
[ 2023-05-16T18:26:34+08:00 ][ info ] [ BEHAVIOR ] Run Closure @app_init [ RunTime:0.001834s ]
info
[ 2023-05-16T18:26:34+08:00 ][ info ] [ BEHAVIOR ] Run app\common\behavior\Common @app_init [ RunTime:0.000837s ]
info
[ 2023-05-16T18:26:37+08:00 ][ info ] [ BEHAVIOR ] Run Closure @app_init [ RunTime:0.000123s ]
[ info ] [ LOG ] INIT File
info
[ 2023-05-16T18:26:37+08:00 ][ info ] [ CACHE ] INIT File
info
[ 2023-05-16T18:26:37+08:00 ][ info ] [ BEHAVIOR ] Run Closure @app_init [ RunTime:0.001765s ]
info
[ 2023-05-16T18:26:37+08:00 ][ info ] [ BEHAVIOR ] Run app\common\behavior\Common @app_init [ RunTime:0.000791s ]
info
[ 2023-05-16T18:26:40+08:00 ][ info ] [ BEHAVIOR ] Run Closure @app_init [ RunTime:0.000124s ]
[ info ] [ LOG ] INIT File
info
[ 2023-05-16T18:26:40+08:00 ][ info ] [ CACHE ] INIT File
info
[ 2023-05-16T18:26:40+08:00 ][ info ] [ BEHAVIOR ] Run Closure @app_init [ RunTime:0.001789s ]
info
[ 2023-05-16T18:26:40+08:00 ][ info ] [ BEHAVIOR ] Run app\common\behavior\Common @app_init [ RunTime:0.000785s ]
info
[ 2023-05-16T18:26:43+08:00 ][ info ] [ BEHAVIOR ] Run Closure @app_init [ RunTime:0.000121s ]
[ info ] [ LOG ] INIT File
info
[ 2023-05-16T18:26:43+08:00 ][ info ] [ CACHE ] INIT File
info
[ 2023-05-16T18:26:43+08:00 ][ info ] [ BEHAVIOR ] Run Closure @app_init [ RunTime:0.001769s ]
info
[ 2023-05-16T18:26:43+08:00 ][ info ] [ BEHAVIOR ] Run app\common\behavior\Common @app_init [ RunTime:0.000784s ]
info
[ 2023-05-16T18:26:46+08:00 ][ info ] [ BEHAVIOR ] Run Closure @app_init [ RunTime:0.000117s ]
[ info ] [ LOG ] INIT File
info
[ 2023-05-16T18:26:46+08:00 ][ info ] [ CACHE ] INIT File
info
[ 2023-05-16T18:26:46+08:00 ][ info ] [ BEHAVIOR ] Run Closure @app_init [ RunTime:0.001770s ]
info
[ 2023-05-16T18:26:46+08:00 ][ info ] [ BEHAVIOR ] Run app\common\behavior\Common @app_init [ RunTime:0.000796s ]
info
[ 2023-05-16T18:26:49+08:00 ][ info ] [ BEHAVIOR ] Run Closure @app_init [ RunTime:0.000129s ]
[ info ] [ LOG ] INIT File
info
[ 2023-05-16T18:26:49+08:00 ][ info ] [ CACHE ] INIT File
info
[ 2023-05-16T18:26:49+08:00 ][ info ] [ BEHAVIOR ] Run Closure @app_init [ RunTime:0.001880s ]
info
[ 2023-05-16T18:26:49+08:00 ][ info ] [ BEHAVIOR ] Run app\common\behavior\Common @app_init [ RunTime:0.000828s ]
info
[ 2023-05-16T18:26:52+08:00 ][ info ] [ BEHAVIOR ] Run Closure @app_init [ RunTime:0.000117s ]
[ info ] [ LOG ] INIT File
info
[ 2023-05-16T18:26:52+08:00 ][ info ] [ CACHE ] INIT File
info
[ 2023-05-16T18:26:52+08:00 ][ info ] [ BEHAVIOR ] Run Closure @app_init [ RunTime:0.001724s ]
info
[ 2023-05-16T18:26:52+08:00 ][ info ] [ BEHAVIOR ] Run app\common\behavior\Common @app_init [ RunTime:0.000771s ]
info
[ 2023-05-16T18:26:55+08:00 ][ info ] [ BEHAVIOR ] Run Closure @app_init [ RunTime:0.000118s ]
[ info ] [ LOG ] INIT File
info
[ 2023-05-16T18:26:55+08:00 ][ info ] [ CACHE ] INIT File
info
[ 2023-05-16T18:26:55+08:00 ][ info ] [ BEHAVIOR ] Run Closure @app_init [ RunTime:0.001720s ]
info
[ 2023-05-16T18:26:55+08:00 ][ info ] [ BEHAVIOR ] Run app\common\behavior\Common @app_init [ RunTime:0.000776s ]
info
[ 2023-05-16T18:26:58+08:00 ][ info ] [ BEHAVIOR ] Run Closure @app_init [ RunTime:0.000126s ]
[ info ] [ LOG ] INIT File
info
[ 2023-05-16T18:26:58+08:00 ][ info ] [ CACHE ] INIT File
info
[ 2023-05-16T18:26:58+08:00 ][ info ] [ BEHAVIOR ] Run Closure @app_init [ RunTime:0.001826s ]
info
[ 2023-05-16T18:26:58+08:00 ][ info ] [ BEHAVIOR ] Run app\common\behavior\Common @app_init [ RunTime:0.000816s ]
info
[ 2023-05-16T18:27:02+08:00 ][ info ] [ BEHAVIOR ] Run Closure @app_init [ RunTime:0.000120s ]
[ info ] [ LOG ] INIT File
info
[ 2023-05-16T18:27:02+08:00 ][ info ] [ CACHE ] INIT File
info
[ 2023-05-16T18:27:02+08:00 ][ info ] [ BEHAVIOR ] Run Closure @app_init [ RunTime:0.001745s ]
info
[ 2023-05-16T18:27:02+08:00 ][ info ] [ BEHAVIOR ] Run app\common\behavior\Common @app_init [ RunTime:0.000776s ]
info
[ 2023-05-16T18:27:05+08:00 ][ info ] [ BEHAVIOR ] Run Closure @app_init [ RunTime:0.000118s ]
[ info ] [ LOG ] INIT File
info
[ 2023-05-16T18:27:05+08:00 ][ info ] [ CACHE ] INIT File
info
[ 2023-05-16T18:27:05+08:00 ][ info ] [ BEHAVIOR ] Run Closure @app_init [ RunTime:0.001752s ]
info
[ 2023-05-16T18:27:05+08:00 ][ info ] [ BEHAVIOR ] Run app\common\behavior\Common @app_init [ RunTime:0.000795s ]
info
[ 2023-05-16T18:27:08+08:00 ][ info ] [ BEHAVIOR ] Run Closure @app_init [ RunTime:0.000116s ]
[ info ] [ LOG ] INIT File
info
[ 2023-05-16T18:27:08+08:00 ][ info ] [ CACHE ] INIT File
info
[ 2023-05-16T18:27:08+08:00 ][ info ] [ BEHAVIOR ] Run Closure @app_init [ RunTime:0.001740s ]
info
[ 2023-05-16T18:27:08+08:00 ][ info ] [ BEHAVIOR ] Run app\common\behavior\Common @app_init [ RunTime:0.000782s ]
info
[ 2023-05-16T18:27:11+08:00 ][ info ] [ BEHAVIOR ] Run Closure @app_init [ RunTime:0.000119s ]
[ info ] [ LOG ] INIT File
info
[ 2023-05-16T18:27:11+08:00 ][ info ] [ CACHE ] INIT File
info
[ 2023-05-16T18:27:11+08:00 ][ info ] [ BEHAVIOR ] Run Closure @app_init [ RunTime:0.001754s ]
info
[ 2023-05-16T18:27:11+08:00 ][ info ] [ BEHAVIOR ] Run app\common\behavior\Common @app_init [ RunTime:0.000780s ]
info
[ 2023-05-16T18:27:14+08:00 ][ info ] [ BEHAVIOR ] Run Closure @app_init [ RunTime:0.000140s ]
[ info ] [ LOG ] INIT File
info
[ 2023-05-16T18:27:14+08:00 ][ info ] [ CACHE ] INIT File
info
[ 2023-05-16T18:27:14+08:00 ][ info ] [ BEHAVIOR ] Run Closure @app_init [ RunTime:0.002178s ]
info
[ 2023-05-16T18:27:14+08:00 ][ info ] [ BEHAVIOR ] Run app\common\behavior\Common @app_init [ RunTime:0.000995s ]
info
[ 2023-05-16T18:27:17+08:00 ][ info ] [ BEHAVIOR ] Run Closure @app_init [ RunTime:0.000115s ]
[ info ] [ LOG ] INIT File
info
[ 2023-05-16T18:27:17+08:00 ][ info ] [ CACHE ] INIT File
info
[ 2023-05-16T18:27:17+08:00 ][ info ] [ BEHAVIOR ] Run Closure @app_init [ RunTime:0.001711s ]
info
[ 2023-05-16T18:27:17+08:00 ][ info ] [ BEHAVIOR ] Run app\common\behavior\Common @app_init [ RunTime:0.000772s ]
info
[ 2023-05-16T18:27:20+08:00 ][ info ] [ BEHAVIOR ] Run Closure @app_init [ RunTime:0.000120s ]
[ info ] [ LOG ] INIT File
info
[ 2023-05-16T18:27:20+08:00 ][ info ] [ CACHE ] INIT File
info
[ 2023-05-16T18:27:20+08:00 ][ info ] [ BEHAVIOR ] Run Closure @app_init [ RunTime:0.001721s ]
info
[ 2023-05-16T18:27:20+08:00 ][ info ] [ BEHAVIOR ] Run app\common\behavior\Common @app_init [ RunTime:0.000770s ]
info
[ 2023-05-16T18:27:23+08:00 ][ info ] [ BEHAVIOR ] Run Closure @app_init [ RunTime:0.000122s ]
[ info ] [ LOG ] INIT File
info
[ 2023-05-16T18:27:23+08:00 ][ info ] [ CACHE ] INIT File
info
[ 2023-05-16T18:27:23+08:00 ][ info ] [ BEHAVIOR ] Run Closure @app_init [ RunTime:0.001773s ]
info
[ 2023-05-16T18:27:23+08:00 ][ info ] [ BEHAVIOR ] Run app\common\behavior\Common @app_init [ RunTime:0.000784s ]
info
[ 2023-05-16T18:27:26+08:00 ][ info ] [ BEHAVIOR ] Run Closure @app_init [ RunTime:0.000120s ]
[ info ] [ LOG ] INIT File
info
[ 2023-05-16T18:27:26+08:00 ][ info ] [ CACHE ] INIT File
info
[ 2023-05-16T18:27:26+08:00 ][ info ] [ BEHAVIOR ] Run Closure @app_init [ RunTime:0.001760s ]
info
[ 2023-05-16T18:27:26+08:00 ][ info ] [ BEHAVIOR ] Run app\common\behavior\Common @app_init [ RunTime:0.000823s ]
info
[ 2023-05-16T18:27:29+08:00 ][ info ] [ BEHAVIOR ] Run Closure @app_init [ RunTime:0.000129s ]
[ info ] [ LOG ] INIT File
info
[ 2023-05-16T18:27:29+08:00 ][ info ] [ CACHE ] INIT File
info
[ 2023-05-16T18:27:29+08:00 ][ info ] [ BEHAVIOR ] Run Closure @app_init [ RunTime:0.001735s ]
info
[ 2023-05-16T18:27:29+08:00 ][ info ] [ BEHAVIOR ] Run app\common\behavior\Common @app_init [ RunTime:0.000782s ]
info
[ 2023-05-16T18:27:33+08:00 ][ info ] [ BEHAVIOR ] Run Closure @app_init [ RunTime:0.000114s ]
[ info ] [ LOG ] INIT File
info
[ 2023-05-16T18:27:33+08:00 ][ info ] [ CACHE ] INIT File
info
[ 2023-05-16T18:27:33+08:00 ][ info ] [ BEHAVIOR ] Run Closure @app_init [ RunTime:0.001772s ]
info
[ 2023-05-16T18:27:33+08:00 ][ info ] [ BEHAVIOR ] Run app\common\behavior\Common @app_init [ RunTime:0.000789s ]
info
[ 2023-05-16T18:27:36+08:00 ][ info ] [ BEHAVIOR ] Run Closure @app_init [ RunTime:0.000119s ]
[ info ] [ LOG ] INIT File
info
[ 2023-05-16T18:27:36+08:00 ][ info ] [ CACHE ] INIT File
info
[ 2023-05-16T18:27:36+08:00 ][ info ] [ BEHAVIOR ] Run Closure @app_init [ RunTime:0.001761s ]
info
[ 2023-05-16T18:27:36+08:00 ][ info ] [ BEHAVIOR ] Run app\common\behavior\Common @app_init [ RunTime:0.000790s ]
info
[ 2023-05-16T18:27:39+08:00 ][ info ] [ BEHAVIOR ] Run Closure @app_init [ RunTime:0.000166s ]
[ info ] [ LOG ] INIT File
info
[ 2023-05-16T18:27:39+08:00 ][ info ] [ CACHE ] INIT File
info
[ 2023-05-16T18:27:39+08:00 ][ info ] [ BEHAVIOR ] Run Closure @app_init [ RunTime:0.002234s ]
info
[ 2023-05-16T18:27:39+08:00 ][ info ] [ BEHAVIOR ] Run app\common\behavior\Common @app_init [ RunTime:0.000958s ]
info
[ 2023-05-16T18:27:42+08:00 ][ info ] [ BEHAVIOR ] Run Closure @app_init [ RunTime:0.000119s ]
[ info ] [ LOG ] INIT File
info
[ 2023-05-16T18:27:42+08:00 ][ info ] [ CACHE ] INIT File
info
[ 2023-05-16T18:27:42+08:00 ][ info ] [ BEHAVIOR ] Run Closure @app_init [ RunTime:0.001738s ]
info
[ 2023-05-16T18:27:42+08:00 ][ info ] [ BEHAVIOR ] Run app\common\behavior\Common @app_init [ RunTime:0.000788s ]
info
[ 2023-05-16T18:27:45+08:00 ][ info ] [ BEHAVIOR ] Run Closure @app_init [ RunTime:0.000120s ]
[ info ] [ LOG ] INIT File
info
[ 2023-05-16T18:27:45+08:00 ][ info ] [ CACHE ] INIT File
info
[ 2023-05-16T18:27:45+08:00 ][ info ] [ BEHAVIOR ] Run Closure @app_init [ RunTime:0.001777s ]
info
[ 2023-05-16T18:27:45+08:00 ][ info ] [ BEHAVIOR ] Run app\common\behavior\Common @app_init [ RunTime:0.000785s ]
info
[ 2023-05-16T18:27:48+08:00 ][ info ] [ BEHAVIOR ] Run Closure @app_init [ RunTime:0.000116s ]
[ info ] [ LOG ] INIT File
info
[ 2023-05-16T18:27:48+08:00 ][ info ] [ CACHE ] INIT File
info
[ 2023-05-16T18:27:48+08:00 ][ info ] [ BEHAVIOR ] Run Closure @app_init [ RunTime:0.001752s ]
info
[ 2023-05-16T18:27:48+08:00 ][ info ] [ BEHAVIOR ] Run app\common\behavior\Common @app_init [ RunTime:0.000809s ]
info
[ 2023-05-16T18:27:51+08:00 ][ info ] [ BEHAVIOR ] Run Closure @app_init [ RunTime:0.000118s ]
[ info ] [ LOG ] INIT File
info
[ 2023-05-16T18:27:51+08:00 ][ info ] [ CACHE ] INIT File
info
[ 2023-05-16T18:27:51+08:00 ][ info ] [ BEHAVIOR ] Run Closure @app_init [ RunTime:0.001745s ]
info
[ 2023-05-16T18:27:51+08:00 ][ info ] [ BEHAVIOR ] Run app\common\behavior\Common @app_init [ RunTime:0.000788s ]
info
[ 2023-05-16T18:27:54+08:00 ][ info ] [ BEHAVIOR ] Run Closure @app_init [ RunTime:0.000114s ]
[ info ] [ LOG ] INIT File
info
[ 2023-05-16T18:27:54+08:00 ][ info ] [ CACHE ] INIT File
info
[ 2023-05-16T18:27:54+08:00 ][ info ] [ BEHAVIOR ] Run Closure @app_init [ RunTime:0.001751s ]
info
[ 2023-05-16T18:27:54+08:00 ][ info ] [ BEHAVIOR ] Run app\common\behavior\Common @app_init [ RunTime:0.000792s ]
info
[ 2023-05-16T18:27:57+08:00 ][ info ] [ BEHAVIOR ] Run Closure @app_init [ RunTime:0.000117s ]
[ info ] [ LOG ] INIT File
info
[ 2023-05-16T18:27:57+08:00 ][ info ] [ CACHE ] INIT File
info
[ 2023-05-16T18:27:57+08:00 ][ info ] [ BEHAVIOR ] Run Closure @app_init [ RunTime:0.001766s ]
info
[ 2023-05-16T18:27:57+08:00 ][ info ] [ BEHAVIOR ] Run app\common\behavior\Common @app_init [ RunTime:0.000781s ]
info
[ 2023-05-16T18:28:00+08:00 ][ info ] [ BEHAVIOR ] Run Closure @app_init [ RunTime:0.000116s ]
[ info ] [ LOG ] INIT File
info
[ 2023-05-16T18:28:00+08:00 ][ info ] [ CACHE ] INIT File
info
[ 2023-05-16T18:28:00+08:00 ][ info ] [ BEHAVIOR ] Run Closure @app_init [ RunTime:0.001760s ]
info
[ 2023-05-16T18:28:01+08:00 ][ info ] [ BEHAVIOR ] Run app\common\behavior\Common @app_init [ RunTime:0.000781s ]
info
[ 2023-05-16T18:28:04+08:00 ][ info ] [ BEHAVIOR ] Run Closure @app_init [ RunTime:0.000123s ]
[ info ] [ LOG ] INIT File
info
[ 2023-05-16T18:28:04+08:00 ][ info ] [ CACHE ] INIT File
info
[ 2023-05-16T18:28:04+08:00 ][ info ] [ BEHAVIOR ] Run Closure @app_init [ RunTime:0.001764s ]
info
[ 2023-05-16T18:28:04+08:00 ][ info ] [ BEHAVIOR ] Run app\common\behavior\Common @app_init [ RunTime:0.000804s ]
info
[ 2023-05-16T18:28:07+08:00 ][ info ] [ BEHAVIOR ] Run Closure @app_init [ RunTime:0.000122s ]
[ info ] [ LOG ] INIT File
info
[ 2023-05-16T18:28:07+08:00 ][ info ] [ CACHE ] INIT File
info
[ 2023-05-16T18:28:07+08:00 ][ info ] [ BEHAVIOR ] Run Closure @app_init [ RunTime:0.001778s ]
info
[ 2023-05-16T18:28:07+08:00 ][ info ] [ BEHAVIOR ] Run app\common\behavior\Common @app_init [ RunTime:0.000794s ]
info
[ 2023-05-16T18:28:10+08:00 ][ info ] [ BEHAVIOR ] Run Closure @app_init [ RunTime:0.000116s ]
[ info ] [ LOG ] INIT File
info
[ 2023-05-16T18:28:10+08:00 ][ info ] [ CACHE ] INIT File
info
[ 2023-05-16T18:28:10+08:00 ][ info ] [ BEHAVIOR ] Run Closure @app_init [ RunTime:0.001714s ]
info
[ 2023-05-16T18:28:10+08:00 ][ info ] [ BEHAVIOR ] Run app\common\behavior\Common @app_init [ RunTime:0.000771s ]
info
[ 2023-05-16T18:28:13+08:00 ][ info ] [ BEHAVIOR ] Run Closure @app_init [ RunTime:0.000120s ]
[ info ] [ LOG ] INIT File
info
[ 2023-05-16T18:28:13+08:00 ][ info ] [ CACHE ] INIT File
info
[ 2023-05-16T18:28:13+08:00 ][ info ] [ BEHAVIOR ] Run Closure @app_init [ RunTime:0.001741s ]
info
[ 2023-05-16T18:28:13+08:00 ][ info ] [ BEHAVIOR ] Run app\common\behavior\Common @app_init [ RunTime:0.000783s ]
info
[ 2023-05-16T18:28:16+08:00 ][ info ] [ BEHAVIOR ] Run Closure @app_init [ RunTime:0.000141s ]
[ info ] [ LOG ] INIT File
info
[ 2023-05-16T18:28:16+08:00 ][ info ] [ CACHE ] INIT File
info
[ 2023-05-16T18:28:16+08:00 ][ info ] [ BEHAVIOR ] Run Closure @app_init [ RunTime:0.001767s ]
info
[ 2023-05-16T18:28:16+08:00 ][ info ] [ BEHAVIOR ] Run app\common\behavior\Common @app_init [ RunTime:0.000781s ]
info
[ 2023-05-16T18:28:19+08:00 ][ info ] [ BEHAVIOR ] Run Closure @app_init [ RunTime:0.000124s ]
[ info ] [ LOG ] INIT File
info
[ 2023-05-16T18:28:19+08:00 ][ info ] [ CACHE ] INIT File
info
[ 2023-05-16T18:28:19+08:00 ][ info ] [ BEHAVIOR ] Run Closure @app_init [ RunTime:0.001870s ]
info
[ 2023-05-16T18:28:19+08:00 ][ info ] [ BEHAVIOR ] Run app\common\behavior\Common @app_init [ RunTime:0.000845s ]
info
[ 2023-05-16T18:28:22+08:00 ][ info ] [ BEHAVIOR ] Run Closure @app_init [ RunTime:0.000121s ]
[ info ] [ LOG ] INIT File
info
[ 2023-05-16T18:28:22+08:00 ][ info ] [ CACHE ] INIT File
info
[ 2023-05-16T18:28:22+08:00 ][ info ] [ BEHAVIOR ] Run Closure @app_init [ RunTime:0.001746s ]
info
[ 2023-05-16T18:28:22+08:00 ][ info ] [ BEHAVIOR ] Run app\common\behavior\Common @app_init [ RunTime:0.000778s ]
info
[ 2023-05-16T18:28:25+08:00 ][ info ] [ BEHAVIOR ] Run Closure @app_init [ RunTime:0.000121s ]
[ info ] [ LOG ] INIT File
info
[ 2023-05-16T18:28:25+08:00 ][ info ] [ CACHE ] INIT File
info
[ 2023-05-16T18:28:25+08:00 ][ info ] [ BEHAVIOR ] Run Closure @app_init [ RunTime:0.001770s ]
info
[ 2023-05-16T18:28:25+08:00 ][ info ] [ BEHAVIOR ] Run app\common\behavior\Common @app_init [ RunTime:0.000796s ]
info
[ 2023-05-16T18:28:28+08:00 ][ info ] [ BEHAVIOR ] Run Closure @app_init [ RunTime:0.000119s ]
[ info ] [ LOG ] INIT File
info
[ 2023-05-16T18:28:28+08:00 ][ info ] [ CACHE ] INIT File
info
[ 2023-05-16T18:28:28+08:00 ][ info ] [ BEHAVIOR ] Run Closure @app_init [ RunTime:0.001809s ]
info
[ 2023-05-16T18:28:28+08:00 ][ info ] [ BEHAVIOR ] Run app\common\behavior\Common @app_init [ RunTime:0.000798s ]
info
[ 2023-05-16T18:28:32+08:00 ][ info ] [ BEHAVIOR ] Run Closure @app_init [ RunTime:0.000137s ]
[ info ] [ LOG ] INIT File
info
[ 2023-05-16T18:28:32+08:00 ][ info ] [ CACHE ] INIT File
info
[ 2023-05-16T18:28:32+08:00 ][ info ] [ BEHAVIOR ] Run Closure @app_init [ RunTime:0.001788s ]
info
[ 2023-05-16T18:28:32+08:00 ][ info ] [ BEHAVIOR ] Run app\common\behavior\Common @app_init [ RunTime:0.000792s ]
info
[ 2023-05-16T18:28:35+08:00 ][ info ] [ BEHAVIOR ] Run Closure @app_init [ RunTime:0.000123s ]
[ info ] [ LOG ] INIT File
info
[ 2023-05-16T18:28:35+08:00 ][ info ] [ CACHE ] INIT File
info
[ 2023-05-16T18:28:35+08:00 ][ info ] [ BEHAVIOR ] Run Closure @app_init [ RunTime:0.001791s ]
info
[ 2023-05-16T18:28:35+08:00 ][ info ] [ BEHAVIOR ] Run app\common\behavior\Common @app_init [ RunTime:0.000791s ]
info
[ 2023-05-16T18:28:38+08:00 ][ info ] [ BEHAVIOR ] Run Closure @app_init [ RunTime:0.000124s ]
[ info ] [ LOG ] INIT File
info
[ 2023-05-16T18:28:38+08:00 ][ info ] [ CACHE ] INIT File
info
[ 2023-05-16T18:28:38+08:00 ][ info ] [ BEHAVIOR ] Run Closure @app_init [ RunTime:0.001819s ]
info
[ 2023-05-16T18:28:38+08:00 ][ info ] [ BEHAVIOR ] Run app\common\behavior\Common @app_init [ RunTime:0.000815s ]
info
[ 2023-05-16T18:28:41+08:00 ][ info ] [ BEHAVIOR ] Run Closure @app_init [ RunTime:0.000123s ]
[ info ] [ LOG ] INIT File
info
[ 2023-05-16T18:28:41+08:00 ][ info ] [ CACHE ] INIT File
info
[ 2023-05-16T18:28:41+08:00 ][ info ] [ BEHAVIOR ] Run Closure @app_init [ RunTime:0.001761s ]
info
[ 2023-05-16T18:28:41+08:00 ][ info ] [ BEHAVIOR ] Run app\common\behavior\Common @app_init [ RunTime:0.000778s ]
info
[ 2023-05-16T18:28:44+08:00 ][ info ] [ BEHAVIOR ] Run Closure @app_init [ RunTime:0.000118s ]
[ info ] [ LOG ] INIT File
info
[ 2023-05-16T18:28:44+08:00 ][ info ] [ CACHE ] INIT File
info
[ 2023-05-16T18:28:44+08:00 ][ info ] [ BEHAVIOR ] Run Closure @app_init [ RunTime:0.001770s ]
info
[ 2023-05-16T18:28:44+08:00 ][ info ] [ BEHAVIOR ] Run app\common\behavior\Common @app_init [ RunTime:0.000799s ]
info
[ 2023-05-16T18:28:47+08:00 ][ info ] [ BEHAVIOR ] Run Closure @app_init [ RunTime:0.000164s ]
[ info ] [ LOG ] INIT File
info
[ 2023-05-16T18:28:47+08:00 ][ info ] [ CACHE ] INIT File
info
[ 2023-05-16T18:28:47+08:00 ][ info ] [ BEHAVIOR ] Run Closure @app_init [ RunTime:0.002370s ]
info
[ 2023-05-16T18:28:47+08:00 ][ info ] [ BEHAVIOR ] Run app\common\behavior\Common @app_init [ RunTime:0.000872s ]
info
[ 2023-05-16T18:28:50+08:00 ][ info ] [ BEHAVIOR ] Run Closure @app_init [ RunTime:0.000118s ]
[ info ] [ LOG ] INIT File
info
[ 2023-05-16T18:28:50+08:00 ][ info ] [ CACHE ] INIT File
info
[ 2023-05-16T18:28:50+08:00 ][ info ] [ BEHAVIOR ] Run Closure @app_init [ RunTime:0.001752s ]
info
[ 2023-05-16T18:28:50+08:00 ][ info ] [ BEHAVIOR ] Run app\common\behavior\Common @app_init [ RunTime:0.000792s ]
info
[ 2023-05-16T18:28:53+08:00 ][ info ] [ BEHAVIOR ] Run Closure @app_init [ RunTime:0.000116s ]
[ info ] [ LOG ] INIT File
info
[ 2023-05-16T18:28:53+08:00 ][ info ] [ CACHE ] INIT File
info
[ 2023-05-16T18:28:53+08:00 ][ info ] [ BEHAVIOR ] Run Closure @app_init [ RunTime:0.001727s ]
info
[ 2023-05-16T18:28:53+08:00 ][ info ] [ BEHAVIOR ] Run app\common\behavior\Common @app_init [ RunTime:0.000782s ]
info
[ 2023-05-16T18:28:56+08:00 ][ info ] [ BEHAVIOR ] Run Closure @app_init [ RunTime:0.000121s ]
[ info ] [ LOG ] INIT File
info
[ 2023-05-16T18:28:56+08:00 ][ info ] [ CACHE ] INIT File
info
[ 2023-05-16T18:28:56+08:00 ][ info ] [ BEHAVIOR ] Run Closure @app_init [ RunTime:0.001757s ]
info
[ 2023-05-16T18:28:56+08:00 ][ info ] [ BEHAVIOR ] Run app\common\behavior\Common @app_init [ RunTime:0.000783s ]
info
[ 2023-05-16T18:28:59+08:00 ][ info ] [ BEHAVIOR ] Run Closure @app_init [ RunTime:0.000118s ]
[ info ] [ LOG ] INIT File
info
[ 2023-05-16T18:28:59+08:00 ][ info ] [ CACHE ] INIT File
info
[ 2023-05-16T18:28:59+08:00 ][ info ] [ BEHAVIOR ] Run Closure @app_init [ RunTime:0.001731s ]
info
[ 2023-05-16T18:28:59+08:00 ][ info ] [ BEHAVIOR ] Run app\common\behavior\Common @app_init [ RunTime:0.000867s ]
info
[ 2023-05-16T18:29:03+08:00 ][ info ] [ BEHAVIOR ] Run Closure @app_init [ RunTime:0.000120s ]
[ info ] [ LOG ] INIT File
info
[ 2023-05-16T18:29:03+08:00 ][ info ] [ CACHE ] INIT File
info
[ 2023-05-16T18:29:03+08:00 ][ info ] [ BEHAVIOR ] Run Closure @app_init [ RunTime:0.001814s ]
info
[ 2023-05-16T18:29:03+08:00 ][ info ] [ BEHAVIOR ] Run app\common\behavior\Common @app_init [ RunTime:0.000806s ]
info
[ 2023-05-16T18:29:06+08:00 ][ info ] [ BEHAVIOR ] Run Closure @app_init [ RunTime:0.000123s ]
[ info ] [ LOG ] INIT File
info
[ 2023-05-16T18:29:06+08:00 ][ info ] [ CACHE ] INIT File
info
[ 2023-05-16T18:29:06+08:00 ][ info ] [ BEHAVIOR ] Run Closure @app_init [ RunTime:0.001777s ]
info
[ 2023-05-16T18:29:06+08:00 ][ info ] [ BEHAVIOR ] Run app\common\behavior\Common @app_init [ RunTime:0.000805s ]
info
[ 2023-05-16T18:29:09+08:00 ][ info ] [ BEHAVIOR ] Run Closure @app_init [ RunTime:0.000118s ]
[ info ] [ LOG ] INIT File
info
[ 2023-05-16T18:29:09+08:00 ][ info ] [ CACHE ] INIT File
info
[ 2023-05-16T18:29:09+08:00 ][ info ] [ BEHAVIOR ] Run Closure @app_init [ RunTime:0.001830s ]
info
[ 2023-05-16T18:29:09+08:00 ][ info ] [ BEHAVIOR ] Run app\common\behavior\Common @app_init [ RunTime:0.000905s ]
info
[ 2023-05-16T18:29:12+08:00 ][ info ] [ BEHAVIOR ] Run Closure @app_init [ RunTime:0.000150s ]
[ info ] [ LOG ] INIT File
info
[ 2023-05-16T18:29:12+08:00 ][ info ] [ CACHE ] INIT File
info
[ 2023-05-16T18:29:12+08:00 ][ info ] [ BEHAVIOR ] Run Closure @app_init [ RunTime:0.002335s ]
info
[ 2023-05-16T18:29:12+08:00 ][ info ] [ BEHAVIOR ] Run app\common\behavior\Common @app_init [ RunTime:0.000912s ]
info
[ 2023-05-16T18:29:15+08:00 ][ info ] [ BEHAVIOR ] Run Closure @app_init [ RunTime:0.000118s ]
[ info ] [ LOG ] INIT File
info
[ 2023-05-16T18:29:15+08:00 ][ info ] [ CACHE ] INIT File
info
[ 2023-05-16T18:29:15+08:00 ][ info ] [ BEHAVIOR ] Run Closure @app_init [ RunTime:0.001769s ]
info
[ 2023-05-16T18:29:15+08:00 ][ info ] [ BEHAVIOR ] Run app\common\behavior\Common @app_init [ RunTime:0.000789s ]
info
[ 2023-05-16T18:29:18+08:00 ][ info ] [ BEHAVIOR ] Run Closure @app_init [ RunTime:0.000119s ]
[ info ] [ LOG ] INIT File
info
[ 2023-05-16T18:29:18+08:00 ][ info ] [ CACHE ] INIT File
info
[ 2023-05-16T18:29:18+08:00 ][ info ] [ BEHAVIOR ] Run Closure @app_init [ RunTime:0.001778s ]
info
[ 2023-05-16T18:29:18+08:00 ][ info ] [ BEHAVIOR ] Run app\common\behavior\Common @app_init [ RunTime:0.000798s ]
info
[ 2023-05-16T18:29:21+08:00 ][ info ] [ BEHAVIOR ] Run Closure @app_init [ RunTime:0.000118s ]
[ info ] [ LOG ] INIT File
info
[ 2023-05-16T18:29:21+08:00 ][ info ] [ CACHE ] INIT File
info
[ 2023-05-16T18:29:21+08:00 ][ info ] [ BEHAVIOR ] Run Closure @app_init [ RunTime:0.001761s ]
info
[ 2023-05-16T18:29:21+08:00 ][ info ] [ BEHAVIOR ] Run app\common\behavior\Common @app_init [ RunTime:0.000788s ]
info
[ 2023-05-16T18:29:24+08:00 ][ info ] [ BEHAVIOR ] Run Closure @app_init [ RunTime:0.000120s ]
[ info ] [ LOG ] INIT File
info
[ 2023-05-16T18:29:24+08:00 ][ info ] [ CACHE ] INIT File
info
[ 2023-05-16T18:29:24+08:00 ][ info ] [ BEHAVIOR ] Run Closure @app_init [ RunTime:0.001771s ]
info
[ 2023-05-16T18:29:24+08:00 ][ info ] [ BEHAVIOR ] Run app\common\behavior\Common @app_init [ RunTime:0.000781s ]
info
[ 2023-05-16T18:29:27+08:00 ][ info ] [ BEHAVIOR ] Run Closure @app_init [ RunTime:0.000118s ]
[ info ] [ LOG ] INIT File
info
[ 2023-05-16T18:29:27+08:00 ][ info ] [ CACHE ] INIT File
info
[ 2023-05-16T18:29:27+08:00 ][ info ] [ BEHAVIOR ] Run Closure @app_init [ RunTime:0.001778s ]
info
[ 2023-05-16T18:29:27+08:00 ][ info ] [ BEHAVIOR ] Run app\common\behavior\Common @app_init [ RunTime:0.000794s ]
info
