---------------------------------------------------------------
[ 2023-05-19T18:37:54+08:00 ] 192.168.31.37 POST 192.168.31.37:8001/api/user/login
[运行时间：0.195722s] [吞吐率：5.11req/s] [内存消耗：723.50kb] [文件加载：80]
[ info ] [ BEHAVIOR ] Run Closure @app_init [ RunTime:0.000417s ]
[ info ] [ CACHE ] INIT File
[ info ] [ BEHAVIOR ] Run Closure @app_init [ RunTime:0.005243s ]
[ info ] [ BEHAVIOR ] Run app\common\behavior\Common @app_init [ RunTime:0.001430s ]
[ info ] [ LANG ] D:\work\WAR_investment\code\thinkphp\lang\zh-cn.php
[ info ] [ BEHAVIOR ] Run app\common\behavior\Common @app_dispatch [ RunTime:0.001021s ]
[ info ] [ ROUTE ] array (
  'type' => 'module',
  'module' => 
  array (
    0 => 'api',
    1 => 'user',
    2 => 'login',
  ),
)
[ info ] [ HEADER ] array (
  'host' => '192.168.31.37:8001',
  'connection' => 'keep-alive',
  'content-length' => '250',
  'accept' => 'application/json',
  'accept-encoding' => 'gzip, deflate',
  'accept-language' => 'zh-CN',
  'content-type' => 'multipart/form-data; boundary=----WebKitFormBoundarympnk8BchzYhqrAI3',
  'user-agent' => 'Mozilla/5.0 (Windows NT 10.0; Win64; x64) AppleWebKit/537.36 (KHTML, like Gecko) runapi/2.0.5 Chrome/80.0.3987.163 Electron/8.5.5 Safari/537.36',
)
[ info ] [ PARAM ] array (
  'account' => '13112381234',
  'password' => '123456',
)
[ info ] [ LANG ] D:\work\WAR_investment\code\public/../application/api\lang\zh-cn.php
[ info ] [ BEHAVIOR ] Run app\common\behavior\Common @module_init [ RunTime:0.003703s ]
[ info ] [ LANG ] D:\work\WAR_investment\code\public/../application/api/lang/zh-cn/user.php
[ info ] [ RUN ] app\api\controller\User->login[ D:\work\WAR_investment\code\application\api\controller\User.php ]
[ info ] [ DB ] INIT mysql
[ info ] [ TOKEN ] INIT Mysql
[ info ] [ LOG ] INIT File
---------------------------------------------------------------
[ 2023-05-19T18:38:14+08:00 ] 192.168.31.37 POST 192.168.31.37:8001/api/user/login
[运行时间：0.198690s] [吞吐率：5.03req/s] [内存消耗：723.42kb] [文件加载：80]
[ info ] [ BEHAVIOR ] Run Closure @app_init [ RunTime:0.000411s ]
[ info ] [ CACHE ] INIT File
[ info ] [ BEHAVIOR ] Run Closure @app_init [ RunTime:0.005513s ]
[ info ] [ BEHAVIOR ] Run app\common\behavior\Common @app_init [ RunTime:0.001566s ]
[ info ] [ LANG ] D:\work\WAR_investment\code\thinkphp\lang\zh-cn.php
[ info ] [ BEHAVIOR ] Run app\common\behavior\Common @app_dispatch [ RunTime:0.000918s ]
[ info ] [ ROUTE ] array (
  'type' => 'module',
  'module' => 
  array (
    0 => 'api',
    1 => 'user',
    2 => 'login',
  ),
)
[ info ] [ HEADER ] array (
  'host' => '192.168.31.37:8001',
  'connection' => 'keep-alive',
  'content-length' => '250',
  'accept' => 'application/json',
  'accept-encoding' => 'gzip, deflate',
  'accept-language' => 'zh-CN',
  'content-type' => 'multipart/form-data; boundary=----WebKitFormBoundaryFJSQoEDbVcoeLG1X',
  'user-agent' => 'Mozilla/5.0 (Windows NT 10.0; Win64; x64) AppleWebKit/537.36 (KHTML, like Gecko) runapi/2.0.5 Chrome/80.0.3987.163 Electron/8.5.5 Safari/537.36',
)
[ info ] [ PARAM ] array (
  'account' => '13112381234',
  'password' => '123456',
)
[ info ] [ LANG ] D:\work\WAR_investment\code\public/../application/api\lang\zh-cn.php
[ info ] [ BEHAVIOR ] Run app\common\behavior\Common @module_init [ RunTime:0.003716s ]
[ info ] [ LANG ] D:\work\WAR_investment\code\public/../application/api/lang/zh-cn/user.php
[ info ] [ RUN ] app\api\controller\User->login[ D:\work\WAR_investment\code\application\api\controller\User.php ]
[ info ] [ DB ] INIT mysql
[ info ] [ TOKEN ] INIT Mysql
[ info ] [ LOG ] INIT File
---------------------------------------------------------------
[ 2023-05-19T18:38:39+08:00 ] 192.168.31.37 POST 192.168.31.37:8001/api/user/login
[运行时间：0.188437s] [吞吐率：5.31req/s] [内存消耗：723.42kb] [文件加载：80]
[ info ] [ BEHAVIOR ] Run Closure @app_init [ RunTime:0.000413s ]
[ info ] [ CACHE ] INIT File
[ info ] [ BEHAVIOR ] Run Closure @app_init [ RunTime:0.004961s ]
[ info ] [ BEHAVIOR ] Run app\common\behavior\Common @app_init [ RunTime:0.001339s ]
[ info ] [ LANG ] D:\work\WAR_investment\code\thinkphp\lang\zh-cn.php
[ info ] [ BEHAVIOR ] Run app\common\behavior\Common @app_dispatch [ RunTime:0.000952s ]
[ info ] [ ROUTE ] array (
  'type' => 'module',
  'module' => 
  array (
    0 => 'api',
    1 => 'user',
    2 => 'login',
  ),
)
[ info ] [ HEADER ] array (
  'host' => '192.168.31.37:8001',
  'connection' => 'keep-alive',
  'content-length' => '250',
  'accept' => 'application/json',
  'accept-encoding' => 'gzip, deflate',
  'accept-language' => 'zh-CN',
  'content-type' => 'multipart/form-data; boundary=----WebKitFormBoundarygaWeDCFu0JqHQPyZ',
  'user-agent' => 'Mozilla/5.0 (Windows NT 10.0; Win64; x64) AppleWebKit/537.36 (KHTML, like Gecko) runapi/2.0.5 Chrome/80.0.3987.163 Electron/8.5.5 Safari/537.36',
)
[ info ] [ PARAM ] array (
  'account' => '13112381234',
  'password' => '123456',
)
[ info ] [ LANG ] D:\work\WAR_investment\code\public/../application/api\lang\zh-cn.php
[ info ] [ BEHAVIOR ] Run app\common\behavior\Common @module_init [ RunTime:0.003403s ]
[ info ] [ LANG ] D:\work\WAR_investment\code\public/../application/api/lang/zh-cn/user.php
[ info ] [ RUN ] app\api\controller\User->login[ D:\work\WAR_investment\code\application\api\controller\User.php ]
[ info ] [ DB ] INIT mysql
[ info ] [ TOKEN ] INIT Mysql
[ info ] [ LOG ] INIT File
---------------------------------------------------------------
[ 2023-05-19T18:39:02+08:00 ] 192.168.31.37 POST 192.168.31.37:8001/api/user/login
[ info ] [ BEHAVIOR ] Run Closure @app_init [ RunTime:0.000455s ]
[ info ] [ CACHE ] INIT File
[ info ] [ BEHAVIOR ] Run Closure @app_init [ RunTime:0.005376s ]
[ info ] [ BEHAVIOR ] Run app\common\behavior\Common @app_init [ RunTime:0.001456s ]
[ info ] [ LANG ] D:\work\WAR_investment\code\thinkphp\lang\zh-cn.php
[ info ] [ BEHAVIOR ] Run app\common\behavior\Common @app_dispatch [ RunTime:0.001102s ]
[ info ] [ ROUTE ] array (
  'type' => 'module',
  'module' => 
  array (
    0 => 'api',
    1 => 'user',
    2 => 'login',
  ),
)
[ info ] [ HEADER ] array (
  'host' => '192.168.31.37:8001',
  'connection' => 'keep-alive',
  'content-length' => '250',
  'accept' => 'application/json',
  'accept-encoding' => 'gzip, deflate',
  'accept-language' => 'zh-CN',
  'content-type' => 'multipart/form-data; boundary=----WebKitFormBoundaryBTmhJJBzLhxvRcQk',
  'user-agent' => 'Mozilla/5.0 (Windows NT 10.0; Win64; x64) AppleWebKit/537.36 (KHTML, like Gecko) runapi/2.0.5 Chrome/80.0.3987.163 Electron/8.5.5 Safari/537.36',
)
[ info ] [ PARAM ] array (
  'account' => '13112381234',
  'password' => '123456',
)
[ info ] [ LANG ] D:\work\WAR_investment\code\public/../application/api\lang\zh-cn.php
[ info ] [ BEHAVIOR ] Run app\common\behavior\Common @module_init [ RunTime:0.003801s ]
[ info ] [ LANG ] D:\work\WAR_investment\code\public/../application/api/lang/zh-cn/user.php
[ info ] [ RUN ] app\api\controller\User->login[ D:\work\WAR_investment\code\application\api\controller\User.php ]
[ info ] [ DB ] INIT mysql
[ info ] [ TOKEN ] INIT Mysql
[ log ] IM-register：Array to string conversion
---------------------------------------------------------------
[ 2023-05-19T18:39:26+08:00 ] 192.168.31.37 POST 192.168.31.37:8001/api/user/login
[运行时间：0.195745s] [吞吐率：5.11req/s] [内存消耗：723.41kb] [文件加载：80]
[ info ] [ BEHAVIOR ] Run Closure @app_init [ RunTime:0.000402s ]
[ info ] [ CACHE ] INIT File
[ info ] [ BEHAVIOR ] Run Closure @app_init [ RunTime:0.005134s ]
[ info ] [ BEHAVIOR ] Run app\common\behavior\Common @app_init [ RunTime:0.001377s ]
[ info ] [ LANG ] D:\work\WAR_investment\code\thinkphp\lang\zh-cn.php
[ info ] [ BEHAVIOR ] Run app\common\behavior\Common @app_dispatch [ RunTime:0.000937s ]
[ info ] [ ROUTE ] array (
  'type' => 'module',
  'module' => 
  array (
    0 => 'api',
    1 => 'user',
    2 => 'login',
  ),
)
[ info ] [ HEADER ] array (
  'host' => '192.168.31.37:8001',
  'connection' => 'keep-alive',
  'content-length' => '250',
  'accept' => 'application/json',
  'accept-encoding' => 'gzip, deflate',
  'accept-language' => 'zh-CN',
  'content-type' => 'multipart/form-data; boundary=----WebKitFormBoundaryACh0nBg6mFVqlvox',
  'user-agent' => 'Mozilla/5.0 (Windows NT 10.0; Win64; x64) AppleWebKit/537.36 (KHTML, like Gecko) runapi/2.0.5 Chrome/80.0.3987.163 Electron/8.5.5 Safari/537.36',
)
[ info ] [ PARAM ] array (
  'account' => '13112381234',
  'password' => '123456',
)
[ info ] [ LANG ] D:\work\WAR_investment\code\public/../application/api\lang\zh-cn.php
[ info ] [ BEHAVIOR ] Run app\common\behavior\Common @module_init [ RunTime:0.004555s ]
[ info ] [ LANG ] D:\work\WAR_investment\code\public/../application/api/lang/zh-cn/user.php
[ info ] [ RUN ] app\api\controller\User->login[ D:\work\WAR_investment\code\application\api\controller\User.php ]
[ info ] [ DB ] INIT mysql
[ info ] [ TOKEN ] INIT Mysql
[ info ] [ LOG ] INIT File
---------------------------------------------------------------
[ 2023-05-19T18:39:44+08:00 ] 192.168.31.37 POST 192.168.31.37:8001/api/user/login
[ info ] [ BEHAVIOR ] Run Closure @app_init [ RunTime:0.000408s ]
[ info ] [ CACHE ] INIT File
[ info ] [ BEHAVIOR ] Run Closure @app_init [ RunTime:0.004875s ]
[ info ] [ BEHAVIOR ] Run app\common\behavior\Common @app_init [ RunTime:0.001300s ]
[ info ] [ LANG ] D:\work\WAR_investment\code\thinkphp\lang\zh-cn.php
[ info ] [ BEHAVIOR ] Run app\common\behavior\Common @app_dispatch [ RunTime:0.000911s ]
[ info ] [ ROUTE ] array (
  'type' => 'module',
  'module' => 
  array (
    0 => 'api',
    1 => 'user',
    2 => 'login',
  ),
)
[ info ] [ HEADER ] array (
  'host' => '192.168.31.37:8001',
  'connection' => 'keep-alive',
  'content-length' => '250',
  'accept' => 'application/json',
  'accept-encoding' => 'gzip, deflate',
  'accept-language' => 'zh-CN',
  'content-type' => 'multipart/form-data; boundary=----WebKitFormBoundaryy7QwcwXsh4FqYpVy',
  'user-agent' => 'Mozilla/5.0 (Windows NT 10.0; Win64; x64) AppleWebKit/537.36 (KHTML, like Gecko) runapi/2.0.5 Chrome/80.0.3987.163 Electron/8.5.5 Safari/537.36',
)
[ info ] [ PARAM ] array (
  'account' => '13112381234',
  'password' => '123456',
)
[ info ] [ LANG ] D:\work\WAR_investment\code\public/../application/api\lang\zh-cn.php
[ info ] [ BEHAVIOR ] Run app\common\behavior\Common @module_init [ RunTime:0.003460s ]
[ info ] [ LANG ] D:\work\WAR_investment\code\public/../application/api/lang/zh-cn/user.php
[ info ] [ RUN ] app\api\controller\User->login[ D:\work\WAR_investment\code\application\api\controller\User.php ]
[ info ] [ DB ] INIT mysql
[ info ] [ TOKEN ] INIT Mysql
[ log ] IM-register：Array to string conversion
---------------------------------------------------------------
[ 2023-05-19T18:40:02+08:00 ] 192.168.31.37 POST 192.168.31.37:8001/api/user/login
[ info ] [ BEHAVIOR ] Run Closure @app_init [ RunTime:0.000412s ]
[ info ] [ CACHE ] INIT File
[ info ] [ BEHAVIOR ] Run Closure @app_init [ RunTime:0.005104s ]
[ info ] [ BEHAVIOR ] Run app\common\behavior\Common @app_init [ RunTime:0.001336s ]
[ info ] [ LANG ] D:\work\WAR_investment\code\thinkphp\lang\zh-cn.php
[ info ] [ BEHAVIOR ] Run app\common\behavior\Common @app_dispatch [ RunTime:0.000925s ]
[ info ] [ ROUTE ] array (
  'type' => 'module',
  'module' => 
  array (
    0 => 'api',
    1 => 'user',
    2 => 'login',
  ),
)
[ info ] [ HEADER ] array (
  'host' => '192.168.31.37:8001',
  'connection' => 'keep-alive',
  'content-length' => '250',
  'accept' => 'application/json',
  'accept-encoding' => 'gzip, deflate',
  'accept-language' => 'zh-CN',
  'content-type' => 'multipart/form-data; boundary=----WebKitFormBoundarysgmwK6GyXVKskCUf',
  'user-agent' => 'Mozilla/5.0 (Windows NT 10.0; Win64; x64) AppleWebKit/537.36 (KHTML, like Gecko) runapi/2.0.5 Chrome/80.0.3987.163 Electron/8.5.5 Safari/537.36',
)
[ info ] [ PARAM ] array (
  'account' => '13112381234',
  'password' => '123456',
)
[ info ] [ LANG ] D:\work\WAR_investment\code\public/../application/api\lang\zh-cn.php
[ info ] [ BEHAVIOR ] Run app\common\behavior\Common @module_init [ RunTime:0.003501s ]
[ info ] [ LANG ] D:\work\WAR_investment\code\public/../application/api/lang/zh-cn/user.php
[ info ] [ RUN ] app\api\controller\User->login[ D:\work\WAR_investment\code\application\api\controller\User.php ]
[ info ] [ DB ] INIT mysql
[ info ] [ TOKEN ] INIT Mysql
[ log ] IM-register：Array to string conversion
---------------------------------------------------------------
[ 2023-05-19T18:41:31+08:00 ] 192.168.31.37 POST 192.168.31.37:8001/api/user/login
[运行时间：0.268144s] [吞吐率：3.73req/s] [内存消耗：721.78kb] [文件加载：80]
[ info ] [ BEHAVIOR ] Run Closure @app_init [ RunTime:0.000409s ]
[ info ] [ CACHE ] INIT File
[ info ] [ BEHAVIOR ] Run Closure @app_init [ RunTime:0.005624s ]
[ info ] [ BEHAVIOR ] Run app\common\behavior\Common @app_init [ RunTime:0.001580s ]
[ info ] [ LANG ] D:\work\WAR_investment\code\thinkphp\lang\zh-cn.php
[ info ] [ BEHAVIOR ] Run app\common\behavior\Common @app_dispatch [ RunTime:0.000973s ]
[ info ] [ ROUTE ] array (
  'type' => 'module',
  'module' => 
  array (
    0 => 'api',
    1 => 'user',
    2 => 'login',
  ),
)
[ info ] [ HEADER ] array (
  'host' => '192.168.31.37:8001',
  'connection' => 'keep-alive',
  'content-length' => '250',
  'accept' => 'application/json',
  'accept-encoding' => 'gzip, deflate',
  'accept-language' => 'zh-CN',
  'content-type' => 'multipart/form-data; boundary=----WebKitFormBoundaryvNXpEU6mXPSzlOXH',
  'user-agent' => 'Mozilla/5.0 (Windows NT 10.0; Win64; x64) AppleWebKit/537.36 (KHTML, like Gecko) runapi/2.0.5 Chrome/80.0.3987.163 Electron/8.5.5 Safari/537.36',
)
[ info ] [ PARAM ] array (
  'account' => '13112381234',
  'password' => '123456',
)
[ info ] [ LANG ] D:\work\WAR_investment\code\public/../application/api\lang\zh-cn.php
[ info ] [ BEHAVIOR ] Run app\common\behavior\Common @module_init [ RunTime:0.003823s ]
[ info ] [ LANG ] D:\work\WAR_investment\code\public/../application/api/lang/zh-cn/user.php
[ info ] [ RUN ] app\api\controller\User->login[ D:\work\WAR_investment\code\application\api\controller\User.php ]
[ info ] [ DB ] INIT mysql
[ info ] [ TOKEN ] INIT Mysql
[ info ] [ LOG ] INIT File
---------------------------------------------------------------
[ 2023-05-19T18:41:55+08:00 ] 192.168.31.37 POST 192.168.31.37:8001/api/user/login
[ info ] [ BEHAVIOR ] Run Closure @app_init [ RunTime:0.000405s ]
[ info ] [ CACHE ] INIT File
[ info ] [ BEHAVIOR ] Run Closure @app_init [ RunTime:0.004981s ]
[ info ] [ BEHAVIOR ] Run app\common\behavior\Common @app_init [ RunTime:0.001324s ]
[ info ] [ LANG ] D:\work\WAR_investment\code\thinkphp\lang\zh-cn.php
[ info ] [ BEHAVIOR ] Run app\common\behavior\Common @app_dispatch [ RunTime:0.001052s ]
[ info ] [ ROUTE ] array (
  'type' => 'module',
  'module' => 
  array (
    0 => 'api',
    1 => 'user',
    2 => 'login',
  ),
)
[ info ] [ HEADER ] array (
  'host' => '192.168.31.37:8001',
  'connection' => 'keep-alive',
  'content-length' => '250',
  'accept' => 'application/json',
  'accept-encoding' => 'gzip, deflate',
  'accept-language' => 'zh-CN',
  'content-type' => 'multipart/form-data; boundary=----WebKitFormBoundaryWoLDZNKDaTgG5Srv',
  'user-agent' => 'Mozilla/5.0 (Windows NT 10.0; Win64; x64) AppleWebKit/537.36 (KHTML, like Gecko) runapi/2.0.5 Chrome/80.0.3987.163 Electron/8.5.5 Safari/537.36',
)
[ info ] [ PARAM ] array (
  'account' => '13112381234',
  'password' => '123456',
)
[ info ] [ LANG ] D:\work\WAR_investment\code\public/../application/api\lang\zh-cn.php
[ info ] [ BEHAVIOR ] Run app\common\behavior\Common @module_init [ RunTime:0.003382s ]
[ info ] [ LANG ] D:\work\WAR_investment\code\public/../application/api/lang/zh-cn/user.php
[ info ] [ RUN ] app\api\controller\User->login[ D:\work\WAR_investment\code\application\api\controller\User.php ]
[ info ] [ DB ] INIT mysql
[ info ] [ TOKEN ] INIT Mysql
[ log ] IM-register：Array to string conversion
---------------------------------------------------------------
[ 2023-05-19T18:42:23+08:00 ] 192.168.31.37 POST 192.168.31.37:8001/api/user/login
[运行时间：0.193231s] [吞吐率：5.18req/s] [内存消耗：722.99kb] [文件加载：80]
[ info ] [ BEHAVIOR ] Run Closure @app_init [ RunTime:0.000411s ]
[ info ] [ CACHE ] INIT File
[ info ] [ BEHAVIOR ] Run Closure @app_init [ RunTime:0.004976s ]
[ info ] [ BEHAVIOR ] Run app\common\behavior\Common @app_init [ RunTime:0.001327s ]
[ info ] [ LANG ] D:\work\WAR_investment\code\thinkphp\lang\zh-cn.php
[ info ] [ BEHAVIOR ] Run app\common\behavior\Common @app_dispatch [ RunTime:0.000964s ]
[ info ] [ ROUTE ] array (
  'type' => 'module',
  'module' => 
  array (
    0 => 'api',
    1 => 'user',
    2 => 'login',
  ),
)
[ info ] [ HEADER ] array (
  'host' => '192.168.31.37:8001',
  'connection' => 'keep-alive',
  'content-length' => '250',
  'accept' => 'application/json',
  'accept-encoding' => 'gzip, deflate',
  'accept-language' => 'zh-CN',
  'content-type' => 'multipart/form-data; boundary=----WebKitFormBoundaryIiEwRJaJRdBTHaE1',
  'user-agent' => 'Mozilla/5.0 (Windows NT 10.0; Win64; x64) AppleWebKit/537.36 (KHTML, like Gecko) runapi/2.0.5 Chrome/80.0.3987.163 Electron/8.5.5 Safari/537.36',
)
[ info ] [ PARAM ] array (
  'account' => '13112381234',
  'password' => '123456',
)
[ info ] [ LANG ] D:\work\WAR_investment\code\public/../application/api\lang\zh-cn.php
[ info ] [ BEHAVIOR ] Run app\common\behavior\Common @module_init [ RunTime:0.003456s ]
[ info ] [ LANG ] D:\work\WAR_investment\code\public/../application/api/lang/zh-cn/user.php
[ info ] [ RUN ] app\api\controller\User->login[ D:\work\WAR_investment\code\application\api\controller\User.php ]
[ info ] [ DB ] INIT mysql
[ info ] [ TOKEN ] INIT Mysql
[ info ] [ LOG ] INIT File
---------------------------------------------------------------
[ 2023-05-19T18:42:31+08:00 ] 192.168.31.37 POST 192.168.31.37:8001/api/user/login
[运行时间：0.191538s] [吞吐率：5.22req/s] [内存消耗：813.60kb] [文件加载：80]
[ info ] [ BEHAVIOR ] Run Closure @app_init [ RunTime:0.000431s ]
[ info ] [ CACHE ] INIT File
[ info ] [ BEHAVIOR ] Run Closure @app_init [ RunTime:0.004990s ]
[ info ] [ BEHAVIOR ] Run app\common\behavior\Common @app_init [ RunTime:0.001317s ]
[ info ] [ LANG ] D:\work\WAR_investment\code\thinkphp\lang\zh-cn.php
[ info ] [ BEHAVIOR ] Run app\common\behavior\Common @app_dispatch [ RunTime:0.000894s ]
[ info ] [ ROUTE ] array (
  'type' => 'module',
  'module' => 
  array (
    0 => 'api',
    1 => 'user',
    2 => 'login',
  ),
)
[ info ] [ HEADER ] array (
  'host' => '192.168.31.37:8001',
  'connection' => 'keep-alive',
  'content-length' => '250',
  'accept' => 'application/json',
  'accept-encoding' => 'gzip, deflate',
  'accept-language' => 'zh-CN',
  'content-type' => 'multipart/form-data; boundary=----WebKitFormBoundarymqbIFulCgm7CPMA3',
  'user-agent' => 'Mozilla/5.0 (Windows NT 10.0; Win64; x64) AppleWebKit/537.36 (KHTML, like Gecko) runapi/2.0.5 Chrome/80.0.3987.163 Electron/8.5.5 Safari/537.36',
)
[ info ] [ PARAM ] array (
  'account' => '13112381234',
  'password' => '123456',
)
[ info ] [ LANG ] D:\work\WAR_investment\code\public/../application/api\lang\zh-cn.php
[ info ] [ BEHAVIOR ] Run app\common\behavior\Common @module_init [ RunTime:0.003437s ]
[ info ] [ LANG ] D:\work\WAR_investment\code\public/../application/api/lang/zh-cn/user.php
[ info ] [ RUN ] app\api\controller\User->login[ D:\work\WAR_investment\code\application\api\controller\User.php ]
[ info ] [ DB ] INIT mysql
[ info ] [ TOKEN ] INIT Mysql
[ info ] [ LOG ] INIT File
---------------------------------------------------------------
[ 2023-05-19T18:43:03+08:00 ] 192.168.31.37 POST 192.168.31.37:8001/api/user/login
[运行时间：0.477250s] [吞吐率：2.10req/s] [内存消耗：721.69kb] [文件加载：80]
[ info ] [ BEHAVIOR ] Run Closure @app_init [ RunTime:0.000423s ]
[ info ] [ CACHE ] INIT File
[ info ] [ BEHAVIOR ] Run Closure @app_init [ RunTime:0.004986s ]
[ info ] [ BEHAVIOR ] Run app\common\behavior\Common @app_init [ RunTime:0.001343s ]
[ info ] [ LANG ] D:\work\WAR_investment\code\thinkphp\lang\zh-cn.php
[ info ] [ BEHAVIOR ] Run app\common\behavior\Common @app_dispatch [ RunTime:0.000942s ]
[ info ] [ ROUTE ] array (
  'type' => 'module',
  'module' => 
  array (
    0 => 'api',
    1 => 'user',
    2 => 'login',
  ),
)
[ info ] [ HEADER ] array (
  'host' => '192.168.31.37:8001',
  'connection' => 'keep-alive',
  'content-length' => '250',
  'accept' => 'application/json',
  'accept-encoding' => 'gzip, deflate',
  'accept-language' => 'zh-CN',
  'content-type' => 'multipart/form-data; boundary=----WebKitFormBoundaryvxGkk0BAjGgiYzAS',
  'user-agent' => 'Mozilla/5.0 (Windows NT 10.0; Win64; x64) AppleWebKit/537.36 (KHTML, like Gecko) runapi/2.0.5 Chrome/80.0.3987.163 Electron/8.5.5 Safari/537.36',
)
[ info ] [ PARAM ] array (
  'account' => '13112381234',
  'password' => '123456',
)
[ info ] [ LANG ] D:\work\WAR_investment\code\public/../application/api\lang\zh-cn.php
[ info ] [ BEHAVIOR ] Run app\common\behavior\Common @module_init [ RunTime:0.003374s ]
[ info ] [ LANG ] D:\work\WAR_investment\code\public/../application/api/lang/zh-cn/user.php
[ info ] [ RUN ] app\api\controller\User->login[ D:\work\WAR_investment\code\application\api\controller\User.php ]
[ info ] [ DB ] INIT mysql
[ info ] [ TOKEN ] INIT Mysql
[ info ] [ LOG ] INIT File
---------------------------------------------------------------
[ 2023-05-19T18:43:57+08:00 ] 192.168.31.37 POST 192.168.31.37:8001/api/user/register
[运行时间：0.089102s] [吞吐率：11.22req/s] [内存消耗：379.24kb] [文件加载：68]
[ info ] [ BEHAVIOR ] Run Closure @app_init [ RunTime:0.000415s ]
[ info ] [ CACHE ] INIT File
[ info ] [ BEHAVIOR ] Run Closure @app_init [ RunTime:0.005627s ]
[ info ] [ BEHAVIOR ] Run app\common\behavior\Common @app_init [ RunTime:0.001548s ]
[ info ] [ LANG ] D:\work\WAR_investment\code\thinkphp\lang\zh-cn.php
[ info ] [ BEHAVIOR ] Run app\common\behavior\Common @app_dispatch [ RunTime:0.001513s ]
[ info ] [ ROUTE ] array (
  'type' => 'module',
  'module' => 
  array (
    0 => 'api',
    1 => 'user',
    2 => 'register',
  ),
)
[ info ] [ HEADER ] array (
  'host' => '192.168.31.37:8001',
  'connection' => 'keep-alive',
  'content-length' => '780',
  'accept' => 'application/json',
  'accept-encoding' => 'gzip, deflate',
  'accept-language' => 'zh-CN',
  'content-type' => 'multipart/form-data; boundary=----WebKitFormBoundaryMBOXvuYCx0V3iz8Q',
  'user-agent' => 'Mozilla/5.0 (Windows NT 10.0; Win64; x64) AppleWebKit/537.36 (KHTML, like Gecko) runapi/2.0.5 Chrome/80.0.3987.163 Electron/8.5.5 Safari/537.36',
)
[ info ] [ PARAM ] array (
  'mobile' => '13112384321',
  'password' => '123456',
  'confirm_password' => '123456',
  'captcha' => '7788',
  'safe_password' => '123456',
  'confirm_safe_password' => '123456',
  'invite_code' => 'wDJKXi',
)
[ info ] [ LANG ] D:\work\WAR_investment\code\public/../application/api\lang\zh-cn.php
[ info ] [ BEHAVIOR ] Run app\common\behavior\Common @module_init [ RunTime:0.003741s ]
[ info ] [ LANG ] D:\work\WAR_investment\code\public/../application/api/lang/zh-cn/user.php
[ info ] [ RUN ] app\api\controller\User->register[ D:\work\WAR_investment\code\application\api\controller\User.php ]
[ info ] [ LOG ] INIT File
---------------------------------------------------------------
[ 2023-05-19T18:44:29+08:00 ] 192.168.31.37 POST 192.168.31.37:8001/api/user/login
[运行时间：26.157571s] [吞吐率：0.04req/s] [内存消耗：720.61kb] [文件加载：80]
[ info ] [ BEHAVIOR ] Run Closure @app_init [ RunTime:0.000417s ]
[ info ] [ CACHE ] INIT File
[ info ] [ BEHAVIOR ] Run Closure @app_init [ RunTime:0.004973s ]
[ info ] [ BEHAVIOR ] Run app\common\behavior\Common @app_init [ RunTime:0.001316s ]
[ info ] [ LANG ] D:\work\WAR_investment\code\thinkphp\lang\zh-cn.php
[ info ] [ BEHAVIOR ] Run app\common\behavior\Common @app_dispatch [ RunTime:0.001001s ]
[ info ] [ ROUTE ] array (
  'type' => 'module',
  'module' => 
  array (
    0 => 'api',
    1 => 'user',
    2 => 'login',
  ),
)
[ info ] [ HEADER ] array (
  'host' => '192.168.31.37:8001',
  'connection' => 'keep-alive',
  'content-length' => '250',
  'accept' => 'application/json',
  'accept-encoding' => 'gzip, deflate',
  'accept-language' => 'zh-CN',
  'content-type' => 'multipart/form-data; boundary=----WebKitFormBoundaryLAKZNpUyffNmrJej',
  'user-agent' => 'Mozilla/5.0 (Windows NT 10.0; Win64; x64) AppleWebKit/537.36 (KHTML, like Gecko) runapi/2.0.5 Chrome/80.0.3987.163 Electron/8.5.5 Safari/537.36',
)
[ info ] [ PARAM ] array (
  'account' => '13112381234',
  'password' => '123456',
)
[ info ] [ LANG ] D:\work\WAR_investment\code\public/../application/api\lang\zh-cn.php
[ info ] [ BEHAVIOR ] Run app\common\behavior\Common @module_init [ RunTime:0.003483s ]
[ info ] [ LANG ] D:\work\WAR_investment\code\public/../application/api/lang/zh-cn/user.php
[ info ] [ RUN ] app\api\controller\User->login[ D:\work\WAR_investment\code\application\api\controller\User.php ]
[ info ] [ DB ] INIT mysql
[ info ] [ TOKEN ] INIT Mysql
[ info ] [ LOG ] INIT File
---------------------------------------------------------------
[ 2023-05-19T18:54:22+08:00 ] 192.168.31.37 GET 192.168.31.37:8001/MjkBryoaOv.php/index/index
[运行时间：0.217971s] [吞吐率：4.59req/s] [内存消耗：578.44kb] [文件加载：73]
[ info ] [ BEHAVIOR ] Run Closure @app_init [ RunTime:0.002693s ]
[ info ] [ CACHE ] INIT File
[ info ] [ BEHAVIOR ] Run Closure @app_init [ RunTime:0.015383s ]
[ info ] [ BEHAVIOR ] Run app\common\behavior\Common @app_init [ RunTime:0.005154s ]
[ info ] [ LANG ] D:\work\WAR_investment\code\thinkphp\lang\zh-cn.php
[ info ] [ BEHAVIOR ] Run app\common\behavior\Common @app_dispatch [ RunTime:0.001540s ]
[ info ] [ ROUTE ] array (
  'type' => 'module',
  'module' => 
  array (
    0 => 'admin',
    1 => 'index',
    2 => 'index',
  ),
)
[ info ] [ HEADER ] array (
  'host' => '192.168.31.37:8001',
  'connection' => 'keep-alive',
  'upgrade-insecure-requests' => '1',
  'user-agent' => 'Mozilla/5.0 (Windows NT 10.0; Win64; x64) AppleWebKit/537.36 (KHTML, like Gecko) Chrome/113.0.0.0 Safari/537.36',
  'accept' => 'text/html,application/xhtml+xml,application/xml;q=0.9,image/avif,image/webp,image/apng,*/*;q=0.8,application/signed-exchange;v=b3;q=0.7',
  'accept-encoding' => 'gzip, deflate',
  'accept-language' => 'zh-CN,zh;q=0.9',
)
[ info ] [ PARAM ] array (
)
[ info ] [ LANG ] D:\work\WAR_investment\code\public/../application/admin\lang\zh-cn.php
[ info ] [ BEHAVIOR ] Run app\common\behavior\Common @module_init [ RunTime:0.009109s ]
[ info ] [ SESSION ] INIT array (
  'id' => '',
  'var_session_id' => '',
  'prefix' => 'think',
  'type' => '',
  'auto_start' => true,
)
[ info ] [ BEHAVIOR ] Run app\admin\behavior\AdminLog @app_end [ RunTime:0.002815s ]
[ info ] [ LOG ] INIT File
---------------------------------------------------------------
[ 2023-05-19T18:54:22+08:00 ] 192.168.31.37 GET 192.168.31.37:8001/MjkBryoaOv.php/index/login
[运行时间：0.149682s] [吞吐率：6.68req/s] [内存消耗：470.93kb] [文件加载：77]
[ info ] [ BEHAVIOR ] Run Closure @app_init [ RunTime:0.000519s ]
[ info ] [ CACHE ] INIT File
[ info ] [ BEHAVIOR ] Run Closure @app_init [ RunTime:0.007831s ]
[ info ] [ BEHAVIOR ] Run app\common\behavior\Common @app_init [ RunTime:0.002091s ]
[ info ] [ LANG ] D:\work\WAR_investment\code\thinkphp\lang\zh-cn.php
[ info ] [ BEHAVIOR ] Run app\common\behavior\Common @app_dispatch [ RunTime:0.001717s ]
[ info ] [ ROUTE ] array (
  'type' => 'module',
  'module' => 
  array (
    0 => 'admin',
    1 => 'index',
    2 => 'login',
  ),
)
[ info ] [ HEADER ] array (
  'host' => '192.168.31.37:8001',
  'connection' => 'keep-alive',
  'upgrade-insecure-requests' => '1',
  'user-agent' => 'Mozilla/5.0 (Windows NT 10.0; Win64; x64) AppleWebKit/537.36 (KHTML, like Gecko) Chrome/113.0.0.0 Safari/537.36',
  'accept' => 'text/html,application/xhtml+xml,application/xml;q=0.9,image/avif,image/webp,image/apng,*/*;q=0.8,application/signed-exchange;v=b3;q=0.7',
  'accept-encoding' => 'gzip, deflate',
  'accept-language' => 'zh-CN,zh;q=0.9',
  'cookie' => 'PHPSESSID=1etqa8c4pijrl62f8k6inth7mf',
)
[ info ] [ PARAM ] array (
)
[ info ] [ LANG ] D:\work\WAR_investment\code\public/../application/admin\lang\zh-cn.php
[ info ] [ BEHAVIOR ] Run app\common\behavior\Common @module_init [ RunTime:0.005619s ]
[ info ] [ SESSION ] INIT array (
  'id' => '',
  'var_session_id' => '',
  'prefix' => 'think',
  'type' => '',
  'auto_start' => true,
)
[ info ] [ BEHAVIOR ] Run \addons\summernote\Summernote @config_init [ RunTime:0.004274s ]
[ info ] [ LANG ] D:\work\WAR_investment\code\public/../application/admin/lang/zh-cn/index.php
[ info ] [ RUN ] app\admin\controller\Index->login[ D:\work\WAR_investment\code\application\admin\controller\Index.php ]
[ info ] [ VIEW ] D:\work\WAR_investment\code\public/../application/admin\view\index\login.html [ array (
  0 => 'breadcrumb',
  1 => 'site',
  2 => 'config',
  3 => 'auth',
  4 => 'admin',
  5 => 'background',
  6 => 'title',
) ]
[ info ] [ BEHAVIOR ] Run app\admin\behavior\AdminLog @app_end [ RunTime:0.001893s ]
[ info ] [ LOG ] INIT File
---------------------------------------------------------------
[ 2023-05-19T18:54:22+08:00 ] 192.168.31.37 GET 192.168.31.37:8001/index.php?s=/captcha
[运行时间：0.093671s] [吞吐率：10.68req/s] [内存消耗：257.95kb] [文件加载：57]
[ info ] [ BEHAVIOR ] Run Closure @app_init [ RunTime:0.000473s ]
[ info ] [ CACHE ] INIT File
[ info ] [ BEHAVIOR ] Run Closure @app_init [ RunTime:0.006975s ]
[ info ] [ BEHAVIOR ] Run app\common\behavior\Common @app_init [ RunTime:0.001593s ]
[ info ] [ LANG ] D:\work\WAR_investment\code\thinkphp\lang\zh-cn.php
[ info ] [ BEHAVIOR ] Run app\common\behavior\Common @app_dispatch [ RunTime:0.001236s ]
[ info ] [ ROUTE ] array (
  'type' => 'method',
  'method' => 
  array (
    0 => '\\think\\captcha\\CaptchaController',
    1 => 'index',
  ),
  'var' => 
  array (
  ),
)
[ info ] [ HEADER ] array (
  'host' => '192.168.31.37:8001',
  'connection' => 'keep-alive',
  'user-agent' => 'Mozilla/5.0 (Windows NT 10.0; Win64; x64) AppleWebKit/537.36 (KHTML, like Gecko) Chrome/113.0.0.0 Safari/537.36',
  'accept' => 'image/avif,image/webp,image/apng,image/svg+xml,image/*,*/*;q=0.8',
  'accept-encoding' => 'gzip, deflate',
  'accept-language' => 'zh-CN,zh;q=0.9',
  'cookie' => 'PHPSESSID=1etqa8c4pijrl62f8k6inth7mf',
)
[ info ] [ PARAM ] array (
  'id' => NULL,
)
[ info ] [ RUN ] think\captcha\CaptchaController->index[ D:\work\WAR_investment\code\vendor\topthink\think-captcha\src\CaptchaController.php ]
[ info ] [ SESSION ] INIT array (
  'id' => '',
  'var_session_id' => '',
  'prefix' => 'think',
  'type' => '',
  'auto_start' => true,
)
[ info ] [ LOG ] INIT File
---------------------------------------------------------------
[ 2023-05-19T18:54:27+08:00 ] 192.168.31.37 GET 192.168.31.37:8001/MjkBryoaOv.php/ajax/lang?callback=define&controllername=index&lang=zh-cn&v=1684493662&v=1684493662
[运行时间：0.105813s] [吞吐率：9.45req/s] [内存消耗：423.23kb] [文件加载：78]
[ info ] [ BEHAVIOR ] Run Closure @app_init [ RunTime:0.000506s ]
[ info ] [ CACHE ] INIT File
[ info ] [ BEHAVIOR ] Run Closure @app_init [ RunTime:0.006317s ]
[ info ] [ BEHAVIOR ] Run app\common\behavior\Common @app_init [ RunTime:0.001804s ]
[ info ] [ LANG ] D:\work\WAR_investment\code\thinkphp\lang\zh-cn.php
[ info ] [ BEHAVIOR ] Run app\common\behavior\Common @app_dispatch [ RunTime:0.001053s ]
[ info ] [ ROUTE ] array (
  'type' => 'module',
  'module' => 
  array (
    0 => 'admin',
    1 => 'ajax',
    2 => 'lang',
  ),
)
[ info ] [ HEADER ] array (
  'host' => '192.168.31.37:8001',
  'connection' => 'keep-alive',
  'user-agent' => 'Mozilla/5.0 (Windows NT 10.0; Win64; x64) AppleWebKit/537.36 (KHTML, like Gecko) Chrome/113.0.0.0 Safari/537.36',
  'accept' => '*/*',
  'accept-encoding' => 'gzip, deflate',
  'accept-language' => 'zh-CN,zh;q=0.9',
  'cookie' => 'PHPSESSID=1etqa8c4pijrl62f8k6inth7mf',
)
[ info ] [ PARAM ] array (
  'callback' => 'define',
  'controllername' => 'index',
  'lang' => 'zh-cn',
  'v' => '1684493662',
)
[ info ] [ LANG ] D:\work\WAR_investment\code\public/../application/admin\lang\zh-cn.php
[ info ] [ BEHAVIOR ] Run app\common\behavior\Common @module_init [ RunTime:0.005981s ]
[ info ] [ SESSION ] INIT array (
  'id' => '',
  'var_session_id' => '',
  'prefix' => 'think',
  'type' => '',
  'auto_start' => true,
)
[ info ] [ BEHAVIOR ] Run \addons\summernote\Summernote @config_init [ RunTime:0.002373s ]
[ info ] [ LANG ] D:\work\WAR_investment\code\public/../application/admin/lang/zh-cn/ajax.php
[ info ] [ RUN ] app\admin\controller\Ajax->lang[ D:\work\WAR_investment\code\application\admin\controller\Ajax.php ]
[ info ] [ LANG ] D:\work\WAR_investment\code\public/../application/admin/lang/zh-cn/index.php
[ info ] [ BEHAVIOR ] Run app\admin\behavior\AdminLog @app_end [ RunTime:0.001256s ]
[ info ] [ LOG ] INIT File
---------------------------------------------------------------
[ 2023-05-19T18:54:44+08:00 ] 192.168.31.37 POST 192.168.31.37:8001/MjkBryoaOv.php/index/login
[ info ] [ BEHAVIOR ] Run Closure @app_init [ RunTime:0.000460s ]
[ info ] [ CACHE ] INIT File
[ info ] [ BEHAVIOR ] Run Closure @app_init [ RunTime:0.005725s ]
[ info ] [ BEHAVIOR ] Run app\common\behavior\Common @app_init [ RunTime:0.001598s ]
[ info ] [ LANG ] D:\work\WAR_investment\code\thinkphp\lang\zh-cn.php
[ info ] [ BEHAVIOR ] Run app\common\behavior\Common @app_dispatch [ RunTime:0.000919s ]
[ info ] [ ROUTE ] array (
  'type' => 'module',
  'module' => 
  array (
    0 => 'admin',
    1 => 'index',
    2 => 'login',
  ),
)
[ info ] [ HEADER ] array (
  'host' => '192.168.31.37:8001',
  'connection' => 'keep-alive',
  'content-length' => '88',
  'accept' => 'application/json, text/javascript, */*; q=0.01',
  'x-requested-with' => 'XMLHttpRequest',
  'user-agent' => 'Mozilla/5.0 (Windows NT 10.0; Win64; x64) AppleWebKit/537.36 (KHTML, like Gecko) Chrome/113.0.0.0 Safari/537.36',
  'content-type' => 'application/x-www-form-urlencoded; charset=UTF-8',
  'origin' => 'http://192.168.31.37:8001',
  'accept-encoding' => 'gzip, deflate',
  'accept-language' => 'zh-CN,zh;q=0.9',
  'cookie' => 'PHPSESSID=1etqa8c4pijrl62f8k6inth7mf; think_var=zh-cn',
)
[ info ] [ PARAM ] array (
  '__token__' => 'c7bc5a1682517eff9bcfb708d6d0ae4f',
  'username' => 'admin',
  'password' => 'admin123',
  'captcha' => 'fvri',
)
[ info ] [ LANG ] D:\work\WAR_investment\code\public/../application/admin\lang\zh-cn.php
[ info ] [ BEHAVIOR ] Run app\common\behavior\Common @module_init [ RunTime:0.003745s ]
[ info ] [ SESSION ] INIT array (
  'id' => '',
  'var_session_id' => '',
  'prefix' => 'think',
  'type' => '',
  'auto_start' => true,
)
[ info ] [ BEHAVIOR ] Run \addons\summernote\Summernote @config_init [ RunTime:0.002185s ]
[ info ] [ LANG ] D:\work\WAR_investment\code\public/../application/admin/lang/zh-cn/index.php
[ info ] [ RUN ] app\admin\controller\Index->login[ D:\work\WAR_investment\code\application\admin\controller\Index.php ]
[ info ] [ DB ] INIT mysql
[ log ] IM-register：Illegal string offset 'token'
---------------------------------------------------------------
[ 2023-05-19T18:54:44+08:00 ] 192.168.31.37 POST 192.168.31.37:8001/MjkBryoaOv.php/index/login
[运行时间：3.231167s] [吞吐率：0.31req/s] [内存消耗：773.37kb] [文件加载：96]
[ info ] [ BEHAVIOR ] Run app\admin\behavior\AdminLog @app_end [ RunTime:0.030516s ]
---------------------------------------------------------------
[ 2023-05-19T18:54:44+08:00 ] 192.168.31.37 GET 192.168.31.37:8001/MjkBryoaOv.php/index/index
[运行时间：0.440861s] [吞吐率：2.27req/s] [内存消耗：854.59kb] [文件加载：89]
[ info ] [ BEHAVIOR ] Run Closure @app_init [ RunTime:0.000404s ]
[ info ] [ CACHE ] INIT File
[ info ] [ BEHAVIOR ] Run Closure @app_init [ RunTime:0.004796s ]
[ info ] [ BEHAVIOR ] Run app\common\behavior\Common @app_init [ RunTime:0.001310s ]
[ info ] [ LANG ] D:\work\WAR_investment\code\thinkphp\lang\zh-cn.php
[ info ] [ BEHAVIOR ] Run app\common\behavior\Common @app_dispatch [ RunTime:0.000960s ]
[ info ] [ ROUTE ] array (
  'type' => 'module',
  'module' => 
  array (
    0 => 'admin',
    1 => 'index',
    2 => 'index',
  ),
)
[ info ] [ HEADER ] array (
  'host' => '192.168.31.37:8001',
  'connection' => 'keep-alive',
  'upgrade-insecure-requests' => '1',
  'user-agent' => 'Mozilla/5.0 (Windows NT 10.0; Win64; x64) AppleWebKit/537.36 (KHTML, like Gecko) Chrome/113.0.0.0 Safari/537.36',
  'accept' => 'text/html,application/xhtml+xml,application/xml;q=0.9,image/avif,image/webp,image/apng,*/*;q=0.8,application/signed-exchange;v=b3;q=0.7',
  'accept-encoding' => 'gzip, deflate',
  'accept-language' => 'zh-CN,zh;q=0.9',
  'cookie' => 'PHPSESSID=1etqa8c4pijrl62f8k6inth7mf; think_var=zh-cn',
)
[ info ] [ PARAM ] array (
)
[ info ] [ LANG ] D:\work\WAR_investment\code\public/../application/admin\lang\zh-cn.php
[ info ] [ BEHAVIOR ] Run app\common\behavior\Common @module_init [ RunTime:0.003317s ]
[ info ] [ SESSION ] INIT array (
  'id' => '',
  'var_session_id' => '',
  'prefix' => 'think',
  'type' => '',
  'auto_start' => true,
)
[ info ] [ BEHAVIOR ] Run \addons\summernote\Summernote @config_init [ RunTime:0.002242s ]
[ info ] [ LANG ] D:\work\WAR_investment\code\public/../application/admin/lang/zh-cn/index.php
[ info ] [ RUN ] app\admin\controller\Index->index[ D:\work\WAR_investment\code\application\admin\controller\Index.php ]
[ info ] [ DB ] INIT mysql
[ info ] [ VIEW ] D:\work\WAR_investment\code\public/../application/admin\view\index\index.html [ array (
  0 => 'breadcrumb',
  1 => 'site',
  2 => 'config',
  3 => 'auth',
  4 => 'admin',
  5 => 'menulist',
  6 => 'navlist',
  7 => 'fixedmenu',
  8 => 'referermenu',
  9 => 'title',
) ]
[ info ] [ BEHAVIOR ] Run app\admin\behavior\AdminLog @app_end [ RunTime:0.001065s ]
[ info ] [ LOG ] INIT File
---------------------------------------------------------------
[ 2023-05-19T18:54:45+08:00 ] 192.168.31.37 GET 192.168.31.37:8001/MjkBryoaOv.php/dashboard?addtabs=1
[运行时间：0.447315s] [吞吐率：2.24req/s] [内存消耗：914.69kb] [文件加载：89]
[ info ] [ BEHAVIOR ] Run Closure @app_init [ RunTime:0.000412s ]
[ info ] [ CACHE ] INIT File
[ info ] [ BEHAVIOR ] Run Closure @app_init [ RunTime:0.004840s ]
[ info ] [ BEHAVIOR ] Run app\common\behavior\Common @app_init [ RunTime:0.001331s ]
[ info ] [ LANG ] D:\work\WAR_investment\code\thinkphp\lang\zh-cn.php
[ info ] [ BEHAVIOR ] Run app\common\behavior\Common @app_dispatch [ RunTime:0.000917s ]
[ info ] [ ROUTE ] array (
  'type' => 'module',
  'module' => 
  array (
    0 => 'admin',
    1 => 'dashboard',
    2 => NULL,
  ),
)
[ info ] [ HEADER ] array (
  'host' => '192.168.31.37:8001',
  'connection' => 'keep-alive',
  'upgrade-insecure-requests' => '1',
  'user-agent' => 'Mozilla/5.0 (Windows NT 10.0; Win64; x64) AppleWebKit/537.36 (KHTML, like Gecko) Chrome/113.0.0.0 Safari/537.36',
  'accept' => 'text/html,application/xhtml+xml,application/xml;q=0.9,image/avif,image/webp,image/apng,*/*;q=0.8,application/signed-exchange;v=b3;q=0.7',
  'accept-encoding' => 'gzip, deflate',
  'accept-language' => 'zh-CN,zh;q=0.9',
  'cookie' => 'PHPSESSID=1etqa8c4pijrl62f8k6inth7mf; think_var=zh-cn',
)
[ info ] [ PARAM ] array (
  'addtabs' => '1',
)
[ info ] [ LANG ] D:\work\WAR_investment\code\public/../application/admin\lang\zh-cn.php
[ info ] [ BEHAVIOR ] Run app\common\behavior\Common @module_init [ RunTime:0.003648s ]
[ info ] [ SESSION ] INIT array (
  'id' => '',
  'var_session_id' => '',
  'prefix' => 'think',
  'type' => '',
  'auto_start' => true,
)
[ info ] [ DB ] INIT mysql
[ info ] [ BEHAVIOR ] Run \addons\summernote\Summernote @config_init [ RunTime:0.002263s ]
[ info ] [ LANG ] D:\work\WAR_investment\code\public/../application/admin/lang/zh-cn/dashboard.php
[ info ] [ RUN ] app\admin\controller\Dashboard->index[ D:\work\WAR_investment\code\application\admin\controller\Dashboard.php ]
[ info ] [ VIEW ] D:\work\WAR_investment\code\public/../application/admin\view\dashboard\index.html [ array (
  0 => 'breadcrumb',
  1 => 'site',
  2 => 'config',
  3 => 'auth',
  4 => 'admin',
  5 => 'totaluser',
  6 => 'totaladdon',
  7 => 'totaladmin',
  8 => 'totalcategory',
  9 => 'todayusersignup',
  10 => 'todayuserlogin',
  11 => 'sevendau',
  12 => 'thirtydau',
  13 => 'threednu',
  14 => 'sevendnu',
  15 => 'dbtablenums',
  16 => 'dbsize',
  17 => 'totalworkingaddon',
  18 => 'attachmentnums',
  19 => 'attachmentsize',
  20 => 'picturenums',
  21 => 'picturesize',
) ]
[ info ] [ BEHAVIOR ] Run app\admin\behavior\AdminLog @app_end [ RunTime:0.001503s ]
[ info ] [ LOG ] INIT File
---------------------------------------------------------------
[ 2023-05-19T18:54:45+08:00 ] 192.168.31.37 GET 192.168.31.37:8001/MjkBryoaOv.php/ajax/lang?callback=define&controllername=index&lang=zh-cn&v=1684493684&v=1684493684
[运行时间：0.329173s] [吞吐率：3.04req/s] [内存消耗：423.49kb] [文件加载：78]
[ info ] [ BEHAVIOR ] Run Closure @app_init [ RunTime:0.000500s ]
[ info ] [ CACHE ] INIT File
[ info ] [ BEHAVIOR ] Run Closure @app_init [ RunTime:0.005662s ]
[ info ] [ BEHAVIOR ] Run app\common\behavior\Common @app_init [ RunTime:0.001646s ]
[ info ] [ LANG ] D:\work\WAR_investment\code\thinkphp\lang\zh-cn.php
[ info ] [ BEHAVIOR ] Run app\common\behavior\Common @app_dispatch [ RunTime:0.000809s ]
[ info ] [ ROUTE ] array (
  'type' => 'module',
  'module' => 
  array (
    0 => 'admin',
    1 => 'ajax',
    2 => 'lang',
  ),
)
[ info ] [ HEADER ] array (
  'host' => '192.168.31.37:8001',
  'connection' => 'keep-alive',
  'user-agent' => 'Mozilla/5.0 (Windows NT 10.0; Win64; x64) AppleWebKit/537.36 (KHTML, like Gecko) Chrome/113.0.0.0 Safari/537.36',
  'accept' => '*/*',
  'accept-encoding' => 'gzip, deflate',
  'accept-language' => 'zh-CN,zh;q=0.9',
  'cookie' => 'PHPSESSID=1etqa8c4pijrl62f8k6inth7mf; think_var=zh-cn',
)
[ info ] [ PARAM ] array (
  'callback' => 'define',
  'controllername' => 'index',
  'lang' => 'zh-cn',
  'v' => '1684493684',
)
[ info ] [ LANG ] D:\work\WAR_investment\code\public/../application/admin\lang\zh-cn.php
[ info ] [ BEHAVIOR ] Run app\common\behavior\Common @module_init [ RunTime:0.005056s ]
[ info ] [ SESSION ] INIT array (
  'id' => '',
  'var_session_id' => '',
  'prefix' => 'think',
  'type' => '',
  'auto_start' => true,
)
[ info ] [ BEHAVIOR ] Run \addons\summernote\Summernote @config_init [ RunTime:0.002305s ]
[ info ] [ LANG ] D:\work\WAR_investment\code\public/../application/admin/lang/zh-cn/ajax.php
[ info ] [ RUN ] app\admin\controller\Ajax->lang[ D:\work\WAR_investment\code\application\admin\controller\Ajax.php ]
[ info ] [ LANG ] D:\work\WAR_investment\code\public/../application/admin/lang/zh-cn/index.php
[ info ] [ BEHAVIOR ] Run app\admin\behavior\AdminLog @app_end [ RunTime:0.001203s ]
[ info ] [ LOG ] INIT File
---------------------------------------------------------------
[ 2023-05-19T18:54:45+08:00 ] 192.168.31.37 GET 192.168.31.37:8001/MjkBryoaOv.php/ajax/lang?callback=define&controllername=dashboard&lang=zh-cn&v=1684493685&v=1684493685
[运行时间：0.100383s] [吞吐率：9.96req/s] [内存消耗：406.41kb] [文件加载：78]
[ info ] [ BEHAVIOR ] Run Closure @app_init [ RunTime:0.000411s ]
[ info ] [ CACHE ] INIT File
[ info ] [ BEHAVIOR ] Run Closure @app_init [ RunTime:0.007465s ]
[ info ] [ BEHAVIOR ] Run app\common\behavior\Common @app_init [ RunTime:0.001711s ]
[ info ] [ LANG ] D:\work\WAR_investment\code\thinkphp\lang\zh-cn.php
[ info ] [ BEHAVIOR ] Run app\common\behavior\Common @app_dispatch [ RunTime:0.001137s ]
[ info ] [ ROUTE ] array (
  'type' => 'module',
  'module' => 
  array (
    0 => 'admin',
    1 => 'ajax',
    2 => 'lang',
  ),
)
[ info ] [ HEADER ] array (
  'host' => '192.168.31.37:8001',
  'connection' => 'keep-alive',
  'user-agent' => 'Mozilla/5.0 (Windows NT 10.0; Win64; x64) AppleWebKit/537.36 (KHTML, like Gecko) Chrome/113.0.0.0 Safari/537.36',
  'accept' => '*/*',
  'accept-encoding' => 'gzip, deflate',
  'accept-language' => 'zh-CN,zh;q=0.9',
  'cookie' => 'PHPSESSID=1etqa8c4pijrl62f8k6inth7mf; think_var=zh-cn',
)
[ info ] [ PARAM ] array (
  'callback' => 'define',
  'controllername' => 'dashboard',
  'lang' => 'zh-cn',
  'v' => '1684493685',
)
[ info ] [ LANG ] D:\work\WAR_investment\code\public/../application/admin\lang\zh-cn.php
[ info ] [ BEHAVIOR ] Run app\common\behavior\Common @module_init [ RunTime:0.005330s ]
[ info ] [ SESSION ] INIT array (
  'id' => '',
  'var_session_id' => '',
  'prefix' => 'think',
  'type' => '',
  'auto_start' => true,
)
[ info ] [ BEHAVIOR ] Run \addons\summernote\Summernote @config_init [ RunTime:0.002837s ]
[ info ] [ LANG ] D:\work\WAR_investment\code\public/../application/admin/lang/zh-cn/ajax.php
[ info ] [ RUN ] app\admin\controller\Ajax->lang[ D:\work\WAR_investment\code\application\admin\controller\Ajax.php ]
[ info ] [ LANG ] D:\work\WAR_investment\code\public/../application/admin/lang/zh-cn/dashboard.php
[ info ] [ BEHAVIOR ] Run app\admin\behavior\AdminLog @app_end [ RunTime:0.001121s ]
[ info ] [ LOG ] INIT File
---------------------------------------------------------------
[ 2023-05-19T18:55:04+08:00 ] 192.168.31.37 GET 192.168.31.37:8001/MjkBryoaOv.php/feature/notice?addtabs=1
[运行时间：0.138622s] [吞吐率：7.21req/s] [内存消耗：701.20kb] [文件加载：83]
[ info ] [ BEHAVIOR ] Run Closure @app_init [ RunTime:0.000410s ]
[ info ] [ CACHE ] INIT File
[ info ] [ BEHAVIOR ] Run Closure @app_init [ RunTime:0.005076s ]
[ info ] [ BEHAVIOR ] Run app\common\behavior\Common @app_init [ RunTime:0.001317s ]
[ info ] [ LANG ] D:\work\WAR_investment\code\thinkphp\lang\zh-cn.php
[ info ] [ BEHAVIOR ] Run app\common\behavior\Common @app_dispatch [ RunTime:0.000878s ]
[ info ] [ ROUTE ] array (
  'type' => 'module',
  'module' => 
  array (
    0 => 'admin',
    1 => 'feature.notice',
    2 => NULL,
  ),
)
[ info ] [ HEADER ] array (
  'host' => '192.168.31.37:8001',
  'connection' => 'keep-alive',
  'upgrade-insecure-requests' => '1',
  'user-agent' => 'Mozilla/5.0 (Windows NT 10.0; Win64; x64) AppleWebKit/537.36 (KHTML, like Gecko) Chrome/113.0.0.0 Safari/537.36',
  'accept' => 'text/html,application/xhtml+xml,application/xml;q=0.9,image/avif,image/webp,image/apng,*/*;q=0.8,application/signed-exchange;v=b3;q=0.7',
  'accept-encoding' => 'gzip, deflate',
  'accept-language' => 'zh-CN,zh;q=0.9',
  'cookie' => 'PHPSESSID=1etqa8c4pijrl62f8k6inth7mf; think_var=zh-cn',
)
[ info ] [ PARAM ] array (
  'addtabs' => '1',
)
[ info ] [ LANG ] D:\work\WAR_investment\code\public/../application/admin\lang\zh-cn.php
[ info ] [ BEHAVIOR ] Run app\common\behavior\Common @module_init [ RunTime:0.003528s ]
[ info ] [ SESSION ] INIT array (
  'id' => '',
  'var_session_id' => '',
  'prefix' => 'think',
  'type' => '',
  'auto_start' => true,
)
[ info ] [ DB ] INIT mysql
[ info ] [ BEHAVIOR ] Run \addons\summernote\Summernote @config_init [ RunTime:0.002240s ]
[ info ] [ RUN ] app\admin\controller\feature\Notice->index[ D:\work\WAR_investment\code\application\admin\controller\feature\Notice.php ]
[ info ] [ VIEW ] D:\work\WAR_investment\code\public/../application/admin\view\feature\notice\index.html [ array (
  0 => 'breadcrumb',
  1 => 'site',
  2 => 'config',
  3 => 'auth',
  4 => 'admin',
) ]
[ info ] [ BEHAVIOR ] Run app\admin\behavior\AdminLog @app_end [ RunTime:0.001078s ]
[ info ] [ LOG ] INIT File
---------------------------------------------------------------
[ 2023-05-19T18:55:04+08:00 ] 192.168.31.37 GET 192.168.31.37:8001/MjkBryoaOv.php/ajax/lang?callback=define&controllername=feature.notice&lang=zh-cn&v=1684493704&v=1684493704
[运行时间：0.089881s] [吞吐率：11.13req/s] [内存消耗：404.38kb] [文件加载：77]
[ info ] [ BEHAVIOR ] Run Closure @app_init [ RunTime:0.000446s ]
[ info ] [ CACHE ] INIT File
[ info ] [ BEHAVIOR ] Run Closure @app_init [ RunTime:0.005444s ]
[ info ] [ BEHAVIOR ] Run app\common\behavior\Common @app_init [ RunTime:0.001448s ]
[ info ] [ LANG ] D:\work\WAR_investment\code\thinkphp\lang\zh-cn.php
[ info ] [ BEHAVIOR ] Run app\common\behavior\Common @app_dispatch [ RunTime:0.000982s ]
[ info ] [ ROUTE ] array (
  'type' => 'module',
  'module' => 
  array (
    0 => 'admin',
    1 => 'ajax',
    2 => 'lang',
  ),
)
[ info ] [ HEADER ] array (
  'host' => '192.168.31.37:8001',
  'connection' => 'keep-alive',
  'user-agent' => 'Mozilla/5.0 (Windows NT 10.0; Win64; x64) AppleWebKit/537.36 (KHTML, like Gecko) Chrome/113.0.0.0 Safari/537.36',
  'accept' => '*/*',
  'accept-encoding' => 'gzip, deflate',
  'accept-language' => 'zh-CN,zh;q=0.9',
  'cookie' => 'PHPSESSID=1etqa8c4pijrl62f8k6inth7mf; think_var=zh-cn',
)
[ info ] [ PARAM ] array (
  'callback' => 'define',
  'controllername' => 'feature.notice',
  'lang' => 'zh-cn',
  'v' => '1684493704',
)
[ info ] [ LANG ] D:\work\WAR_investment\code\public/../application/admin\lang\zh-cn.php
[ info ] [ BEHAVIOR ] Run app\common\behavior\Common @module_init [ RunTime:0.005355s ]
[ info ] [ SESSION ] INIT array (
  'id' => '',
  'var_session_id' => '',
  'prefix' => 'think',
  'type' => '',
  'auto_start' => true,
)
[ info ] [ BEHAVIOR ] Run \addons\summernote\Summernote @config_init [ RunTime:0.002358s ]
[ info ] [ LANG ] D:\work\WAR_investment\code\public/../application/admin/lang/zh-cn/ajax.php
[ info ] [ RUN ] app\admin\controller\Ajax->lang[ D:\work\WAR_investment\code\application\admin\controller\Ajax.php ]
[ info ] [ BEHAVIOR ] Run app\admin\behavior\AdminLog @app_end [ RunTime:0.001063s ]
[ info ] [ LOG ] INIT File
---------------------------------------------------------------
[ 2023-05-19T18:55:04+08:00 ] 192.168.31.37 GET 192.168.31.37:8001/MjkBryoaOv.php/feature/notice/index?sort=notice_id&order=desc&offset=0&limit=10&filter=%7B%7D&op=%7B%7D&_=1684493704535
[运行时间：0.184560s] [吞吐率：5.42req/s] [内存消耗：765.18kb] [文件加载：86]
[ info ] [ BEHAVIOR ] Run Closure @app_init [ RunTime:0.000407s ]
[ info ] [ CACHE ] INIT File
[ info ] [ BEHAVIOR ] Run Closure @app_init [ RunTime:0.004893s ]
[ info ] [ BEHAVIOR ] Run app\common\behavior\Common @app_init [ RunTime:0.001332s ]
[ info ] [ LANG ] D:\work\WAR_investment\code\thinkphp\lang\zh-cn.php
[ info ] [ BEHAVIOR ] Run app\common\behavior\Common @app_dispatch [ RunTime:0.000886s ]
[ info ] [ ROUTE ] array (
  'type' => 'module',
  'module' => 
  array (
    0 => 'admin',
    1 => 'feature.notice',
    2 => 'index',
  ),
)
[ info ] [ HEADER ] array (
  'host' => '192.168.31.37:8001',
  'connection' => 'keep-alive',
  'accept' => 'application/json, text/javascript, */*; q=0.01',
  'x-requested-with' => 'XMLHttpRequest',
  'user-agent' => 'Mozilla/5.0 (Windows NT 10.0; Win64; x64) AppleWebKit/537.36 (KHTML, like Gecko) Chrome/113.0.0.0 Safari/537.36',
  'content-type' => 'application/json',
  'accept-encoding' => 'gzip, deflate',
  'accept-language' => 'zh-CN,zh;q=0.9',
  'cookie' => 'PHPSESSID=1etqa8c4pijrl62f8k6inth7mf; think_var=zh-cn',
)
[ info ] [ PARAM ] array (
  'sort' => 'notice_id',
  'order' => 'desc',
  'offset' => '0',
  'limit' => '10',
  'filter' => '{}',
  'op' => '{}',
  '_' => '1684493704535',
)
[ info ] [ LANG ] D:\work\WAR_investment\code\public/../application/admin\lang\zh-cn.php
[ info ] [ BEHAVIOR ] Run app\common\behavior\Common @module_init [ RunTime:0.003508s ]
[ info ] [ SESSION ] INIT array (
  'id' => '',
  'var_session_id' => '',
  'prefix' => 'think',
  'type' => '',
  'auto_start' => true,
)
[ info ] [ DB ] INIT mysql
[ info ] [ BEHAVIOR ] Run \addons\summernote\Summernote @config_init [ RunTime:0.002335s ]
[ info ] [ RUN ] app\admin\controller\feature\Notice->index[ D:\work\WAR_investment\code\application\admin\controller\feature\Notice.php ]
[ info ] [ BEHAVIOR ] Run app\admin\behavior\AdminLog @app_end [ RunTime:0.001144s ]
[ info ] [ LOG ] INIT File
---------------------------------------------------------------
[ 2023-05-19T18:56:05+08:00 ] 192.168.31.37 GET 192.168.31.37:8001/MjkBryoaOv.php/user/user_coupons?addtabs=1
[运行时间：0.149584s] [吞吐率：6.69req/s] [内存消耗：687.12kb] [文件加载：83]
[ info ] [ BEHAVIOR ] Run Closure @app_init [ RunTime:0.000468s ]
[ info ] [ CACHE ] INIT File
[ info ] [ BEHAVIOR ] Run Closure @app_init [ RunTime:0.005512s ]
[ info ] [ BEHAVIOR ] Run app\common\behavior\Common @app_init [ RunTime:0.001539s ]
[ info ] [ LANG ] D:\work\WAR_investment\code\thinkphp\lang\zh-cn.php
[ info ] [ BEHAVIOR ] Run app\common\behavior\Common @app_dispatch [ RunTime:0.000870s ]
[ info ] [ ROUTE ] array (
  'type' => 'module',
  'module' => 
  array (
    0 => 'admin',
    1 => 'user.user_coupons',
    2 => NULL,
  ),
)
[ info ] [ HEADER ] array (
  'host' => '192.168.31.37:8001',
  'connection' => 'keep-alive',
  'upgrade-insecure-requests' => '1',
  'user-agent' => 'Mozilla/5.0 (Windows NT 10.0; Win64; x64) AppleWebKit/537.36 (KHTML, like Gecko) Chrome/113.0.0.0 Safari/537.36',
  'accept' => 'text/html,application/xhtml+xml,application/xml;q=0.9,image/avif,image/webp,image/apng,*/*;q=0.8,application/signed-exchange;v=b3;q=0.7',
  'accept-encoding' => 'gzip, deflate',
  'accept-language' => 'zh-CN,zh;q=0.9',
  'cookie' => 'PHPSESSID=1etqa8c4pijrl62f8k6inth7mf; think_var=zh-cn',
)
[ info ] [ PARAM ] array (
  'addtabs' => '1',
)
[ info ] [ LANG ] D:\work\WAR_investment\code\public/../application/admin\lang\zh-cn.php
[ info ] [ BEHAVIOR ] Run app\common\behavior\Common @module_init [ RunTime:0.003494s ]
[ info ] [ SESSION ] INIT array (
  'id' => '',
  'var_session_id' => '',
  'prefix' => 'think',
  'type' => '',
  'auto_start' => true,
)
[ info ] [ DB ] INIT mysql
[ info ] [ BEHAVIOR ] Run \addons\summernote\Summernote @config_init [ RunTime:0.002163s ]
[ info ] [ RUN ] app\admin\controller\user\UserCoupons->index[ D:\work\WAR_investment\code\application\admin\controller\user\UserCoupons.php ]
[ info ] [ VIEW ] D:\work\WAR_investment\code\public/../application/admin\view\user\user_coupons\index.html [ array (
  0 => 'breadcrumb',
  1 => 'site',
  2 => 'config',
  3 => 'auth',
  4 => 'admin',
) ]
[ info ] [ BEHAVIOR ] Run app\admin\behavior\AdminLog @app_end [ RunTime:0.001356s ]
[ info ] [ LOG ] INIT File
---------------------------------------------------------------
[ 2023-05-19T18:56:05+08:00 ] 192.168.31.37 GET 192.168.31.37:8001/MjkBryoaOv.php/ajax/lang?callback=define&controllername=user.user_coupons&lang=zh-cn&v=1684493765&v=1684493765
[运行时间：0.087870s] [吞吐率：11.38req/s] [内存消耗：404.38kb] [文件加载：77]
[ info ] [ BEHAVIOR ] Run Closure @app_init [ RunTime:0.000448s ]
[ info ] [ CACHE ] INIT File
[ info ] [ BEHAVIOR ] Run Closure @app_init [ RunTime:0.005524s ]
[ info ] [ BEHAVIOR ] Run app\common\behavior\Common @app_init [ RunTime:0.001526s ]
[ info ] [ LANG ] D:\work\WAR_investment\code\thinkphp\lang\zh-cn.php
[ info ] [ BEHAVIOR ] Run app\common\behavior\Common @app_dispatch [ RunTime:0.000880s ]
[ info ] [ ROUTE ] array (
  'type' => 'module',
  'module' => 
  array (
    0 => 'admin',
    1 => 'ajax',
    2 => 'lang',
  ),
)
[ info ] [ HEADER ] array (
  'host' => '192.168.31.37:8001',
  'connection' => 'keep-alive',
  'user-agent' => 'Mozilla/5.0 (Windows NT 10.0; Win64; x64) AppleWebKit/537.36 (KHTML, like Gecko) Chrome/113.0.0.0 Safari/537.36',
  'accept' => '*/*',
  'accept-encoding' => 'gzip, deflate',
  'accept-language' => 'zh-CN,zh;q=0.9',
  'cookie' => 'PHPSESSID=1etqa8c4pijrl62f8k6inth7mf; think_var=zh-cn',
)
[ info ] [ PARAM ] array (
  'callback' => 'define',
  'controllername' => 'user.user_coupons',
  'lang' => 'zh-cn',
  'v' => '1684493765',
)
[ info ] [ LANG ] D:\work\WAR_investment\code\public/../application/admin\lang\zh-cn.php
[ info ] [ BEHAVIOR ] Run app\common\behavior\Common @module_init [ RunTime:0.004804s ]
[ info ] [ SESSION ] INIT array (
  'id' => '',
  'var_session_id' => '',
  'prefix' => 'think',
  'type' => '',
  'auto_start' => true,
)
[ info ] [ BEHAVIOR ] Run \addons\summernote\Summernote @config_init [ RunTime:0.002242s ]
[ info ] [ LANG ] D:\work\WAR_investment\code\public/../application/admin/lang/zh-cn/ajax.php
[ info ] [ RUN ] app\admin\controller\Ajax->lang[ D:\work\WAR_investment\code\application\admin\controller\Ajax.php ]
[ info ] [ BEHAVIOR ] Run app\admin\behavior\AdminLog @app_end [ RunTime:0.001203s ]
[ info ] [ LOG ] INIT File
---------------------------------------------------------------
[ 2023-05-19T18:56:06+08:00 ] 192.168.31.37 GET 192.168.31.37:8001/MjkBryoaOv.php/user/user_coupons/index?sort=user_coupons_id&order=desc&offset=0&limit=10&filter=%7B%7D&op=%7B%7D&_=1684493765554
[运行时间：0.737929s] [吞吐率：1.36req/s] [内存消耗：859.80kb] [文件加载：92]
[ info ] [ BEHAVIOR ] Run Closure @app_init [ RunTime:0.000450s ]
[ info ] [ CACHE ] INIT File
[ info ] [ BEHAVIOR ] Run Closure @app_init [ RunTime:0.005211s ]
[ info ] [ BEHAVIOR ] Run app\common\behavior\Common @app_init [ RunTime:0.001517s ]
[ info ] [ LANG ] D:\work\WAR_investment\code\thinkphp\lang\zh-cn.php
[ info ] [ BEHAVIOR ] Run app\common\behavior\Common @app_dispatch [ RunTime:0.001124s ]
[ info ] [ ROUTE ] array (
  'type' => 'module',
  'module' => 
  array (
    0 => 'admin',
    1 => 'user.user_coupons',
    2 => 'index',
  ),
)
[ info ] [ HEADER ] array (
  'host' => '192.168.31.37:8001',
  'connection' => 'keep-alive',
  'accept' => 'application/json, text/javascript, */*; q=0.01',
  'x-requested-with' => 'XMLHttpRequest',
  'user-agent' => 'Mozilla/5.0 (Windows NT 10.0; Win64; x64) AppleWebKit/537.36 (KHTML, like Gecko) Chrome/113.0.0.0 Safari/537.36',
  'content-type' => 'application/json',
  'accept-encoding' => 'gzip, deflate',
  'accept-language' => 'zh-CN,zh;q=0.9',
  'cookie' => 'PHPSESSID=1etqa8c4pijrl62f8k6inth7mf; think_var=zh-cn',
)
[ info ] [ PARAM ] array (
  'sort' => 'user_coupons_id',
  'order' => 'desc',
  'offset' => '0',
  'limit' => '10',
  'filter' => '{}',
  'op' => '{}',
  '_' => '1684493765554',
)
[ info ] [ LANG ] D:\work\WAR_investment\code\public/../application/admin\lang\zh-cn.php
[ info ] [ BEHAVIOR ] Run app\common\behavior\Common @module_init [ RunTime:0.003909s ]
[ info ] [ SESSION ] INIT array (
  'id' => '',
  'var_session_id' => '',
  'prefix' => 'think',
  'type' => '',
  'auto_start' => true,
)
[ info ] [ DB ] INIT mysql
[ info ] [ BEHAVIOR ] Run \addons\summernote\Summernote @config_init [ RunTime:0.002301s ]
[ info ] [ RUN ] app\admin\controller\user\UserCoupons->index[ D:\work\WAR_investment\code\application\admin\controller\user\UserCoupons.php ]
[ info ] [ BEHAVIOR ] Run app\admin\behavior\AdminLog @app_end [ RunTime:0.001128s ]
[ info ] [ LOG ] INIT File
---------------------------------------------------------------
[ 2023-05-19T18:56:12+08:00 ] 192.168.31.37 GET 192.168.31.37:8001/MjkBryoaOv.php/user/user?addtabs=1
[运行时间：0.147887s] [吞吐率：6.76req/s] [内存消耗：691.02kb] [文件加载：84]
[ info ] [ BEHAVIOR ] Run Closure @app_init [ RunTime:0.000426s ]
[ info ] [ CACHE ] INIT File
[ info ] [ BEHAVIOR ] Run Closure @app_init [ RunTime:0.004960s ]
[ info ] [ BEHAVIOR ] Run app\common\behavior\Common @app_init [ RunTime:0.001323s ]
[ info ] [ LANG ] D:\work\WAR_investment\code\thinkphp\lang\zh-cn.php
[ info ] [ BEHAVIOR ] Run app\common\behavior\Common @app_dispatch [ RunTime:0.000911s ]
[ info ] [ ROUTE ] array (
  'type' => 'module',
  'module' => 
  array (
    0 => 'admin',
    1 => 'user.user',
    2 => NULL,
  ),
)
[ info ] [ HEADER ] array (
  'host' => '192.168.31.37:8001',
  'connection' => 'keep-alive',
  'upgrade-insecure-requests' => '1',
  'user-agent' => 'Mozilla/5.0 (Windows NT 10.0; Win64; x64) AppleWebKit/537.36 (KHTML, like Gecko) Chrome/113.0.0.0 Safari/537.36',
  'accept' => 'text/html,application/xhtml+xml,application/xml;q=0.9,image/avif,image/webp,image/apng,*/*;q=0.8,application/signed-exchange;v=b3;q=0.7',
  'accept-encoding' => 'gzip, deflate',
  'accept-language' => 'zh-CN,zh;q=0.9',
  'cookie' => 'PHPSESSID=1etqa8c4pijrl62f8k6inth7mf; think_var=zh-cn',
)
[ info ] [ PARAM ] array (
  'addtabs' => '1',
)
[ info ] [ LANG ] D:\work\WAR_investment\code\public/../application/admin\lang\zh-cn.php
[ info ] [ BEHAVIOR ] Run app\common\behavior\Common @module_init [ RunTime:0.003370s ]
[ info ] [ SESSION ] INIT array (
  'id' => '',
  'var_session_id' => '',
  'prefix' => 'think',
  'type' => '',
  'auto_start' => true,
)
[ info ] [ DB ] INIT mysql
[ info ] [ BEHAVIOR ] Run \addons\summernote\Summernote @config_init [ RunTime:0.002131s ]
[ info ] [ LANG ] D:\work\WAR_investment\code\public/../application/admin/lang/zh-cn/user/user.php
[ info ] [ RUN ] app\admin\controller\user\User->index[ D:\work\WAR_investment\code\application\admin\controller\user\User.php ]
[ info ] [ VIEW ] D:\work\WAR_investment\code\public/../application/admin\view\user\user\index.html [ array (
  0 => 'breadcrumb',
  1 => 'site',
  2 => 'config',
  3 => 'auth',
  4 => 'admin',
) ]
[ info ] [ BEHAVIOR ] Run app\admin\behavior\AdminLog @app_end [ RunTime:0.001137s ]
[ info ] [ LOG ] INIT File
---------------------------------------------------------------
[ 2023-05-19T18:56:12+08:00 ] 192.168.31.37 GET 192.168.31.37:8001/MjkBryoaOv.php/ajax/lang?callback=define&controllername=user.user&lang=zh-cn&v=1684493771&v=1684493771
[运行时间：0.082980s] [吞吐率：12.05req/s] [内存消耗：405.40kb] [文件加载：78]
[ info ] [ BEHAVIOR ] Run Closure @app_init [ RunTime:0.000405s ]
[ info ] [ CACHE ] INIT File
[ info ] [ BEHAVIOR ] Run Closure @app_init [ RunTime:0.004727s ]
[ info ] [ BEHAVIOR ] Run app\common\behavior\Common @app_init [ RunTime:0.001286s ]
[ info ] [ LANG ] D:\work\WAR_investment\code\thinkphp\lang\zh-cn.php
[ info ] [ BEHAVIOR ] Run app\common\behavior\Common @app_dispatch [ RunTime:0.000911s ]
[ info ] [ ROUTE ] array (
  'type' => 'module',
  'module' => 
  array (
    0 => 'admin',
    1 => 'ajax',
    2 => 'lang',
  ),
)
[ info ] [ HEADER ] array (
  'host' => '192.168.31.37:8001',
  'connection' => 'keep-alive',
  'user-agent' => 'Mozilla/5.0 (Windows NT 10.0; Win64; x64) AppleWebKit/537.36 (KHTML, like Gecko) Chrome/113.0.0.0 Safari/537.36',
  'accept' => '*/*',
  'accept-encoding' => 'gzip, deflate',
  'accept-language' => 'zh-CN,zh;q=0.9',
  'cookie' => 'PHPSESSID=1etqa8c4pijrl62f8k6inth7mf; think_var=zh-cn',
)
[ info ] [ PARAM ] array (
  'callback' => 'define',
  'controllername' => 'user.user',
  'lang' => 'zh-cn',
  'v' => '1684493771',
)
[ info ] [ LANG ] D:\work\WAR_investment\code\public/../application/admin\lang\zh-cn.php
[ info ] [ BEHAVIOR ] Run app\common\behavior\Common @module_init [ RunTime:0.004573s ]
[ info ] [ SESSION ] INIT array (
  'id' => '',
  'var_session_id' => '',
  'prefix' => 'think',
  'type' => '',
  'auto_start' => true,
)
[ info ] [ BEHAVIOR ] Run \addons\summernote\Summernote @config_init [ RunTime:0.002235s ]
[ info ] [ LANG ] D:\work\WAR_investment\code\public/../application/admin/lang/zh-cn/ajax.php
[ info ] [ RUN ] app\admin\controller\Ajax->lang[ D:\work\WAR_investment\code\application\admin\controller\Ajax.php ]
[ info ] [ LANG ] D:\work\WAR_investment\code\public/../application/admin/lang/zh-cn/user/user.php
[ info ] [ BEHAVIOR ] Run app\admin\behavior\AdminLog @app_end [ RunTime:0.001052s ]
[ info ] [ LOG ] INIT File
---------------------------------------------------------------
[ 2023-05-19T18:56:12+08:00 ] 192.168.31.37 GET 192.168.31.37:8001/MjkBryoaOv.php/user/user/index?sort=user.id&order=desc&offset=0&limit=50&filter=%7B%7D&op=%7B%7D&_=1684493772174
[运行时间：0.496918s] [吞吐率：2.01req/s] [内存消耗：873.01kb] [文件加载：91]
[ info ] [ BEHAVIOR ] Run Closure @app_init [ RunTime:0.000410s ]
[ info ] [ CACHE ] INIT File
[ info ] [ BEHAVIOR ] Run Closure @app_init [ RunTime:0.005081s ]
[ info ] [ BEHAVIOR ] Run app\common\behavior\Common @app_init [ RunTime:0.001337s ]
[ info ] [ LANG ] D:\work\WAR_investment\code\thinkphp\lang\zh-cn.php
[ info ] [ BEHAVIOR ] Run app\common\behavior\Common @app_dispatch [ RunTime:0.000856s ]
[ info ] [ ROUTE ] array (
  'type' => 'module',
  'module' => 
  array (
    0 => 'admin',
    1 => 'user.user',
    2 => 'index',
  ),
)
[ info ] [ HEADER ] array (
  'host' => '192.168.31.37:8001',
  'connection' => 'keep-alive',
  'accept' => 'application/json, text/javascript, */*; q=0.01',
  'x-requested-with' => 'XMLHttpRequest',
  'user-agent' => 'Mozilla/5.0 (Windows NT 10.0; Win64; x64) AppleWebKit/537.36 (KHTML, like Gecko) Chrome/113.0.0.0 Safari/537.36',
  'content-type' => 'application/json',
  'accept-encoding' => 'gzip, deflate',
  'accept-language' => 'zh-CN,zh;q=0.9',
  'cookie' => 'PHPSESSID=1etqa8c4pijrl62f8k6inth7mf; think_var=zh-cn',
)
[ info ] [ PARAM ] array (
  'sort' => 'user.id',
  'order' => 'desc',
  'offset' => '0',
  'limit' => '50',
  'filter' => '{}',
  'op' => '{}',
  '_' => '1684493772174',
)
[ info ] [ LANG ] D:\work\WAR_investment\code\public/../application/admin\lang\zh-cn.php
[ info ] [ BEHAVIOR ] Run app\common\behavior\Common @module_init [ RunTime:0.003338s ]
[ info ] [ SESSION ] INIT array (
  'id' => '',
  'var_session_id' => '',
  'prefix' => 'think',
  'type' => '',
  'auto_start' => true,
)
[ info ] [ DB ] INIT mysql
[ info ] [ BEHAVIOR ] Run \addons\summernote\Summernote @config_init [ RunTime:0.002124s ]
[ info ] [ LANG ] D:\work\WAR_investment\code\public/../application/admin/lang/zh-cn/user/user.php
[ info ] [ RUN ] app\admin\controller\user\User->index[ D:\work\WAR_investment\code\application\admin\controller\user\User.php ]
[ info ] [ BEHAVIOR ] Run app\admin\behavior\AdminLog @app_end [ RunTime:0.001108s ]
[ info ] [ LOG ] INIT File
---------------------------------------------------------------
[ 2023-05-19T18:56:14+08:00 ] 192.168.31.37 GET 192.168.31.37:8001/MjkBryoaOv.php/user/user/grant_discount_coupon?id=17&dialog=1
[运行时间：0.171843s] [吞吐率：5.82req/s] [内存消耗：739.82kb] [文件加载：84]
[ info ] [ BEHAVIOR ] Run Closure @app_init [ RunTime:0.000416s ]
[ info ] [ CACHE ] INIT File
[ info ] [ BEHAVIOR ] Run Closure @app_init [ RunTime:0.004964s ]
[ info ] [ BEHAVIOR ] Run app\common\behavior\Common @app_init [ RunTime:0.001319s ]
[ info ] [ LANG ] D:\work\WAR_investment\code\thinkphp\lang\zh-cn.php
[ info ] [ BEHAVIOR ] Run app\common\behavior\Common @app_dispatch [ RunTime:0.000871s ]
[ info ] [ ROUTE ] array (
  'type' => 'module',
  'module' => 
  array (
    0 => 'admin',
    1 => 'user.user',
    2 => 'grant_discount_coupon',
  ),
)
[ info ] [ HEADER ] array (
  'host' => '192.168.31.37:8001',
  'connection' => 'keep-alive',
  'upgrade-insecure-requests' => '1',
  'user-agent' => 'Mozilla/5.0 (Windows NT 10.0; Win64; x64) AppleWebKit/537.36 (KHTML, like Gecko) Chrome/113.0.0.0 Safari/537.36',
  'accept' => 'text/html,application/xhtml+xml,application/xml;q=0.9,image/avif,image/webp,image/apng,*/*;q=0.8,application/signed-exchange;v=b3;q=0.7',
  'accept-encoding' => 'gzip, deflate',
  'accept-language' => 'zh-CN,zh;q=0.9',
  'cookie' => 'PHPSESSID=1etqa8c4pijrl62f8k6inth7mf; think_var=zh-cn',
)
[ info ] [ PARAM ] array (
  'id' => '17',
  'dialog' => '1',
)
[ info ] [ LANG ] D:\work\WAR_investment\code\public/../application/admin\lang\zh-cn.php
[ info ] [ BEHAVIOR ] Run app\common\behavior\Common @module_init [ RunTime:0.003380s ]
[ info ] [ SESSION ] INIT array (
  'id' => '',
  'var_session_id' => '',
  'prefix' => 'think',
  'type' => '',
  'auto_start' => true,
)
[ info ] [ DB ] INIT mysql
[ info ] [ BEHAVIOR ] Run \addons\summernote\Summernote @config_init [ RunTime:0.002163s ]
[ info ] [ LANG ] D:\work\WAR_investment\code\public/../application/admin/lang/zh-cn/user/user.php
[ info ] [ RUN ] app\admin\controller\user\User->grant_discount_coupon[ D:\work\WAR_investment\code\application\admin\controller\user\User.php ]
[ info ] [ VIEW ] D:\work\WAR_investment\code\public/../application/admin\view\user\user\grant_discount_coupon.html [ array (
  0 => 'breadcrumb',
  1 => 'site',
  2 => 'config',
  3 => 'auth',
  4 => 'admin',
  5 => 'userData',
  6 => 'row',
) ]
[ info ] [ BEHAVIOR ] Run app\admin\behavior\AdminLog @app_end [ RunTime:0.001085s ]
[ info ] [ LOG ] INIT File
---------------------------------------------------------------
[ 2023-05-19T18:56:15+08:00 ] 192.168.31.37 GET 192.168.31.37:8001/MjkBryoaOv.php/ajax/lang?callback=define&controllername=user.user&lang=zh-cn&v=1684493774&v=1684493774
[运行时间：0.085207s] [吞吐率：11.74req/s] [内存消耗：405.59kb] [文件加载：78]
[ info ] [ BEHAVIOR ] Run Closure @app_init [ RunTime:0.000407s ]
[ info ] [ CACHE ] INIT File
[ info ] [ BEHAVIOR ] Run Closure @app_init [ RunTime:0.004931s ]
[ info ] [ BEHAVIOR ] Run app\common\behavior\Common @app_init [ RunTime:0.001298s ]
[ info ] [ LANG ] D:\work\WAR_investment\code\thinkphp\lang\zh-cn.php
[ info ] [ BEHAVIOR ] Run app\common\behavior\Common @app_dispatch [ RunTime:0.000883s ]
[ info ] [ ROUTE ] array (
  'type' => 'module',
  'module' => 
  array (
    0 => 'admin',
    1 => 'ajax',
    2 => 'lang',
  ),
)
[ info ] [ HEADER ] array (
  'host' => '192.168.31.37:8001',
  'connection' => 'keep-alive',
  'user-agent' => 'Mozilla/5.0 (Windows NT 10.0; Win64; x64) AppleWebKit/537.36 (KHTML, like Gecko) Chrome/113.0.0.0 Safari/537.36',
  'accept' => '*/*',
  'accept-encoding' => 'gzip, deflate',
  'accept-language' => 'zh-CN,zh;q=0.9',
  'cookie' => 'PHPSESSID=1etqa8c4pijrl62f8k6inth7mf; think_var=zh-cn',
)
[ info ] [ PARAM ] array (
  'callback' => 'define',
  'controllername' => 'user.user',
  'lang' => 'zh-cn',
  'v' => '1684493774',
)
[ info ] [ LANG ] D:\work\WAR_investment\code\public/../application/admin\lang\zh-cn.php
[ info ] [ BEHAVIOR ] Run app\common\behavior\Common @module_init [ RunTime:0.004768s ]
[ info ] [ SESSION ] INIT array (
  'id' => '',
  'var_session_id' => '',
  'prefix' => 'think',
  'type' => '',
  'auto_start' => true,
)
[ info ] [ BEHAVIOR ] Run \addons\summernote\Summernote @config_init [ RunTime:0.002464s ]
[ info ] [ LANG ] D:\work\WAR_investment\code\public/../application/admin/lang/zh-cn/ajax.php
[ info ] [ RUN ] app\admin\controller\Ajax->lang[ D:\work\WAR_investment\code\application\admin\controller\Ajax.php ]
[ info ] [ LANG ] D:\work\WAR_investment\code\public/../application/admin/lang/zh-cn/user/user.php
[ info ] [ BEHAVIOR ] Run app\admin\behavior\AdminLog @app_end [ RunTime:0.001258s ]
[ info ] [ LOG ] INIT File
---------------------------------------------------------------
[ 2023-05-19T18:56:18+08:00 ] 192.168.31.37 GET 192.168.31.37:8001/MjkBryoaOv.php/user/user/grant_discount_coupon?id=17&dialog=1
[运行时间：0.169098s] [吞吐率：5.91req/s] [内存消耗：738.84kb] [文件加载：84]
[ info ] [ BEHAVIOR ] Run Closure @app_init [ RunTime:0.000408s ]
[ info ] [ CACHE ] INIT File
[ info ] [ BEHAVIOR ] Run Closure @app_init [ RunTime:0.004853s ]
[ info ] [ BEHAVIOR ] Run app\common\behavior\Common @app_init [ RunTime:0.001314s ]
[ info ] [ LANG ] D:\work\WAR_investment\code\thinkphp\lang\zh-cn.php
[ info ] [ BEHAVIOR ] Run app\common\behavior\Common @app_dispatch [ RunTime:0.000888s ]
[ info ] [ ROUTE ] array (
  'type' => 'module',
  'module' => 
  array (
    0 => 'admin',
    1 => 'user.user',
    2 => 'grant_discount_coupon',
  ),
)
[ info ] [ HEADER ] array (
  'host' => '192.168.31.37:8001',
  'connection' => 'keep-alive',
  'upgrade-insecure-requests' => '1',
  'user-agent' => 'Mozilla/5.0 (Windows NT 10.0; Win64; x64) AppleWebKit/537.36 (KHTML, like Gecko) Chrome/113.0.0.0 Safari/537.36',
  'accept' => 'text/html,application/xhtml+xml,application/xml;q=0.9,image/avif,image/webp,image/apng,*/*;q=0.8,application/signed-exchange;v=b3;q=0.7',
  'accept-encoding' => 'gzip, deflate',
  'accept-language' => 'zh-CN,zh;q=0.9',
  'cookie' => 'PHPSESSID=1etqa8c4pijrl62f8k6inth7mf; think_var=zh-cn',
)
[ info ] [ PARAM ] array (
  'id' => '17',
  'dialog' => '1',
)
[ info ] [ LANG ] D:\work\WAR_investment\code\public/../application/admin\lang\zh-cn.php
[ info ] [ BEHAVIOR ] Run app\common\behavior\Common @module_init [ RunTime:0.003325s ]
[ info ] [ SESSION ] INIT array (
  'id' => '',
  'var_session_id' => '',
  'prefix' => 'think',
  'type' => '',
  'auto_start' => true,
)
[ info ] [ DB ] INIT mysql
[ info ] [ BEHAVIOR ] Run \addons\summernote\Summernote @config_init [ RunTime:0.002115s ]
[ info ] [ LANG ] D:\work\WAR_investment\code\public/../application/admin/lang/zh-cn/user/user.php
[ info ] [ RUN ] app\admin\controller\user\User->grant_discount_coupon[ D:\work\WAR_investment\code\application\admin\controller\user\User.php ]
[ info ] [ VIEW ] D:\work\WAR_investment\code\public/../application/admin\view\user\user\grant_discount_coupon.html [ array (
  0 => 'breadcrumb',
  1 => 'site',
  2 => 'config',
  3 => 'auth',
  4 => 'admin',
  5 => 'userData',
  6 => 'row',
) ]
[ info ] [ BEHAVIOR ] Run app\admin\behavior\AdminLog @app_end [ RunTime:0.001075s ]
[ info ] [ LOG ] INIT File
---------------------------------------------------------------
[ 2023-05-19T18:56:18+08:00 ] 192.168.31.37 GET 192.168.31.37:8001/MjkBryoaOv.php/ajax/lang?callback=define&controllername=user.user&lang=zh-cn&v=1684493778&v=1684493778
[运行时间：0.084341s] [吞吐率：11.86req/s] [内存消耗：405.59kb] [文件加载：78]
[ info ] [ BEHAVIOR ] Run Closure @app_init [ RunTime:0.000404s ]
[ info ] [ CACHE ] INIT File
[ info ] [ BEHAVIOR ] Run Closure @app_init [ RunTime:0.005103s ]
[ info ] [ BEHAVIOR ] Run app\common\behavior\Common @app_init [ RunTime:0.001304s ]
[ info ] [ LANG ] D:\work\WAR_investment\code\thinkphp\lang\zh-cn.php
[ info ] [ BEHAVIOR ] Run app\common\behavior\Common @app_dispatch [ RunTime:0.000888s ]
[ info ] [ ROUTE ] array (
  'type' => 'module',
  'module' => 
  array (
    0 => 'admin',
    1 => 'ajax',
    2 => 'lang',
  ),
)
[ info ] [ HEADER ] array (
  'host' => '192.168.31.37:8001',
  'connection' => 'keep-alive',
  'user-agent' => 'Mozilla/5.0 (Windows NT 10.0; Win64; x64) AppleWebKit/537.36 (KHTML, like Gecko) Chrome/113.0.0.0 Safari/537.36',
  'accept' => '*/*',
  'accept-encoding' => 'gzip, deflate',
  'accept-language' => 'zh-CN,zh;q=0.9',
  'cookie' => 'PHPSESSID=1etqa8c4pijrl62f8k6inth7mf; think_var=zh-cn',
)
[ info ] [ PARAM ] array (
  'callback' => 'define',
  'controllername' => 'user.user',
  'lang' => 'zh-cn',
  'v' => '1684493778',
)
[ info ] [ LANG ] D:\work\WAR_investment\code\public/../application/admin\lang\zh-cn.php
[ info ] [ BEHAVIOR ] Run app\common\behavior\Common @module_init [ RunTime:0.004865s ]
[ info ] [ SESSION ] INIT array (
  'id' => '',
  'var_session_id' => '',
  'prefix' => 'think',
  'type' => '',
  'auto_start' => true,
)
[ info ] [ BEHAVIOR ] Run \addons\summernote\Summernote @config_init [ RunTime:0.002381s ]
[ info ] [ LANG ] D:\work\WAR_investment\code\public/../application/admin/lang/zh-cn/ajax.php
[ info ] [ RUN ] app\admin\controller\Ajax->lang[ D:\work\WAR_investment\code\application\admin\controller\Ajax.php ]
[ info ] [ LANG ] D:\work\WAR_investment\code\public/../application/admin/lang/zh-cn/user/user.php
[ info ] [ BEHAVIOR ] Run app\admin\behavior\AdminLog @app_end [ RunTime:0.001059s ]
[ info ] [ LOG ] INIT File
---------------------------------------------------------------
[ 2023-05-19T18:56:28+08:00 ] 192.168.31.37 GET 192.168.31.37:8001/MjkBryoaOv.php/user/user_coupons/index?sort=user_coupons_id&order=desc&offset=0&limit=10&filter=%7B%7D&op=%7B%7D&_=1684493765555
[运行时间：0.727656s] [吞吐率：1.37req/s] [内存消耗：858.48kb] [文件加载：92]
[ info ] [ BEHAVIOR ] Run Closure @app_init [ RunTime:0.000426s ]
[ info ] [ CACHE ] INIT File
[ info ] [ BEHAVIOR ] Run Closure @app_init [ RunTime:0.005082s ]
[ info ] [ BEHAVIOR ] Run app\common\behavior\Common @app_init [ RunTime:0.001318s ]
[ info ] [ LANG ] D:\work\WAR_investment\code\thinkphp\lang\zh-cn.php
[ info ] [ BEHAVIOR ] Run app\common\behavior\Common @app_dispatch [ RunTime:0.000902s ]
[ info ] [ ROUTE ] array (
  'type' => 'module',
  'module' => 
  array (
    0 => 'admin',
    1 => 'user.user_coupons',
    2 => 'index',
  ),
)
[ info ] [ HEADER ] array (
  'host' => '192.168.31.37:8001',
  'connection' => 'keep-alive',
  'accept' => 'application/json, text/javascript, */*; q=0.01',
  'x-requested-with' => 'XMLHttpRequest',
  'user-agent' => 'Mozilla/5.0 (Windows NT 10.0; Win64; x64) AppleWebKit/537.36 (KHTML, like Gecko) Chrome/113.0.0.0 Safari/537.36',
  'content-type' => 'application/json',
  'accept-encoding' => 'gzip, deflate',
  'accept-language' => 'zh-CN,zh;q=0.9',
  'cookie' => 'PHPSESSID=1etqa8c4pijrl62f8k6inth7mf; think_var=zh-cn',
)
[ info ] [ PARAM ] array (
  'sort' => 'user_coupons_id',
  'order' => 'desc',
  'offset' => '0',
  'limit' => '10',
  'filter' => '{}',
  'op' => '{}',
  '_' => '1684493765555',
)
[ info ] [ LANG ] D:\work\WAR_investment\code\public/../application/admin\lang\zh-cn.php
[ info ] [ BEHAVIOR ] Run app\common\behavior\Common @module_init [ RunTime:0.003370s ]
[ info ] [ SESSION ] INIT array (
  'id' => '',
  'var_session_id' => '',
  'prefix' => 'think',
  'type' => '',
  'auto_start' => true,
)
[ info ] [ DB ] INIT mysql
[ info ] [ BEHAVIOR ] Run \addons\summernote\Summernote @config_init [ RunTime:0.002331s ]
[ info ] [ RUN ] app\admin\controller\user\UserCoupons->index[ D:\work\WAR_investment\code\application\admin\controller\user\UserCoupons.php ]
[ info ] [ BEHAVIOR ] Run app\admin\behavior\AdminLog @app_end [ RunTime:0.001111s ]
[ info ] [ LOG ] INIT File
---------------------------------------------------------------
[ 2023-05-19T18:57:04+08:00 ] 192.168.31.37 GET 192.168.31.37:8001/MjkBryoaOv.php/user/user_bank_card?addtabs=1
[运行时间：0.148628s] [吞吐率：6.73req/s] [内存消耗：687.36kb] [文件加载：83]
[ info ] [ BEHAVIOR ] Run Closure @app_init [ RunTime:0.000435s ]
[ info ] [ CACHE ] INIT File
[ info ] [ BEHAVIOR ] Run Closure @app_init [ RunTime:0.005246s ]
[ info ] [ BEHAVIOR ] Run app\common\behavior\Common @app_init [ RunTime:0.001457s ]
[ info ] [ LANG ] D:\work\WAR_investment\code\thinkphp\lang\zh-cn.php
[ info ] [ BEHAVIOR ] Run app\common\behavior\Common @app_dispatch [ RunTime:0.000925s ]
[ info ] [ ROUTE ] array (
  'type' => 'module',
  'module' => 
  array (
    0 => 'admin',
    1 => 'user.user_bank_card',
    2 => NULL,
  ),
)
[ info ] [ HEADER ] array (
  'host' => '192.168.31.37:8001',
  'connection' => 'keep-alive',
  'upgrade-insecure-requests' => '1',
  'user-agent' => 'Mozilla/5.0 (Windows NT 10.0; Win64; x64) AppleWebKit/537.36 (KHTML, like Gecko) Chrome/113.0.0.0 Safari/537.36',
  'accept' => 'text/html,application/xhtml+xml,application/xml;q=0.9,image/avif,image/webp,image/apng,*/*;q=0.8,application/signed-exchange;v=b3;q=0.7',
  'accept-encoding' => 'gzip, deflate',
  'accept-language' => 'zh-CN,zh;q=0.9',
  'cookie' => 'PHPSESSID=1etqa8c4pijrl62f8k6inth7mf; think_var=zh-cn',
)
[ info ] [ PARAM ] array (
  'addtabs' => '1',
)
[ info ] [ LANG ] D:\work\WAR_investment\code\public/../application/admin\lang\zh-cn.php
[ info ] [ BEHAVIOR ] Run app\common\behavior\Common @module_init [ RunTime:0.003534s ]
[ info ] [ SESSION ] INIT array (
  'id' => '',
  'var_session_id' => '',
  'prefix' => 'think',
  'type' => '',
  'auto_start' => true,
)
[ info ] [ DB ] INIT mysql
[ info ] [ BEHAVIOR ] Run \addons\summernote\Summernote @config_init [ RunTime:0.002210s ]
[ info ] [ RUN ] app\admin\controller\user\UserBankCard->index[ D:\work\WAR_investment\code\application\admin\controller\user\UserBankCard.php ]
[ info ] [ VIEW ] D:\work\WAR_investment\code\public/../application/admin\view\user\user_bank_card\index.html [ array (
  0 => 'breadcrumb',
  1 => 'site',
  2 => 'config',
  3 => 'auth',
  4 => 'admin',
) ]
[ info ] [ BEHAVIOR ] Run app\admin\behavior\AdminLog @app_end [ RunTime:0.001169s ]
[ info ] [ LOG ] INIT File
---------------------------------------------------------------
[ 2023-05-19T18:57:04+08:00 ] 192.168.31.37 GET 192.168.31.37:8001/MjkBryoaOv.php/ajax/lang?callback=define&controllername=user.user_bank_card&lang=zh-cn&v=1684493824&v=1684493824
[运行时间：0.087716s] [吞吐率：11.40req/s] [内存消耗：404.57kb] [文件加载：77]
[ info ] [ BEHAVIOR ] Run Closure @app_init [ RunTime:0.000411s ]
[ info ] [ CACHE ] INIT File
[ info ] [ BEHAVIOR ] Run Closure @app_init [ RunTime:0.005634s ]
[ info ] [ BEHAVIOR ] Run app\common\behavior\Common @app_init [ RunTime:0.001584s ]
[ info ] [ LANG ] D:\work\WAR_investment\code\thinkphp\lang\zh-cn.php
[ info ] [ BEHAVIOR ] Run app\common\behavior\Common @app_dispatch [ RunTime:0.000848s ]
[ info ] [ ROUTE ] array (
  'type' => 'module',
  'module' => 
  array (
    0 => 'admin',
    1 => 'ajax',
    2 => 'lang',
  ),
)
[ info ] [ HEADER ] array (
  'host' => '192.168.31.37:8001',
  'connection' => 'keep-alive',
  'user-agent' => 'Mozilla/5.0 (Windows NT 10.0; Win64; x64) AppleWebKit/537.36 (KHTML, like Gecko) Chrome/113.0.0.0 Safari/537.36',
  'accept' => '*/*',
  'accept-encoding' => 'gzip, deflate',
  'accept-language' => 'zh-CN,zh;q=0.9',
  'cookie' => 'PHPSESSID=1etqa8c4pijrl62f8k6inth7mf; think_var=zh-cn',
)
[ info ] [ PARAM ] array (
  'callback' => 'define',
  'controllername' => 'user.user_bank_card',
  'lang' => 'zh-cn',
  'v' => '1684493824',
)
[ info ] [ LANG ] D:\work\WAR_investment\code\public/../application/admin\lang\zh-cn.php
[ info ] [ BEHAVIOR ] Run app\common\behavior\Common @module_init [ RunTime:0.004980s ]
[ info ] [ SESSION ] INIT array (
  'id' => '',
  'var_session_id' => '',
  'prefix' => 'think',
  'type' => '',
  'auto_start' => true,
)
[ info ] [ BEHAVIOR ] Run \addons\summernote\Summernote @config_init [ RunTime:0.002386s ]
[ info ] [ LANG ] D:\work\WAR_investment\code\public/../application/admin/lang/zh-cn/ajax.php
[ info ] [ RUN ] app\admin\controller\Ajax->lang[ D:\work\WAR_investment\code\application\admin\controller\Ajax.php ]
[ info ] [ BEHAVIOR ] Run app\admin\behavior\AdminLog @app_end [ RunTime:0.001233s ]
[ info ] [ LOG ] INIT File
---------------------------------------------------------------
[ 2023-05-19T18:57:05+08:00 ] 192.168.31.37 GET 192.168.31.37:8001/MjkBryoaOv.php/user/user_bank_card/index?sort=user_bank_card_id&order=desc&offset=0&limit=10&filter=%7B%7D&op=%7B%7D&_=1684493824480
[运行时间：0.378507s] [吞吐率：2.64req/s] [内存消耗：871.78kb] [文件加载：90]
[ info ] [ BEHAVIOR ] Run Closure @app_init [ RunTime:0.000405s ]
[ info ] [ CACHE ] INIT File
[ info ] [ BEHAVIOR ] Run Closure @app_init [ RunTime:0.005452s ]
[ info ] [ BEHAVIOR ] Run app\common\behavior\Common @app_init [ RunTime:0.001593s ]
[ info ] [ LANG ] D:\work\WAR_investment\code\thinkphp\lang\zh-cn.php
[ info ] [ BEHAVIOR ] Run app\common\behavior\Common @app_dispatch [ RunTime:0.000831s ]
[ info ] [ ROUTE ] array (
  'type' => 'module',
  'module' => 
  array (
    0 => 'admin',
    1 => 'user.user_bank_card',
    2 => 'index',
  ),
)
[ info ] [ HEADER ] array (
  'host' => '192.168.31.37:8001',
  'connection' => 'keep-alive',
  'accept' => 'application/json, text/javascript, */*; q=0.01',
  'x-requested-with' => 'XMLHttpRequest',
  'user-agent' => 'Mozilla/5.0 (Windows NT 10.0; Win64; x64) AppleWebKit/537.36 (KHTML, like Gecko) Chrome/113.0.0.0 Safari/537.36',
  'content-type' => 'application/json',
  'accept-encoding' => 'gzip, deflate',
  'accept-language' => 'zh-CN,zh;q=0.9',
  'cookie' => 'PHPSESSID=1etqa8c4pijrl62f8k6inth7mf; think_var=zh-cn',
)
[ info ] [ PARAM ] array (
  'sort' => 'user_bank_card_id',
  'order' => 'desc',
  'offset' => '0',
  'limit' => '10',
  'filter' => '{}',
  'op' => '{}',
  '_' => '1684493824480',
)
[ info ] [ LANG ] D:\work\WAR_investment\code\public/../application/admin\lang\zh-cn.php
[ info ] [ BEHAVIOR ] Run app\common\behavior\Common @module_init [ RunTime:0.003436s ]
[ info ] [ SESSION ] INIT array (
  'id' => '',
  'var_session_id' => '',
  'prefix' => 'think',
  'type' => '',
  'auto_start' => true,
)
[ info ] [ DB ] INIT mysql
[ info ] [ BEHAVIOR ] Run \addons\summernote\Summernote @config_init [ RunTime:0.002192s ]
[ info ] [ RUN ] app\admin\controller\user\UserBankCard->index[ D:\work\WAR_investment\code\application\admin\controller\user\UserBankCard.php ]
[ info ] [ BEHAVIOR ] Run app\admin\behavior\AdminLog @app_end [ RunTime:0.001238s ]
[ info ] [ LOG ] INIT File
---------------------------------------------------------------
[ 2023-05-19T18:57:39+08:00 ] 192.168.31.37 GET 192.168.31.37:8001/MjkBryoaOv.php/user/user_balance_log?addtabs=1
[运行时间：0.154317s] [吞吐率：6.48req/s] [内存消耗：687.43kb] [文件加载：83]
[ info ] [ BEHAVIOR ] Run Closure @app_init [ RunTime:0.000408s ]
[ info ] [ CACHE ] INIT File
[ info ] [ BEHAVIOR ] Run Closure @app_init [ RunTime:0.005660s ]
[ info ] [ BEHAVIOR ] Run app\common\behavior\Common @app_init [ RunTime:0.001555s ]
[ info ] [ LANG ] D:\work\WAR_investment\code\thinkphp\lang\zh-cn.php
[ info ] [ BEHAVIOR ] Run app\common\behavior\Common @app_dispatch [ RunTime:0.000878s ]
[ info ] [ ROUTE ] array (
  'type' => 'module',
  'module' => 
  array (
    0 => 'admin',
    1 => 'user.user_balance_log',
    2 => NULL,
  ),
)
[ info ] [ HEADER ] array (
  'host' => '192.168.31.37:8001',
  'connection' => 'keep-alive',
  'upgrade-insecure-requests' => '1',
  'user-agent' => 'Mozilla/5.0 (Windows NT 10.0; Win64; x64) AppleWebKit/537.36 (KHTML, like Gecko) Chrome/113.0.0.0 Safari/537.36',
  'accept' => 'text/html,application/xhtml+xml,application/xml;q=0.9,image/avif,image/webp,image/apng,*/*;q=0.8,application/signed-exchange;v=b3;q=0.7',
  'accept-encoding' => 'gzip, deflate',
  'accept-language' => 'zh-CN,zh;q=0.9',
  'cookie' => 'PHPSESSID=1etqa8c4pijrl62f8k6inth7mf; think_var=zh-cn',
)
[ info ] [ PARAM ] array (
  'addtabs' => '1',
)
[ info ] [ LANG ] D:\work\WAR_investment\code\public/../application/admin\lang\zh-cn.php
[ info ] [ BEHAVIOR ] Run app\common\behavior\Common @module_init [ RunTime:0.003680s ]
[ info ] [ SESSION ] INIT array (
  'id' => '',
  'var_session_id' => '',
  'prefix' => 'think',
  'type' => '',
  'auto_start' => true,
)
[ info ] [ DB ] INIT mysql
[ info ] [ BEHAVIOR ] Run \addons\summernote\Summernote @config_init [ RunTime:0.002289s ]
[ info ] [ RUN ] app\admin\controller\user\UserBalanceLog->index[ D:\work\WAR_investment\code\application\admin\controller\user\UserBalanceLog.php ]
[ info ] [ VIEW ] D:\work\WAR_investment\code\public/../application/admin\view\user\user_balance_log\index.html [ array (
  0 => 'breadcrumb',
  1 => 'site',
  2 => 'config',
  3 => 'auth',
  4 => 'admin',
) ]
[ info ] [ BEHAVIOR ] Run app\admin\behavior\AdminLog @app_end [ RunTime:0.001221s ]
[ info ] [ LOG ] INIT File
---------------------------------------------------------------
[ 2023-05-19T18:57:40+08:00 ] 192.168.31.37 GET 192.168.31.37:8001/MjkBryoaOv.php/ajax/lang?callback=define&controllername=user.user_balance_log&lang=zh-cn&v=1684493859&v=1684493859
[运行时间：0.082553s] [吞吐率：12.11req/s] [内存消耗：404.60kb] [文件加载：77]
[ info ] [ BEHAVIOR ] Run Closure @app_init [ RunTime:0.000411s ]
[ info ] [ CACHE ] INIT File
[ info ] [ BEHAVIOR ] Run Closure @app_init [ RunTime:0.004826s ]
[ info ] [ BEHAVIOR ] Run app\common\behavior\Common @app_init [ RunTime:0.001299s ]
[ info ] [ LANG ] D:\work\WAR_investment\code\thinkphp\lang\zh-cn.php
[ info ] [ BEHAVIOR ] Run app\common\behavior\Common @app_dispatch [ RunTime:0.000893s ]
[ info ] [ ROUTE ] array (
  'type' => 'module',
  'module' => 
  array (
    0 => 'admin',
    1 => 'ajax',
    2 => 'lang',
  ),
)
[ info ] [ HEADER ] array (
  'host' => '192.168.31.37:8001',
  'connection' => 'keep-alive',
  'user-agent' => 'Mozilla/5.0 (Windows NT 10.0; Win64; x64) AppleWebKit/537.36 (KHTML, like Gecko) Chrome/113.0.0.0 Safari/537.36',
  'accept' => '*/*',
  'accept-encoding' => 'gzip, deflate',
  'accept-language' => 'zh-CN,zh;q=0.9',
  'cookie' => 'PHPSESSID=1etqa8c4pijrl62f8k6inth7mf; think_var=zh-cn',
)
[ info ] [ PARAM ] array (
  'callback' => 'define',
  'controllername' => 'user.user_balance_log',
  'lang' => 'zh-cn',
  'v' => '1684493859',
)
[ info ] [ LANG ] D:\work\WAR_investment\code\public/../application/admin\lang\zh-cn.php
[ info ] [ BEHAVIOR ] Run app\common\behavior\Common @module_init [ RunTime:0.004591s ]
[ info ] [ SESSION ] INIT array (
  'id' => '',
  'var_session_id' => '',
  'prefix' => 'think',
  'type' => '',
  'auto_start' => true,
)
[ info ] [ BEHAVIOR ] Run \addons\summernote\Summernote @config_init [ RunTime:0.002204s ]
[ info ] [ LANG ] D:\work\WAR_investment\code\public/../application/admin/lang/zh-cn/ajax.php
[ info ] [ RUN ] app\admin\controller\Ajax->lang[ D:\work\WAR_investment\code\application\admin\controller\Ajax.php ]
[ info ] [ BEHAVIOR ] Run app\admin\behavior\AdminLog @app_end [ RunTime:0.001097s ]
[ info ] [ LOG ] INIT File
---------------------------------------------------------------
[ 2023-05-19T18:57:40+08:00 ] 192.168.31.37 GET 192.168.31.37:8001/MjkBryoaOv.php/user/user_balance_log/index?sort=id&order=desc&offset=0&limit=10&filter=%7B%7D&op=%7B%7D&_=1684493860078
[运行时间：0.574969s] [吞吐率：1.74req/s] [内存消耗：897.55kb] [文件加载：90]
[ info ] [ BEHAVIOR ] Run Closure @app_init [ RunTime:0.000410s ]
[ info ] [ CACHE ] INIT File
[ info ] [ BEHAVIOR ] Run Closure @app_init [ RunTime:0.004997s ]
[ info ] [ BEHAVIOR ] Run app\common\behavior\Common @app_init [ RunTime:0.001365s ]
[ info ] [ LANG ] D:\work\WAR_investment\code\thinkphp\lang\zh-cn.php
[ info ] [ BEHAVIOR ] Run app\common\behavior\Common @app_dispatch [ RunTime:0.000923s ]
[ info ] [ ROUTE ] array (
  'type' => 'module',
  'module' => 
  array (
    0 => 'admin',
    1 => 'user.user_balance_log',
    2 => 'index',
  ),
)
[ info ] [ HEADER ] array (
  'host' => '192.168.31.37:8001',
  'connection' => 'keep-alive',
  'accept' => 'application/json, text/javascript, */*; q=0.01',
  'x-requested-with' => 'XMLHttpRequest',
  'user-agent' => 'Mozilla/5.0 (Windows NT 10.0; Win64; x64) AppleWebKit/537.36 (KHTML, like Gecko) Chrome/113.0.0.0 Safari/537.36',
  'content-type' => 'application/json',
  'accept-encoding' => 'gzip, deflate',
  'accept-language' => 'zh-CN,zh;q=0.9',
  'cookie' => 'PHPSESSID=1etqa8c4pijrl62f8k6inth7mf; think_var=zh-cn',
)
[ info ] [ PARAM ] array (
  'sort' => 'id',
  'order' => 'desc',
  'offset' => '0',
  'limit' => '10',
  'filter' => '{}',
  'op' => '{}',
  '_' => '1684493860078',
)
[ info ] [ LANG ] D:\work\WAR_investment\code\public/../application/admin\lang\zh-cn.php
[ info ] [ BEHAVIOR ] Run app\common\behavior\Common @module_init [ RunTime:0.003592s ]
[ info ] [ SESSION ] INIT array (
  'id' => '',
  'var_session_id' => '',
  'prefix' => 'think',
  'type' => '',
  'auto_start' => true,
)
[ info ] [ DB ] INIT mysql
[ info ] [ BEHAVIOR ] Run \addons\summernote\Summernote @config_init [ RunTime:0.002757s ]
[ info ] [ RUN ] app\admin\controller\user\UserBalanceLog->index[ D:\work\WAR_investment\code\application\admin\controller\user\UserBalanceLog.php ]
[ info ] [ BEHAVIOR ] Run app\admin\behavior\AdminLog @app_end [ RunTime:0.001119s ]
[ info ] [ LOG ] INIT File
---------------------------------------------------------------
[ 2023-05-19T18:58:33+08:00 ] 192.168.31.37 GET 192.168.31.37:8001/MjkBryoaOv.php/project_config/web_version?addtabs=1
[运行时间：0.145536s] [吞吐率：6.87req/s] [内存消耗：699.39kb] [文件加载：83]
[ info ] [ BEHAVIOR ] Run Closure @app_init [ RunTime:0.000430s ]
[ info ] [ CACHE ] INIT File
[ info ] [ BEHAVIOR ] Run Closure @app_init [ RunTime:0.005626s ]
[ info ] [ BEHAVIOR ] Run app\common\behavior\Common @app_init [ RunTime:0.001644s ]
[ info ] [ LANG ] D:\work\WAR_investment\code\thinkphp\lang\zh-cn.php
[ info ] [ BEHAVIOR ] Run app\common\behavior\Common @app_dispatch [ RunTime:0.000923s ]
[ info ] [ ROUTE ] array (
  'type' => 'module',
  'module' => 
  array (
    0 => 'admin',
    1 => 'project_config.web_version',
    2 => NULL,
  ),
)
[ info ] [ HEADER ] array (
  'host' => '192.168.31.37:8001',
  'connection' => 'keep-alive',
  'upgrade-insecure-requests' => '1',
  'user-agent' => 'Mozilla/5.0 (Windows NT 10.0; Win64; x64) AppleWebKit/537.36 (KHTML, like Gecko) Chrome/113.0.0.0 Safari/537.36',
  'accept' => 'text/html,application/xhtml+xml,application/xml;q=0.9,image/avif,image/webp,image/apng,*/*;q=0.8,application/signed-exchange;v=b3;q=0.7',
  'accept-encoding' => 'gzip, deflate',
  'accept-language' => 'zh-CN,zh;q=0.9',
  'cookie' => 'PHPSESSID=1etqa8c4pijrl62f8k6inth7mf; think_var=zh-cn',
)
[ info ] [ PARAM ] array (
  'addtabs' => '1',
)
[ info ] [ LANG ] D:\work\WAR_investment\code\public/../application/admin\lang\zh-cn.php
[ info ] [ BEHAVIOR ] Run app\common\behavior\Common @module_init [ RunTime:0.003619s ]
[ info ] [ SESSION ] INIT array (
  'id' => '',
  'var_session_id' => '',
  'prefix' => 'think',
  'type' => '',
  'auto_start' => true,
)
[ info ] [ DB ] INIT mysql
[ info ] [ BEHAVIOR ] Run \addons\summernote\Summernote @config_init [ RunTime:0.002319s ]
[ info ] [ RUN ] app\admin\controller\project_config\WebVersion->index[ D:\work\WAR_investment\code\application\admin\controller\project_config\WebVersion.php ]
[ info ] [ VIEW ] D:\work\WAR_investment\code\public/../application/admin\view\project_config\web_version\index.html [ array (
  0 => 'breadcrumb',
  1 => 'site',
  2 => 'config',
  3 => 'auth',
  4 => 'admin',
) ]
[ info ] [ BEHAVIOR ] Run app\admin\behavior\AdminLog @app_end [ RunTime:0.001253s ]
[ info ] [ LOG ] INIT File
---------------------------------------------------------------
[ 2023-05-19T18:58:33+08:00 ] 192.168.31.37 GET 192.168.31.37:8001/MjkBryoaOv.php/ajax/lang?callback=define&controllername=project_config.web_version&lang=zh-cn&v=1684493913&v=1684493913
[运行时间：0.086308s] [吞吐率：11.59req/s] [内存消耗：404.60kb] [文件加载：77]
[ info ] [ BEHAVIOR ] Run Closure @app_init [ RunTime:0.000426s ]
[ info ] [ CACHE ] INIT File
[ info ] [ BEHAVIOR ] Run Closure @app_init [ RunTime:0.005613s ]
[ info ] [ BEHAVIOR ] Run app\common\behavior\Common @app_init [ RunTime:0.001584s ]
[ info ] [ LANG ] D:\work\WAR_investment\code\thinkphp\lang\zh-cn.php
[ info ] [ BEHAVIOR ] Run app\common\behavior\Common @app_dispatch [ RunTime:0.000837s ]
[ info ] [ ROUTE ] array (
  'type' => 'module',
  'module' => 
  array (
    0 => 'admin',
    1 => 'ajax',
    2 => 'lang',
  ),
)
[ info ] [ HEADER ] array (
  'host' => '192.168.31.37:8001',
  'connection' => 'keep-alive',
  'user-agent' => 'Mozilla/5.0 (Windows NT 10.0; Win64; x64) AppleWebKit/537.36 (KHTML, like Gecko) Chrome/113.0.0.0 Safari/537.36',
  'accept' => '*/*',
  'accept-encoding' => 'gzip, deflate',
  'accept-language' => 'zh-CN,zh;q=0.9',
  'cookie' => 'PHPSESSID=1etqa8c4pijrl62f8k6inth7mf; think_var=zh-cn',
)
[ info ] [ PARAM ] array (
  'callback' => 'define',
  'controllername' => 'project_config.web_version',
  'lang' => 'zh-cn',
  'v' => '1684493913',
)
[ info ] [ LANG ] D:\work\WAR_investment\code\public/../application/admin\lang\zh-cn.php
[ info ] [ BEHAVIOR ] Run app\common\behavior\Common @module_init [ RunTime:0.004707s ]
[ info ] [ SESSION ] INIT array (
  'id' => '',
  'var_session_id' => '',
  'prefix' => 'think',
  'type' => '',
  'auto_start' => true,
)
[ info ] [ BEHAVIOR ] Run \addons\summernote\Summernote @config_init [ RunTime:0.002206s ]
[ info ] [ LANG ] D:\work\WAR_investment\code\public/../application/admin/lang/zh-cn/ajax.php
[ info ] [ RUN ] app\admin\controller\Ajax->lang[ D:\work\WAR_investment\code\application\admin\controller\Ajax.php ]
[ info ] [ BEHAVIOR ] Run app\admin\behavior\AdminLog @app_end [ RunTime:0.001242s ]
[ info ] [ LOG ] INIT File
---------------------------------------------------------------
[ 2023-05-19T18:58:34+08:00 ] 192.168.31.37 GET 192.168.31.37:8001/MjkBryoaOv.php/project_config/web_version/index?sort=id&order=desc&offset=0&limit=20&filter=%7B%7D&op=%7B%7D&_=1684493913870
[运行时间：0.168537s] [吞吐率：5.93req/s] [内存消耗：698.28kb] [文件加载：86]
[ info ] [ BEHAVIOR ] Run Closure @app_init [ RunTime:0.000410s ]
[ info ] [ CACHE ] INIT File
[ info ] [ BEHAVIOR ] Run Closure @app_init [ RunTime:0.004809s ]
[ info ] [ BEHAVIOR ] Run app\common\behavior\Common @app_init [ RunTime:0.001286s ]
[ info ] [ LANG ] D:\work\WAR_investment\code\thinkphp\lang\zh-cn.php
[ info ] [ BEHAVIOR ] Run app\common\behavior\Common @app_dispatch [ RunTime:0.000825s ]
[ info ] [ ROUTE ] array (
  'type' => 'module',
  'module' => 
  array (
    0 => 'admin',
    1 => 'project_config.web_version',
    2 => 'index',
  ),
)
[ info ] [ HEADER ] array (
  'host' => '192.168.31.37:8001',
  'connection' => 'keep-alive',
  'accept' => 'application/json, text/javascript, */*; q=0.01',
  'x-requested-with' => 'XMLHttpRequest',
  'user-agent' => 'Mozilla/5.0 (Windows NT 10.0; Win64; x64) AppleWebKit/537.36 (KHTML, like Gecko) Chrome/113.0.0.0 Safari/537.36',
  'content-type' => 'application/json',
  'accept-encoding' => 'gzip, deflate',
  'accept-language' => 'zh-CN,zh;q=0.9',
  'cookie' => 'PHPSESSID=1etqa8c4pijrl62f8k6inth7mf; think_var=zh-cn',
)
[ info ] [ PARAM ] array (
  'sort' => 'id',
  'order' => 'desc',
  'offset' => '0',
  'limit' => '20',
  'filter' => '{}',
  'op' => '{}',
  '_' => '1684493913870',
)
[ info ] [ LANG ] D:\work\WAR_investment\code\public/../application/admin\lang\zh-cn.php
[ info ] [ BEHAVIOR ] Run app\common\behavior\Common @module_init [ RunTime:0.003327s ]
[ info ] [ SESSION ] INIT array (
  'id' => '',
  'var_session_id' => '',
  'prefix' => 'think',
  'type' => '',
  'auto_start' => true,
)
[ info ] [ DB ] INIT mysql
[ info ] [ BEHAVIOR ] Run \addons\summernote\Summernote @config_init [ RunTime:0.002141s ]
[ info ] [ RUN ] app\admin\controller\project_config\WebVersion->index[ D:\work\WAR_investment\code\application\admin\controller\project_config\WebVersion.php ]
[ info ] [ BEHAVIOR ] Run app\admin\behavior\AdminLog @app_end [ RunTime:0.001097s ]
[ info ] [ LOG ] INIT File
